<?xml version="1.0" encoding="utf-8"?>
<TestRun id="16ca8387-02ab-4440-888d-b328c4e3023f" name="alexi@CAISSA 2026-08-07 05:16:13" runUser="CAISSA\alexi" xmlns="http://microsoft.com/schemas/VisualStudio/TeamTest/2010">
  <Times creation="2026-08-07T05:16:13.0694634-06:00" queuing="2026-08-07T05:16:13.0694641-06:00" start="2026-08-07T05:16:07.7946547-06:00" finish="2026-08-07T05:16:24.0132276-06:00" />
  <TestSettings name="default" id="fd32f3a5-baf4-4d5c-9ca8-6be65dbfd23d">
    <Deployment runDeploymentRoot="alexi_CAISSA_2026-08-07_05_16_13" />
  </TestSettings>
  <Results>
    <UnitTestResult executionId="5f700922-bb63-40d0-bcfe-6af61c4d2a04" testId="68880f52-1032-57e0-6af5-c656e3f1cfc9" testName="Test1BioGuard.UnitTest.UsuariosWebServiceTests.GetPlanAsync_UsuarioConPlan_RetornaPlan" computerName="CAISSA" duration="00:00:00.0083486" startTime="2026-08-07T05:16:18.6610256-06:00" endTime="2026-08-07T05:16:18.6691066-06:00" testType="13cdc9d9-ddb5-4fa4-a97d-d965ccfc6d4b" outcome="Passed" testListId="8c84fa94-04c1-424b-9868-57a2d4851a1d" relativeResultsDirectory="5f700922-bb63-40d0-bcfe-6af61c4d2a04" />
    <UnitTestResult executionId="da103816-0945-45b9-98eb-1c2964452207" testId="b22faf1f-6bc8-6e6f-f7d9-f6400a14f1c9" testName="Test1BioGuard.IntegrationTests.FlujosCompletosTests.Flujo1_RegistroCompleto_Exitoso" computerName="CAISSA" duration="00:00:01.0259706" startTime="2026-08-07T05:16:19.2249805-06:00" endTime="2026-08-07T05:16:20.2801832-06:00" testType="13cdc9d9-ddb5-4fa4-a97d-d965ccfc6d4b" outcome="Passed" testListId="8c84fa94-04c1-424b-9868-57a2d4851a1d" relativeResultsDirectory="da103816-0945-45b9-98eb-1c2964452207" />
    <UnitTestResult executionId="25b5baaa-4ccc-4aaa-aafb-3a2bc36cca6b" testId="19a49f80-fbdf-db97-9989-f6fe20113ff8" testName="Test1BioGuard.UnitTest.SensorServiceTests.InsertarLecturaAsync_DatosValidos_RetornaLectura" computerName="CAISSA" duration="00:00:00.0691008" startTime="2026-08-07T05:16:19.3552467-06:00" endTime="2026-08-07T05:16:19.4239963-06:00" testType="13cdc9d9-ddb5-4fa4-a97d-d965ccfc6d4b" outcome="Passed" testListId="8c84fa94-04c1-424b-9868-57a2d4851a1d" relativeResultsDirectory="25b5baaa-4ccc-4aaa-aafb-3a2bc36cca6b" />
    <UnitTestResult executionId="7511bb93-a0d2-4080-95aa-9e4851fcf26a" testId="281903b6-dddf-8dd5-15c6-4dcb47a5fbb2" testName="Test1BioGuard.NonFunctionalTests.ErrorMessagesTests.SecurityHeaders_TodasLasRespuestas_LasIncluye" computerName="CAISSA" duration="00:00:00.0760707" startTime="2026-08-07T05:16:20.8492325-06:00" endTime="2026-08-07T05:16:20.9394808-06:00" testType="13cdc9d9-ddb5-4fa4-a97d-d965ccfc6d4b" outcome="Passed" testListId="8c84fa94-04c1-424b-9868-57a2d4851a1d" relativeResultsDirectory="7511bb93-a0d2-4080-95aa-9e4851fcf26a" />
    <UnitTestResult executionId="8b956741-c889-4402-9250-08c17ef8a944" testId="4fe96491-d296-e6fc-05cd-8338b63fee72" testName="Test1BioGuard.SecurityTests.RefreshTokenTests.GenerateRefreshToken_CadaLlamadaEsUnica" computerName="CAISSA" duration="00:00:00.0010889" startTime="2026-08-07T05:16:12.5800970-06:00" endTime="2026-08-07T05:16:12.5802426-06:00" testType="13cdc9d9-ddb5-4fa4-a97d-d965ccfc6d4b" outcome="Passed" testListId="8c84fa94-04c1-424b-9868-57a2d4851a1d" relativeResultsDirectory="8b956741-c889-4402-9250-08c17ef8a944" />
    <UnitTestResult executionId="f72dae6d-cc3d-4a21-bcd1-a5e24a8bc7c4" testId="c5dc59db-9339-4deb-3443-07cf78af2619" testName="Test1BioGuard.SecurityTests.AuthorizationSecurityTests.AuthZ_Alertas_CuidadorNoPuedeEliminar_Retorna403" computerName="CAISSA" duration="00:00:00.0113857" startTime="2026-08-07T05:16:22.6403019-06:00" endTime="2026-08-07T05:16:22.6543515-06:00" testType="13cdc9d9-ddb5-4fa4-a97d-d965ccfc6d4b" outcome="Passed" testListId="8c84fa94-04c1-424b-9868-57a2d4851a1d" relativeResultsDirectory="f72dae6d-cc3d-4a21-bcd1-a5e24a8bc7c4" />
    <UnitTestResult executionId="280b7a70-e738-4896-a137-d6251c242ddb" testId="5fe44c8f-5c9d-22ed-d6b7-b468994ea37a" testName="Test1BioGuard.IntegrationTests.SensoresIntegrationTests.ObtenerLecturas_PacienteConLecturas_Retorna200" computerName="CAISSA" duration="00:00:00.0460602" startTime="2026-08-07T05:16:22.3488792-06:00" endTime="2026-08-07T05:16:22.3954360-06:00" testType="13cdc9d9-ddb5-4fa4-a97d-d965ccfc6d4b" outcome="Passed" testListId="8c84fa94-04c1-424b-9868-57a2d4851a1d" relativeResultsDirectory="280b7a70-e738-4896-a137-d6251c242ddb" />
    <UnitTestResult executionId="038ceeb5-46ea-47a8-b084-e2b2f361e821" testId="a3f78369-5a2a-f33a-b274-5fc374945896" testName="Test1BioGuard.IntegrationTests.FlujosCompletosTests.Flujo4_MLPipeline_Exitosa" computerName="CAISSA" duration="00:00:00.8293010" startTime="2026-08-07T05:16:18.3709415-06:00" endTime="2026-08-07T05:16:19.2243970-06:00" testType="13cdc9d9-ddb5-4fa4-a97d-d965ccfc6d4b" outcome="Passed" testListId="8c84fa94-04c1-424b-9868-57a2d4851a1d" relativeResultsDirectory="038ceeb5-46ea-47a8-b084-e2b2f361e821" />
    <UnitTestResult executionId="078860b3-0cda-4f0e-9ad7-4ff9d8a2dbed" testId="53d1b8bd-ab9a-db91-7ef8-2652e80c5e2c" testName="Test1BioGuard.IntegrationTests.SensoresIntegrationTests.ExportarPDF_ConLecturas_Retorna200" computerName="CAISSA" duration="00:00:01.1742271" startTime="2026-08-07T05:16:22.5997947-06:00" endTime="2026-08-07T05:16:23.7744371-06:00" testType="13cdc9d9-ddb5-4fa4-a97d-d965ccfc6d4b" outcome="Passed" testListId="8c84fa94-04c1-424b-9868-57a2d4851a1d" relativeResultsDirectory="078860b3-0cda-4f0e-9ad7-4ff9d8a2dbed" />
    <UnitTestResult executionId="fc6e1dec-7fb2-4e46-8e3f-b75e2faf48aa" testId="69ef6ed2-702c-299a-8e76-0bce7034c556" testName="Test1BioGuard.NonFunctionalTests.IaCTests.AppStagingYaml_TieneAspnetEnvironmentStaging" computerName="CAISSA" duration="00:00:00.0013334" startTime="2026-08-07T05:16:13.1244386-06:00" endTime="2026-08-07T05:16:13.1262852-06:00" testType="13cdc9d9-ddb5-4fa4-a97d-d965ccfc6d4b" outcome="Passed" testListId="8c84fa94-04c1-424b-9868-57a2d4851a1d" relativeResultsDirectory="fc6e1dec-7fb2-4e46-8e3f-b75e2faf48aa" />
    <UnitTestResult executionId="32702003-4011-4d06-a640-15644c3ecc32" testId="cca5f92f-f869-8751-69b4-66e1f6d58861" testName="Test1BioGuard.IntegrationTests.SensoresIntegrationTests.ResumenEventos_SinToken_Retorna401" computerName="CAISSA" duration="00:00:00.0244982" startTime="2026-08-07T05:16:21.3010722-06:00" endTime="2026-08-07T05:16:21.3338154-06:00" testType="13cdc9d9-ddb5-4fa4-a97d-d965ccfc6d4b" outcome="Passed" testListId="8c84fa94-04c1-424b-9868-57a2d4851a1d" relativeResultsDirectory="32702003-4011-4d06-a640-15644c3ecc32" />
    <UnitTestResult executionId="fac722b9-5444-4abf-b72d-eb01c66e8dc9" testId="e3ab2a57-2277-30ca-f48d-abd633dd3303" testName="Test1BioGuard.SecurityTests.IDORSecurityTests.Alertas_ObtenerPendientes_OtroUsuario_Retorna403" computerName="CAISSA" duration="00:00:00.1094564" startTime="2026-08-07T05:16:17.6652538-06:00" endTime="2026-08-07T05:16:17.7889963-06:00" testType="13cdc9d9-ddb5-4fa4-a97d-d965ccfc6d4b" outcome="Passed" testListId="8c84fa94-04c1-424b-9868-57a2d4851a1d" relativeResultsDirectory="fac722b9-5444-4abf-b72d-eb01c66e8dc9" />
    <UnitTestResult executionId="86a4a2f6-ef33-4944-a643-7116d5bf74e8" testId="8fc4a767-d396-c107-e9c1-6206fb753ff5" testName="Test1BioGuard.UnitTest.CuidadorServiceTests.ContarPorPacienteAsync_ConCuidadores_RetornaCantidad" computerName="CAISSA" duration="00:00:00.0135566" startTime="2026-08-07T05:16:13.0367352-06:00" endTime="2026-08-07T05:16:13.0490006-06:00" testType="13cdc9d9-ddb5-4fa4-a97d-d965ccfc6d4b" outcome="Passed" testListId="8c84fa94-04c1-424b-9868-57a2d4851a1d" relativeResultsDirectory="86a4a2f6-ef33-4944-a643-7116d5bf74e8" />
    <UnitTestResult executionId="eb96ec10-7be9-4d74-a63c-ce04093351d8" testId="54b3cf90-6b43-df6f-b5a0-96496e8efe08" testName="Test1BioGuard.SecurityTests.AuthorizationSecurityTests.IDOR_Alertas_PacienteANoPuedeVerPendientesPacienteB_Retorna403" computerName="CAISSA" duration="00:00:00.0366495" startTime="2026-08-07T05:16:22.2065530-06:00" endTime="2026-08-07T05:16:22.2438143-06:00" testType="13cdc9d9-ddb5-4fa4-a97d-d965ccfc6d4b" outcome="Passed" testListId="8c84fa94-04c1-424b-9868-57a2d4851a1d" relativeResultsDirectory="eb96ec10-7be9-4d74-a63c-ce04093351d8" />
    <UnitTestResult executionId="094bbe27-6002-4c6d-96b7-6cdd60b014bf" testId="c2149e8e-9bf1-4179-9c35-c5a132a40675" testName="Test1BioGuard.UnitTest.CuidadorServiceTests.ObtenerPorIdAsync_CuidadorNoExiste_RetornaNull" computerName="CAISSA" duration="00:00:00.0041751" startTime="2026-08-07T05:16:13.0787431-06:00" endTime="2026-08-07T05:16:13.0826777-06:00" testType="13cdc9d9-ddb5-4fa4-a97d-d965ccfc6d4b" outcome="Passed" testListId="8c84fa94-04c1-424b-9868-57a2d4851a1d" relativeResultsDirectory="094bbe27-6002-4c6d-96b7-6cdd60b014bf" />
    <UnitTestResult executionId="5c52f798-ad14-4e16-811c-d9ebd22bdb7f" testId="23104118-ba60-2aee-5c6f-9e4ac42e9ff6" testName="Test1BioGuard.UnitTest.SensorServiceTests.InsertarTrackingAsync_Emergencia_GuardaCorrectamente" computerName="CAISSA" duration="00:00:00.0108508" startTime="2026-08-07T05:16:19.5644387-06:00" endTime="2026-08-07T05:16:19.5751040-06:00" testType="13cdc9d9-ddb5-4fa4-a97d-d965ccfc6d4b" outcome="Passed" testListId="8c84fa94-04c1-424b-9868-57a2d4851a1d" relativeResultsDirectory="5c52f798-ad14-4e16-811c-d9ebd22bdb7f" />
    <UnitTestResult executionId="6594d708-763f-490f-97cd-3ec3bb7ad44f" testId="a18148e1-a1ac-12b9-ff47-016921cdbe8c" testName="Test1BioGuard.IntegrationTests.MLIntegrationTests.ObtenerPredicciones_SinToken_Retorna401" computerName="CAISSA" duration="00:00:00.0535385" startTime="2026-08-07T05:16:17.6525564-06:00" endTime="2026-08-07T05:16:17.7068020-06:00" testType="13cdc9d9-ddb5-4fa4-a97d-d965ccfc6d4b" outcome="Passed" testListId="8c84fa94-04c1-424b-9868-57a2d4851a1d" relativeResultsDirectory="6594d708-763f-490f-97cd-3ec3bb7ad44f" />
    <UnitTestResult executionId="2918a694-abb4-4484-917a-a0f5211b4eb1" testId="1e501216-b1a0-9ca9-747f-a9561eca6861" testName="Test1BioGuard.SecurityTests.IDORSecurityTests.Medicamentos_Crear_OtroPaciente_Retorna403" computerName="CAISSA" duration="00:00:00.1595910" startTime="2026-08-07T05:16:20.1201097-06:00" endTime="2026-08-07T05:16:20.3655062-06:00" testType="13cdc9d9-ddb5-4fa4-a97d-d965ccfc6d4b" outcome="Passed" testListId="8c84fa94-04c1-424b-9868-57a2d4851a1d" relativeResultsDirectory="2918a694-abb4-4484-917a-a0f5211b4eb1" />
    <UnitTestResult executionId="409b9b18-3965-4e93-970d-8cef4284dd94" testId="662bb4ad-74f1-2b1a-a94a-ba43f13d92f8" testName="Test1BioGuard.SecurityTests.AuthorizationSecurityTests.NivelAcceso_CuidadorHistoricoCompletoPuedeCompartirReporte_Retorna200" computerName="CAISSA" duration="00:00:00.0200662" startTime="2026-08-07T05:16:22.2787101-06:00" endTime="2026-08-07T05:16:22.2978862-06:00" testType="13cdc9d9-ddb5-4fa4-a97d-d965ccfc6d4b" outcome="Passed" testListId="8c84fa94-04c1-424b-9868-57a2d4851a1d" relativeResultsDirectory="409b9b18-3965-4e93-970d-8cef4284dd94" />
    <UnitTestResult executionId="487b5ab2-615e-4a72-9256-1ed022c8e86c" testId="9a3500a5-5bc2-c89b-1a3a-4f1ebe554c4a" testName="Test1BioGuard.NonFunctionalTests.ChaosTests.MongoDbTimeout_LoginWeb_Retorna503" computerName="CAISSA" duration="00:00:00.2039732" startTime="2026-08-07T05:16:16.6593642-06:00" endTime="2026-08-07T05:16:16.8928423-06:00" testType="13cdc9d9-ddb5-4fa4-a97d-d965ccfc6d4b" outcome="Passed" testListId="8c84fa94-04c1-424b-9868-57a2d4851a1d" relativeResultsDirectory="487b5ab2-615e-4a72-9256-1ed022c8e86c" />
    <UnitTestResult executionId="f4010ee1-234b-4b69-80e7-8af6bc0a22c4" testId="b1fe799f-7c14-aa77-b76b-bee33d10f9ce" testName="Test1BioGuard.UnitTest.AuthServiceTests.LoginByCodigoAsync_CodigoPaciente_RetornaAuthResponse" computerName="CAISSA" duration="00:00:00.0066816" startTime="2026-08-07T05:16:20.6488036-06:00" endTime="2026-08-07T05:16:20.6552774-06:00" testType="13cdc9d9-ddb5-4fa4-a97d-d965ccfc6d4b" outcome="Passed" testListId="8c84fa94-04c1-424b-9868-57a2d4851a1d" relativeResultsDirectory="f4010ee1-234b-4b69-80e7-8af6bc0a22c4" />
    <UnitTestResult executionId="6432669f-a275-43dc-8add-c783d64c15c2" testId="8cdc22af-77fc-67b1-7dad-4f265fa34d58" testName="Test1BioGuard.SecurityTests.InputValidationTests.CrearMedicamento_DosisVacia_Retorna400" computerName="CAISSA" duration="00:00:00.0631710" startTime="2026-08-07T05:16:20.9466269-06:00" endTime="2026-08-07T05:16:21.0356119-06:00" testType="13cdc9d9-ddb5-4fa4-a97d-d965ccfc6d4b" outcome="Passed" testListId="8c84fa94-04c1-424b-9868-57a2d4851a1d" relativeResultsDirectory="6432669f-a275-43dc-8add-c783d64c15c2" />
    <UnitTestResult executionId="8bb1f77a-dae7-4a34-bbe1-99753cc1cd4e" testId="d477de19-d0cd-39a0-4120-e88f112d566c" testName="Test1BioGuard.IntegrationTests.MLIntegrationTests.Diagnosticar_SinToken_Retorna401" computerName="CAISSA" duration="00:00:00.1490550" startTime="2026-08-07T05:16:16.8525348-06:00" endTime="2026-08-07T05:16:17.0139065-06:00" testType="13cdc9d9-ddb5-4fa4-a97d-d965ccfc6d4b" outcome="Passed" testListId="8c84fa94-04c1-424b-9868-57a2d4851a1d" relativeResultsDirectory="8bb1f77a-dae7-4a34-bbe1-99753cc1cd4e" />
    <UnitTestResult executionId="b237575f-8c9f-4202-bc44-748a7e633426" testId="e9595649-8e73-364f-b7fc-804e0e1ba38e" testName="Test1BioGuard.IntegrationTests.NotificacionesIntegrationTests.Eliminar_SinToken_Retorna401" computerName="CAISSA" duration="00:00:00.0990236" startTime="2026-08-07T05:16:16.7922171-06:00" endTime="2026-08-07T05:16:16.9371542-06:00" testType="13cdc9d9-ddb5-4fa4-a97d-d965ccfc6d4b" outcome="Passed" testListId="8c84fa94-04c1-424b-9868-57a2d4851a1d" relativeResultsDirectory="b237575f-8c9f-4202-bc44-748a7e633426" />
    <UnitTestResult executionId="8c4f5ed8-4799-4bc8-86eb-f128e059ad7b" testId="6ca8d089-ee05-e2ba-78b3-625d5fee79bf" testName="Test1BioGuard.UnitTest.AuthServiceTests.LoginByCodigoAsync_CodigoInvalido_RetornaNull" computerName="CAISSA" duration="00:00:00.0070197" startTime="2026-08-07T05:16:18.6024029-06:00" endTime="2026-08-07T05:16:18.6081901-06:00" testType="13cdc9d9-ddb5-4fa4-a97d-d965ccfc6d4b" outcome="Passed" testListId="8c84fa94-04c1-424b-9868-57a2d4851a1d" relativeResultsDirectory="8c4f5ed8-4799-4bc8-86eb-f128e059ad7b" />
    <UnitTestResult executionId="1c2f925a-e0a4-4377-a69b-01c7b108a480" testId="6cf62b09-160e-725e-aa32-a1a7f7c9b280" testName="Test1BioGuard.UnitTest.AuditoriaServiceTests.RegistrarAsync_DatosValidos_Registra" computerName="CAISSA" duration="00:00:00.0067147" startTime="2026-08-07T05:16:17.7636357-06:00" endTime="2026-08-07T05:16:17.7699432-06:00" testType="13cdc9d9-ddb5-4fa4-a97d-d965ccfc6d4b" outcome="Passed" testListId="8c84fa94-04c1-424b-9868-57a2d4851a1d" relativeResultsDirectory="1c2f925a-e0a4-4377-a69b-01c7b108a480" />
    <UnitTestResult executionId="426a640e-4edc-4e30-b638-daea2703ee8a" testId="6d208795-97bc-2a15-31d3-6a8f2f939b13" testName="Test1BioGuard.IntegrationTests.PagosIntegrationTests.Historial_ConPagos_Retorna200" computerName="CAISSA" duration="00:00:00.1039668" startTime="2026-08-07T05:16:19.3383443-06:00" endTime="2026-08-07T05:16:19.4553477-06:00" testType="13cdc9d9-ddb5-4fa4-a97d-d965ccfc6d4b" outcome="Passed" testListId="8c84fa94-04c1-424b-9868-57a2d4851a1d" relativeResultsDirectory="426a640e-4edc-4e30-b638-daea2703ee8a" />
    <UnitTestResult executionId="e97bfee7-6e2b-4796-87ba-e9961140fdd9" testId="5a658db0-b394-0243-8283-d8fff76e3370" testName="Test1BioGuard.UnitTest.PacienteServiceTests.GetAllByUsuarioAsync_ConPacientes_RetornaLista" computerName="CAISSA" duration="00:00:00.0208143" startTime="2026-08-07T05:16:19.7693621-06:00" endTime="2026-08-07T05:16:19.7889635-06:00" testType="13cdc9d9-ddb5-4fa4-a97d-d965ccfc6d4b" outcome="Passed" testListId="8c84fa94-04c1-424b-9868-57a2d4851a1d" relativeResultsDirectory="e97bfee7-6e2b-4796-87ba-e9961140fdd9" />
    <UnitTestResult executionId="a00936df-8f08-40a7-9ab1-99d320773076" testId="870cbd73-a2ba-f72b-9820-5cba2c717144" testName="Test1BioGuard.IntegrationTests.ReportesIntegrationTests.HistorialAlertas_SinToken_Retorna401" computerName="CAISSA" duration="00:00:00.4157309" startTime="2026-08-07T05:16:16.2383752-06:00" endTime="2026-08-07T05:16:16.6548412-06:00" testType="13cdc9d9-ddb5-4fa4-a97d-d965ccfc6d4b" outcome="Passed" testListId="8c84fa94-04c1-424b-9868-57a2d4851a1d" relativeResultsDirectory="a00936df-8f08-40a7-9ab1-99d320773076" />
    <UnitTestResult executionId="54cc78c4-6c98-4038-8597-99805917bdd8" testId="6e92f501-677d-c7e3-6028-732dad3fa173" testName="Test1BioGuard.SecurityTests.IDORSecurityTests.Pacientes_MiPaciente_SinPaciente_Retorna404" computerName="CAISSA" duration="00:00:00.1013810" startTime="2026-08-07T05:16:20.5867646-06:00" endTime="2026-08-07T05:16:20.6910196-06:00" testType="13cdc9d9-ddb5-4fa4-a97d-d965ccfc6d4b" outcome="Passed" testListId="8c84fa94-04c1-424b-9868-57a2d4851a1d" relativeResultsDirectory="54cc78c4-6c98-4038-8597-99805917bdd8" />
    <UnitTestResult executionId="04de49ff-4c46-4ea1-9898-93597d4b6004" testId="d7ac5a24-77a7-cadb-4765-f551a5ed19b7" testName="Test1BioGuard.IntegrationTests.SensoresIntegrationTests.RecibirLectura_LecturaValida_Retorna200" computerName="CAISSA" duration="00:00:00.0646805" startTime="2026-08-07T05:16:22.0881014-06:00" endTime="2026-08-07T05:16:22.1537964-06:00" testType="13cdc9d9-ddb5-4fa4-a97d-d965ccfc6d4b" outcome="Passed" testListId="8c84fa94-04c1-424b-9868-57a2d4851a1d" relativeResultsDirectory="04de49ff-4c46-4ea1-9898-93597d4b6004" />
    <UnitTestResult executionId="aa8b033f-a366-4393-996c-20888e0b5b7f" testId="c05983c4-5a98-92a3-066e-2a64e7c809a3" testName="Test1BioGuard.IntegrationTests.SensoresIntegrationTests.InsertarTracking_DatosValidos_Retorna200" computerName="CAISSA" duration="00:00:00.1331052" startTime="2026-08-07T05:16:21.9153816-06:00" endTime="2026-08-07T05:16:22.0875558-06:00" testType="13cdc9d9-ddb5-4fa4-a97d-d965ccfc6d4b" outcome="Passed" testListId="8c84fa94-04c1-424b-9868-57a2d4851a1d" relativeResultsDirectory="aa8b033f-a366-4393-996c-20888e0b5b7f" />
    <UnitTestResult executionId="d18c9667-4607-4eb5-970d-13b6dfdc70e9" testId="751ca19b-ba57-a728-2669-c6999e4b0f6d" testName="Test1BioGuard.IntegrationTests.AdminIntegrationTests.PausarUsuario_UsuarioNoExiste_Retorna404" computerName="CAISSA" duration="00:00:00.1979049" startTime="2026-08-07T05:16:16.5249869-06:00" endTime="2026-08-07T05:16:16.7015173-06:00" testType="13cdc9d9-ddb5-4fa4-a97d-d965ccfc6d4b" outcome="Passed" testListId="8c84fa94-04c1-424b-9868-57a2d4851a1d" relativeResultsDirectory="d18c9667-4607-4eb5-970d-13b6dfdc70e9" />
    <UnitTestResult executionId="ddca2f21-0c7e-4c48-b990-df58f2fb3e71" testId="9fbee698-f07e-ba03-87fe-d1884f155b7f" testName="Test1BioGuard.UnitTest.AlertaServiceTests.ObtenerPorPacienteAsync_ConAlertas_RetornaLista" computerName="CAISSA" duration="00:00:00.0060513" startTime="2026-08-07T05:16:20.6680196-06:00" endTime="2026-08-07T05:16:20.6738340-06:00" testType="13cdc9d9-ddb5-4fa4-a97d-d965ccfc6d4b" outcome="Passed" testListId="8c84fa94-04c1-424b-9868-57a2d4851a1d" relativeResultsDirectory="ddca2f21-0c7e-4c48-b990-df58f2fb3e71" />
    <UnitTestResult executionId="af9c6496-912b-449c-9a01-6f7cb2ab135d" testId="a0c6a434-0d27-fd57-98d4-4bd3b1909c0f" testName="Test1BioGuard.SecurityTests.RefreshTokenTests.GenerateRefreshToken_LongitudConsistente" computerName="CAISSA" duration="00:00:00.0047163" startTime="2026-08-07T05:16:13.1567091-06:00" endTime="2026-08-07T05:16:13.1610377-06:00" testType="13cdc9d9-ddb5-4fa4-a97d-d965ccfc6d4b" outcome="Passed" testListId="8c84fa94-04c1-424b-9868-57a2d4851a1d" relativeResultsDirectory="af9c6496-912b-449c-9a01-6f7cb2ab135d" />
    <UnitTestResult executionId="04d31a8c-1023-45bb-b629-a3e4bcb62191" testId="9a301e23-dbe7-3858-3ca7-6f417af931c5" testName="Test1BioGuard.NonFunctionalTests.ErrorMessagesTests.Sensores_LecturaRango_DesdeMayorQueHasta_Retorna400ConMessage" computerName="CAISSA" duration="00:00:00.1536620" startTime="2026-08-07T05:16:20.6858515-06:00" endTime="2026-08-07T05:16:20.8487774-06:00" testType="13cdc9d9-ddb5-4fa4-a97d-d965ccfc6d4b" outcome="Passed" testListId="8c84fa94-04c1-424b-9868-57a2d4851a1d" relativeResultsDirectory="04d31a8c-1023-45bb-b629-a3e4bcb62191" />
    <UnitTestResult executionId="c8b948a1-8193-434c-82ab-43151cc3e04b" testId="77a4cbc3-5f9d-6344-e250-cba5b6058de4" testName="Test1BioGuard.IntegrationTests.AdminIntegrationTests.GetUsuarios_SinToken_Retorna401" computerName="CAISSA" duration="00:00:00.1280310" startTime="2026-08-07T05:16:16.8895492-06:00" endTime="2026-08-07T05:16:17.0650989-06:00" testType="13cdc9d9-ddb5-4fa4-a97d-d965ccfc6d4b" outcome="Passed" testListId="8c84fa94-04c1-424b-9868-57a2d4851a1d" relativeResultsDirectory="c8b948a1-8193-434c-82ab-43151cc3e04b" />
    <UnitTestResult executionId="a8789e5d-0161-4c7a-bade-0569dbffd8bc" testId="f5f9e0ba-f289-9695-e67b-ff82b2e0ae93" testName="Test1BioGuard.IntegrationTests.PacientesIntegrationTests.Editar_SinToken_Retorna401" computerName="CAISSA" duration="00:00:00.0351013" startTime="2026-08-07T05:16:19.6880920-06:00" endTime="2026-08-07T05:16:19.7339699-06:00" testType="13cdc9d9-ddb5-4fa4-a97d-d965ccfc6d4b" outcome="Passed" testListId="8c84fa94-04c1-424b-9868-57a2d4851a1d" relativeResultsDirectory="a8789e5d-0161-4c7a-bade-0569dbffd8bc" />
    <UnitTestResult executionId="d82fbe97-33a6-400b-a281-e56dda36c6e6" testId="05a82c3b-67b8-c4de-d18d-a7a69d211810" testName="Test1BioGuard.UnitTest.PacienteServiceTests.UpdateBiometriaAsync_DatosValidos_ActualizaBiometria" computerName="CAISSA" duration="00:00:00.0290919" startTime="2026-08-07T05:16:19.8144940-06:00" endTime="2026-08-07T05:16:19.8433244-06:00" testType="13cdc9d9-ddb5-4fa4-a97d-d965ccfc6d4b" outcome="Passed" testListId="8c84fa94-04c1-424b-9868-57a2d4851a1d" relativeResultsDirectory="d82fbe97-33a6-400b-a281-e56dda36c6e6" />
    <UnitTestResult executionId="50e4aeaa-e693-4c1a-8ee5-3274036236e1" testId="e3f5a675-35d8-46cf-5ec3-3439b53acb42" testName="Test1BioGuard.IntegrationTests.MedicamentosIntegrationTests.GetById_MedicamentoExiste_Retorna200" computerName="CAISSA" duration="00:00:04.2017098" startTime="2026-08-07T05:16:12.0648401-06:00" endTime="2026-08-07T05:16:16.3371133-06:00" testType="13cdc9d9-ddb5-4fa4-a97d-d965ccfc6d4b" outcome="Passed" testListId="8c84fa94-04c1-424b-9868-57a2d4851a1d" relativeResultsDirectory="50e4aeaa-e693-4c1a-8ee5-3274036236e1" />
    <UnitTestResult executionId="bcd25acf-0a2d-48f6-9736-cf9ed9fa2700" testId="e451d071-48a7-d63f-7d5b-d9c85b53c9f2" testName="Test1BioGuard.SecurityTests.JwtSecurityTests.GenerateToken_TieneIssuerCorrecto" computerName="CAISSA" duration="00:00:00.0008798" startTime="2026-08-07T05:16:19.8972435-06:00" endTime="2026-08-07T05:16:19.8974150-06:00" testType="13cdc9d9-ddb5-4fa4-a97d-d965ccfc6d4b" outcome="Passed" testListId="8c84fa94-04c1-424b-9868-57a2d4851a1d" relativeResultsDirectory="bcd25acf-0a2d-48f6-9736-cf9ed9fa2700" />
    <UnitTestResult executionId="f594b0f6-fd01-472e-bfcc-e7718f68a7c2" testId="50df5fc7-1e07-dbf2-397e-a6bb1193039e" testName="Test1BioGuard.UnitTest.CuidadorServiceTests.ObtenerPorUsuarioAsync_SinCuidadores_RetornaListaVacia" computerName="CAISSA" duration="00:00:00.0043762" startTime="2026-08-07T05:16:13.1061796-06:00" endTime="2026-08-07T05:16:13.1092996-06:00" testType="13cdc9d9-ddb5-4fa4-a97d-d965ccfc6d4b" outcome="Passed" testListId="8c84fa94-04c1-424b-9868-57a2d4851a1d" relativeResultsDirectory="f594b0f6-fd01-472e-bfcc-e7718f68a7c2" />
    <UnitTestResult executionId="11988903-292b-40a4-80d2-b3c38211fa31" testId="fcdb4f21-9f46-ade9-962f-c4566aaf01de" testName="Test1BioGuard.SecurityTests.AuthorizationSecurityTests.AuthZ_Notificaciones_SinTokenListar_Retorna401" computerName="CAISSA" duration="00:00:00.0218266" startTime="2026-08-07T05:16:21.3081990-06:00" endTime="2026-08-07T05:16:21.3331386-06:00" testType="13cdc9d9-ddb5-4fa4-a97d-d965ccfc6d4b" outcome="Passed" testListId="8c84fa94-04c1-424b-9868-57a2d4851a1d" relativeResultsDirectory="11988903-292b-40a4-80d2-b3c38211fa31" />
    <UnitTestResult executionId="6815e430-eec1-437a-99d9-8f2971634c8f" testId="71034f90-af7b-b984-7a35-4e4c477ca2c0" testName="Test1BioGuard.UnitTest.PacienteServiceTests.CrearPacienteAsync_DatosValidos_RetornaCodigo" computerName="CAISSA" duration="00:00:00.0280626" startTime="2026-08-07T05:16:19.7346997-06:00" endTime="2026-08-07T05:16:19.7623639-06:00" testType="13cdc9d9-ddb5-4fa4-a97d-d965ccfc6d4b" outcome="Passed" testListId="8c84fa94-04c1-424b-9868-57a2d4851a1d" relativeResultsDirectory="6815e430-eec1-437a-99d9-8f2971634c8f" />
    <UnitTestResult executionId="c848516b-72e5-44bf-bcaf-e098a5b7a740" testId="a0b4e2bc-c250-a418-1be0-0ad848c4b3b4" testName="Test1BioGuard.IntegrationTests.PlanesIntegrationTests.GetById_PlanNoExiste_Retorna404" computerName="CAISSA" duration="00:00:00.5954327" startTime="2026-08-07T05:16:17.2352156-06:00" endTime="2026-08-07T05:16:17.8658172-06:00" testType="13cdc9d9-ddb5-4fa4-a97d-d965ccfc6d4b" outcome="Passed" testListId="8c84fa94-04c1-424b-9868-57a2d4851a1d" relativeResultsDirectory="c848516b-72e5-44bf-bcaf-e098a5b7a740" />
    <UnitTestResult executionId="92a2e8d6-1020-44e7-ad1b-c7ecf88bbe79" testId="c995d179-d4f2-4118-8978-f6e8503efb47" testName="Test1BioGuard.NonFunctionalTests.ChaosTests.MongoDbSlowConnection_HealthEndpoint_Retorna200" computerName="CAISSA" duration="00:00:02.9083464" startTime="2026-08-07T05:16:13.2147262-06:00" endTime="2026-08-07T05:16:16.1320798-06:00" testType="13cdc9d9-ddb5-4fa4-a97d-d965ccfc6d4b" outcome="Passed" testListId="8c84fa94-04c1-424b-9868-57a2d4851a1d" relativeResultsDirectory="92a2e8d6-1020-44e7-ad1b-c7ecf88bbe79" />
    <UnitTestResult executionId="ee9dd382-d606-4731-be6b-b42391c4ad13" testId="85107810-abef-65ef-00da-c09339152cee" testName="Test1BioGuard.NonFunctionalTests.ErrorMessagesTests.Pagos_CrearSesion_ProcesadorInvalido_Retorna400ConMessage" computerName="CAISSA" duration="00:00:00.0179461" startTime="2026-08-07T05:16:22.0911782-06:00" endTime="2026-08-07T05:16:22.1121760-06:00" testType="13cdc9d9-ddb5-4fa4-a97d-d965ccfc6d4b" outcome="Passed" testListId="8c84fa94-04c1-424b-9868-57a2d4851a1d" relativeResultsDirectory="ee9dd382-d606-4731-be6b-b42391c4ad13" />
    <UnitTestResult executionId="7017f73f-fad3-4e4a-9608-7aa044be10ec" testId="bbc3dfe2-8c85-3a0c-e0fa-77c2c0758890" testName="Test1BioGuard.UnitTest.MLServiceTests.CrearModeloAsync_ModeloValido_RetornaModelo" computerName="CAISSA" duration="00:00:00.0403436" startTime="2026-08-07T05:16:13.1608245-06:00" endTime="2026-08-07T05:16:13.2068449-06:00" testType="13cdc9d9-ddb5-4fa4-a97d-d965ccfc6d4b" outcome="Passed" testListId="8c84fa94-04c1-424b-9868-57a2d4851a1d" relativeResultsDirectory="7017f73f-fad3-4e4a-9608-7aa044be10ec" />
    <UnitTestResult executionId="b14c295e-90e6-4724-8fd2-ac0361640b92" testId="984e6865-7b2d-ea58-0ca6-63144680550b" testName="Test1BioGuard.SecurityTests.AuthorizationSecurityTests.AuthZ_Planes_PacienteNoPuedeEditar_Retorna403" computerName="CAISSA" duration="00:00:00.0230707" startTime="2026-08-07T05:16:21.2114132-06:00" endTime="2026-08-07T05:16:21.2390016-06:00" testType="13cdc9d9-ddb5-4fa4-a97d-d965ccfc6d4b" outcome="Passed" testListId="8c84fa94-04c1-424b-9868-57a2d4851a1d" relativeResultsDirectory="b14c295e-90e6-4724-8fd2-ac0361640b92" />
    <UnitTestResult executionId="645e8c89-3274-4bcc-9efe-e8c5d19e2f25" testId="c658945a-7663-2594-8349-24b9275cee04" testName="Test1BioGuard.SecurityTests.AuthorizationSecurityTests.AuthZ_Planes_PacienteNoPuedeCrear_Retorna403" computerName="CAISSA" duration="00:00:00.0542982" startTime="2026-08-07T05:16:21.0038515-06:00" endTime="2026-08-07T05:16:21.0669512-06:00" testType="13cdc9d9-ddb5-4fa4-a97d-d965ccfc6d4b" outcome="Passed" testListId="8c84fa94-04c1-424b-9868-57a2d4851a1d" relativeResultsDirectory="645e8c89-3274-4bcc-9efe-e8c5d19e2f25" />
    <UnitTestResult executionId="98f82631-7d8d-483f-9bd5-28f851397270" testId="686b27fe-dd6f-ba32-4a86-79df3b4bcf63" testName="Test1BioGuard.NonFunctionalTests.ErrorMessagesTests.Auth_CambiarPassword_ActualIncorrecto_Retorna400ConMessage" computerName="CAISSA" duration="00:00:00.1110788" startTime="2026-08-07T05:16:20.5712184-06:00" endTime="2026-08-07T05:16:20.6843891-06:00" testType="13cdc9d9-ddb5-4fa4-a97d-d965ccfc6d4b" outcome="Passed" testListId="8c84fa94-04c1-424b-9868-57a2d4851a1d" relativeResultsDirectory="98f82631-7d8d-483f-9bd5-28f851397270" />
    <UnitTestResult executionId="da98ba8f-5d8a-49fc-ae4d-1196cd02736e" testId="837054d8-b96b-688d-61b2-47bed6ca82cc" testName="Test1BioGuard.NonFunctionalTests.IaCTests.Dockerfile_UsaMultiStageBuild" computerName="CAISSA" duration="00:00:00.0024673" startTime="2026-08-07T05:16:13.1663417-06:00" endTime="2026-08-07T05:16:13.1688375-06:00" testType="13cdc9d9-ddb5-4fa4-a97d-d965ccfc6d4b" outcome="Passed" testListId="8c84fa94-04c1-424b-9868-57a2d4851a1d" relativeResultsDirectory="da98ba8f-5d8a-49fc-ae4d-1196cd02736e" />
    <UnitTestResult executionId="01f09129-d63e-46c8-ae6c-0a79da51b8a0" testId="fb698a55-b76a-daeb-0753-ba874edc8746" testName="Test1BioGuard.SecurityTests.AuthorizationSecurityTests.AuthZ_Medicamentos_SinTokenCrear_Retorna401" computerName="CAISSA" duration="00:00:00.0295258" startTime="2026-08-07T05:16:21.3336811-06:00" endTime="2026-08-07T05:16:21.3697177-06:00" testType="13cdc9d9-ddb5-4fa4-a97d-d965ccfc6d4b" outcome="Passed" testListId="8c84fa94-04c1-424b-9868-57a2d4851a1d" relativeResultsDirectory="01f09129-d63e-46c8-ae6c-0a79da51b8a0" />
    <UnitTestResult executionId="16dcea84-2981-4ccf-8478-9ba67c832f21" testId="b90de820-23b8-3c36-b371-db5f1648d8f4" testName="Test1BioGuard.UnitTest.NotificacionServiceTests.MarcarLeidaAsync_NotificacionExiste_RetornaTrue" computerName="CAISSA" duration="00:00:00.0088974" startTime="2026-08-07T05:16:13.6397341-06:00" endTime="2026-08-07T05:16:13.6483524-06:00" testType="13cdc9d9-ddb5-4fa4-a97d-d965ccfc6d4b" outcome="Passed" testListId="8c84fa94-04c1-424b-9868-57a2d4851a1d" relativeResultsDirectory="16dcea84-2981-4ccf-8478-9ba67c832f21" />
    <UnitTestResult executionId="6d6877c9-252b-4672-9fcf-82eb9cba8482" testId="8615a1f7-cf49-7656-a168-138ea15fbb7d" testName="Test1BioGuard.UnitTest.UsuariosWebServiceTests.GetByIdAsync_UsuarioExiste_RetornaUsuario" computerName="CAISSA" duration="00:00:00.0054542" startTime="2026-08-07T05:16:18.7191430-06:00" endTime="2026-08-07T05:16:18.7242208-06:00" testType="13cdc9d9-ddb5-4fa4-a97d-d965ccfc6d4b" outcome="Passed" testListId="8c84fa94-04c1-424b-9868-57a2d4851a1d" relativeResultsDirectory="6d6877c9-252b-4672-9fcf-82eb9cba8482" />
    <UnitTestResult executionId="f23c0022-5f1b-4f72-92ff-83f2d6c20a58" testId="6b0292fe-daad-d74b-4949-c5fcf3ca03c2" testName="Test1BioGuard.SecurityTests.InputValidationTests.ForgotPassword_CorreoInvalido_Retorna400" computerName="CAISSA" duration="00:00:00.0913304" startTime="2026-08-07T05:16:19.7064457-06:00" endTime="2026-08-07T05:16:19.8095221-06:00" testType="13cdc9d9-ddb5-4fa4-a97d-d965ccfc6d4b" outcome="Passed" testListId="8c84fa94-04c1-424b-9868-57a2d4851a1d" relativeResultsDirectory="f23c0022-5f1b-4f72-92ff-83f2d6c20a58" />
    <UnitTestResult executionId="cfb2efc0-6b41-4e78-9653-cd6d0a728bcd" testId="c9ef08a0-bedc-3cd2-d2e3-699bd7daa6eb" testName="Test1BioGuard.IntegrationTests.AuthIntegrationTests.Verificar2FA_CodigoInvalido_Retorna400" computerName="CAISSA" duration="00:00:00.0867923" startTime="2026-08-07T05:16:19.3148759-06:00" endTime="2026-08-07T05:16:19.4085894-06:00" testType="13cdc9d9-ddb5-4fa4-a97d-d965ccfc6d4b" outcome="Passed" testListId="8c84fa94-04c1-424b-9868-57a2d4851a1d" relativeResultsDirectory="cfb2efc0-6b41-4e78-9653-cd6d0a728bcd" />
    <UnitTestResult executionId="0ad827f1-fb49-4653-a4a1-ac4aa432001f" testId="12a034cb-f3ca-d075-6878-1cd6b598f1d7" testName="Test1BioGuard.NonFunctionalTests.ErrorMessagesTests.Auth_LoginWeb_CredencialesInvalidas_Retorna401ConMessage" computerName="CAISSA" duration="00:00:00.0758896" startTime="2026-08-07T05:16:21.1075709-06:00" endTime="2026-08-07T05:16:21.1962709-06:00" testType="13cdc9d9-ddb5-4fa4-a97d-d965ccfc6d4b" outcome="Passed" testListId="8c84fa94-04c1-424b-9868-57a2d4851a1d" relativeResultsDirectory="0ad827f1-fb49-4653-a4a1-ac4aa432001f" />
    <UnitTestResult executionId="e3336eee-2a27-45f0-8dd9-5f6a31a12d0b" testId="ddbebcf8-17f5-d597-fbc4-4ab14cd4c899" testName="Test1BioGuard.SecurityTests.AuthorizationSecurityTests.NivelAcceso_CuidadorSoloAlertasNoPuedeVerMLMetricas_Retorna403" computerName="CAISSA" duration="00:00:00.1316783" startTime="2026-08-07T05:16:18.5734589-06:00" endTime="2026-08-07T05:16:18.7060252-06:00" testType="13cdc9d9-ddb5-4fa4-a97d-d965ccfc6d4b" outcome="Passed" testListId="8c84fa94-04c1-424b-9868-57a2d4851a1d" relativeResultsDirectory="e3336eee-2a27-45f0-8dd9-5f6a31a12d0b" />
    <UnitTestResult executionId="a479bef4-d0e7-4de2-a9fa-ad70a0127d80" testId="50f0a4c4-8611-391c-a314-15297698939d" testName="Test1BioGuard.IntegrationTests.PacientesIntegrationTests.GetById_PacienteExiste_Retorna200" computerName="CAISSA" duration="00:00:00.0531378" startTime="2026-08-07T05:16:19.5404971-06:00" endTime="2026-08-07T05:16:19.5955616-06:00" testType="13cdc9d9-ddb5-4fa4-a97d-d965ccfc6d4b" outcome="Passed" testListId="8c84fa94-04c1-424b-9868-57a2d4851a1d" relativeResultsDirectory="a479bef4-d0e7-4de2-a9fa-ad70a0127d80" />
    <UnitTestResult executionId="f67ff6a3-eeee-4d86-9a3d-d0585a6d4dd4" testId="1cf2646b-7402-f7c1-6e8a-120bcec98857" testName="Test1BioGuard.IntegrationTests.NotificacionesIntegrationTests.Eliminar_NotificacionExiste_Retorna204" computerName="CAISSA" duration="00:00:00.1501399" startTime="2026-08-07T05:16:16.4394012-06:00" endTime="2026-08-07T05:16:16.6382959-06:00" testType="13cdc9d9-ddb5-4fa4-a97d-d965ccfc6d4b" outcome="Passed" testListId="8c84fa94-04c1-424b-9868-57a2d4851a1d" relativeResultsDirectory="f67ff6a3-eeee-4d86-9a3d-d0585a6d4dd4" />
    <UnitTestResult executionId="a3f7a361-a36e-44a4-800a-b1e4f33e291b" testId="dccf3620-1104-9b9d-3075-dd6ea0c95e71" testName="Test1BioGuard.SecurityTests.AuthorizationSecurityTests.AuthZ_Medicamentos_SinTokenEditar_Retorna401" computerName="CAISSA" duration="00:00:00.0080003" startTime="2026-08-07T05:16:22.1556469-06:00" endTime="2026-08-07T05:16:22.1633315-06:00" testType="13cdc9d9-ddb5-4fa4-a97d-d965ccfc6d4b" outcome="Passed" testListId="8c84fa94-04c1-424b-9868-57a2d4851a1d" relativeResultsDirectory="a3f7a361-a36e-44a4-800a-b1e4f33e291b" />
    <UnitTestResult executionId="314937e9-10f0-4151-8b1b-3cf4dc3c1380" testId="abdafb92-dc7f-029e-6ecd-52988c1cee62" testName="Test1BioGuard.IntegrationTests.UsuariosWebIntegrationTests.SubirFoto_SinToken_Retorna401" computerName="CAISSA" duration="00:00:00.1119570" startTime="2026-08-07T05:16:16.6957620-06:00" endTime="2026-08-07T05:16:16.8561972-06:00" testType="13cdc9d9-ddb5-4fa4-a97d-d965ccfc6d4b" outcome="Passed" testListId="8c84fa94-04c1-424b-9868-57a2d4851a1d" relativeResultsDirectory="314937e9-10f0-4151-8b1b-3cf4dc3c1380" />
    <UnitTestResult executionId="cac6f4de-3c17-4709-8e70-c83c00238ecf" testId="4f477f12-31a4-ed61-95bf-946c6afdeb97" testName="Test1BioGuard.NonFunctionalTests.IaCTests.PipelineTieneStagingDeploy" computerName="CAISSA" duration="00:00:00.0024658" startTime="2026-08-07T05:16:13.1284748-06:00" endTime="2026-08-07T05:16:13.1365226-06:00" testType="13cdc9d9-ddb5-4fa4-a97d-d965ccfc6d4b" outcome="Passed" testListId="8c84fa94-04c1-424b-9868-57a2d4851a1d" relativeResultsDirectory="cac6f4de-3c17-4709-8e70-c83c00238ecf" />
    <UnitTestResult executionId="d0a7c5ce-a3d5-4b8a-9d56-6cf2125bb62f" testId="5d0dcb7c-14fb-dfbc-50a2-37affe6b3abe" testName="Test1BioGuard.IntegrationTests.MLIntegrationTests.ReentrenarModelo_DatosValidos_Retorna200" computerName="CAISSA" duration="00:00:00.1348013" startTime="2026-08-07T05:16:18.5828241-06:00" endTime="2026-08-07T05:16:18.7511833-06:00" testType="13cdc9d9-ddb5-4fa4-a97d-d965ccfc6d4b" outcome="Passed" testListId="8c84fa94-04c1-424b-9868-57a2d4851a1d" relativeResultsDirectory="d0a7c5ce-a3d5-4b8a-9d56-6cf2125bb62f" />
    <UnitTestResult executionId="ad71fa4a-a6e1-4afd-85f4-6d6db5496f69" testId="9b7513e4-2f94-0fe5-8ed4-d0e2b50acbee" testName="Test1BioGuard.SecurityTests.AuthorizationSecurityTests.NivelAcceso_CuidadorSoloAlertasNoPuedeVerResumen_Retorna403" computerName="CAISSA" duration="00:00:00.0127891" startTime="2026-08-07T05:16:22.2443719-06:00" endTime="2026-08-07T05:16:22.2576199-06:00" testType="13cdc9d9-ddb5-4fa4-a97d-d965ccfc6d4b" outcome="Passed" testListId="8c84fa94-04c1-424b-9868-57a2d4851a1d" relativeResultsDirectory="ad71fa4a-a6e1-4afd-85f4-6d6db5496f69" />
    <UnitTestResult executionId="21d9e6c5-1046-4117-9643-abc91f68aa21" testId="aa570539-80e7-6868-0475-7e0a6a96d567" testName="Test1BioGuard.UnitTest.AlertaServiceTests.CrearAsync_DatosValidos_RetornaAlerta" computerName="CAISSA" duration="00:00:00.0092332" startTime="2026-08-07T05:16:20.6344001-06:00" endTime="2026-08-07T05:16:20.6452073-06:00" testType="13cdc9d9-ddb5-4fa4-a97d-d965ccfc6d4b" outcome="Passed" testListId="8c84fa94-04c1-424b-9868-57a2d4851a1d" relativeResultsDirectory="21d9e6c5-1046-4117-9643-abc91f68aa21" />
    <UnitTestResult executionId="75ca49fe-0565-4940-b6d0-8f6bf8a4feee" testId="280968dc-4ff3-fd4c-1269-4c486fb4d2f3" testName="Test1BioGuard.IntegrationTests.PlanesIntegrationTests.Listar_SinPlanes_RetornaListaVacia" computerName="CAISSA" duration="00:00:00.0799796" startTime="2026-08-07T05:16:19.5023201-06:00" endTime="2026-08-07T05:16:19.5854735-06:00" testType="13cdc9d9-ddb5-4fa4-a97d-d965ccfc6d4b" outcome="Passed" testListId="8c84fa94-04c1-424b-9868-57a2d4851a1d" relativeResultsDirectory="75ca49fe-0565-4940-b6d0-8f6bf8a4feee" />
    <UnitTestResult executionId="f3b069d4-2047-4707-abdb-40b5b6e4779a" testId="fabc65dc-bf13-38a7-9ce8-caba793792e1" testName="Test1BioGuard.UnitTest.NotificacionServiceTests.ObtenerPorUsuarioAsync_ConNotificaciones_RetornaLista" computerName="CAISSA" duration="00:00:00.3760798" startTime="2026-08-07T05:16:13.2327507-06:00" endTime="2026-08-07T05:16:13.6086640-06:00" testType="13cdc9d9-ddb5-4fa4-a97d-d965ccfc6d4b" outcome="Passed" testListId="8c84fa94-04c1-424b-9868-57a2d4851a1d" relativeResultsDirectory="f3b069d4-2047-4707-abdb-40b5b6e4779a" />
    <UnitTestResult executionId="9b01200b-cbb7-48c5-a421-da29506a08a8" testId="4c845060-25d4-f701-bcc6-a6d9b42820f6" testName="Test1BioGuard.IntegrationTests.UsuariosWebIntegrationTests.EliminarCuenta_SinToken_Retorna401" computerName="CAISSA" duration="00:00:00.0596069" startTime="2026-08-07T05:16:19.3229537-06:00" endTime="2026-08-07T05:16:19.4054657-06:00" testType="13cdc9d9-ddb5-4fa4-a97d-d965ccfc6d4b" outcome="Passed" testListId="8c84fa94-04c1-424b-9868-57a2d4851a1d" relativeResultsDirectory="9b01200b-cbb7-48c5-a421-da29506a08a8" />
    <UnitTestResult executionId="2edc111d-9800-4f54-a7c4-ad19f6e1d431" testId="76bef8da-3ba4-1b31-f84a-ce8d93cbb192" testName="Test1BioGuard.IntegrationTests.PagosIntegrationTests.CrearSesion_PlanValido_Retorna200" computerName="CAISSA" duration="00:00:00.0769622" startTime="2026-08-07T05:16:19.8118565-06:00" endTime="2026-08-07T05:16:19.9531049-06:00" testType="13cdc9d9-ddb5-4fa4-a97d-d965ccfc6d4b" outcome="Passed" testListId="8c84fa94-04c1-424b-9868-57a2d4851a1d" relativeResultsDirectory="2edc111d-9800-4f54-a7c4-ad19f6e1d431" />
    <UnitTestResult executionId="b54b1603-acaa-4cfb-a7ce-8d589fe52f0a" testId="7b14e811-7553-439b-148f-b8b3ac692762" testName="Test1BioGuard.NonFunctionalTests.IaCTests.AppYaml_TieneHealthCheckConfigurado" computerName="CAISSA" duration="00:00:00.0049363" startTime="2026-08-07T05:16:13.1235869-06:00" endTime="2026-08-07T05:16:13.1237712-06:00" testType="13cdc9d9-ddb5-4fa4-a97d-d965ccfc6d4b" outcome="Passed" testListId="8c84fa94-04c1-424b-9868-57a2d4851a1d" relativeResultsDirectory="b54b1603-acaa-4cfb-a7ce-8d589fe52f0a" />
    <UnitTestResult executionId="72df3388-7261-4b3b-9202-efeb62413790" testId="0dad960b-6395-7905-d767-d9a98c3bab58" testName="Test1BioGuard.NonFunctionalTests.IaCTests.AppProductionYaml_UsaVariablesProduccion" computerName="CAISSA" duration="00:00:00.0010090" startTime="2026-08-07T05:16:13.1429770-06:00" endTime="2026-08-07T05:16:13.1432158-06:00" testType="13cdc9d9-ddb5-4fa4-a97d-d965ccfc6d4b" outcome="Passed" testListId="8c84fa94-04c1-424b-9868-57a2d4851a1d" relativeResultsDirectory="72df3388-7261-4b3b-9202-efeb62413790" />
    <UnitTestResult executionId="f17841af-a434-46e2-ac41-30a0b75374c2" testId="29b7f9f7-1774-6859-2cf7-53b0ad3b630f" testName="Test1BioGuard.IntegrationTests.NotificacionesIntegrationTests.MarcarLeida_NotificacionExiste_Retorna200" computerName="CAISSA" duration="00:00:00.1163055" startTime="2026-08-07T05:16:17.2451495-06:00" endTime="2026-08-07T05:16:17.4300863-06:00" testType="13cdc9d9-ddb5-4fa4-a97d-d965ccfc6d4b" outcome="Passed" testListId="8c84fa94-04c1-424b-9868-57a2d4851a1d" relativeResultsDirectory="f17841af-a434-46e2-ac41-30a0b75374c2" />
    <UnitTestResult executionId="8a36b49e-b1fa-4dd9-80a8-765bccd9386f" testId="c163b40c-872a-8282-6325-93c9f7918ae5" testName="Test1BioGuard.SecurityTests.AuthorizationSecurityTests.AuthZ_Alertas_SinTokenCrear_Retorna401" computerName="CAISSA" duration="00:00:00.0509275" startTime="2026-08-07T05:16:20.9485006-06:00" endTime="2026-08-07T05:16:21.0033645-06:00" testType="13cdc9d9-ddb5-4fa4-a97d-d965ccfc6d4b" outcome="Passed" testListId="8c84fa94-04c1-424b-9868-57a2d4851a1d" relativeResultsDirectory="8a36b49e-b1fa-4dd9-80a8-765bccd9386f" />
    <UnitTestResult executionId="c36506c5-123e-44b6-841d-7bd1fe40eaad" testId="a5f64f2a-4903-a59b-f939-40d2f2977f1a" testName="Test1BioGuard.SecurityTests.IDORSecurityTests.Sensores_ObtenerEventos_OtroUsuario_Retorna403" computerName="CAISSA" duration="00:00:00.0979995" startTime="2026-08-07T05:16:16.8086398-06:00" endTime="2026-08-07T05:16:16.9838738-06:00" testType="13cdc9d9-ddb5-4fa4-a97d-d965ccfc6d4b" outcome="Passed" testListId="8c84fa94-04c1-424b-9868-57a2d4851a1d" relativeResultsDirectory="c36506c5-123e-44b6-841d-7bd1fe40eaad" />
    <UnitTestResult executionId="4458aca6-cb67-4f69-9a89-0758652bff5f" testId="819d2be7-8e29-fe22-201b-b94d596ff9ea" testName="Test1BioGuard.IntegrationTests.MLIntegrationTests.EntrenarModelo_DatosValidos_Retorna200" computerName="CAISSA" duration="00:00:00.1835799" startTime="2026-08-07T05:16:17.0145097-06:00" endTime="2026-08-07T05:16:17.2158653-06:00" testType="13cdc9d9-ddb5-4fa4-a97d-d965ccfc6d4b" outcome="Passed" testListId="8c84fa94-04c1-424b-9868-57a2d4851a1d" relativeResultsDirectory="4458aca6-cb67-4f69-9a89-0758652bff5f" />
    <UnitTestResult executionId="45ee4900-669b-4323-9c68-23a690c87c7b" testId="17cf5d02-95f0-68b1-f00a-151381077347" testName="Test1BioGuard.IntegrationTests.AuthIntegrationTests.Enviar2FA_CorreoInvalido_Retorna400" computerName="CAISSA" duration="00:00:00.2848374" startTime="2026-08-07T05:16:18.0376072-06:00" endTime="2026-08-07T05:16:18.3508614-06:00" testType="13cdc9d9-ddb5-4fa4-a97d-d965ccfc6d4b" outcome="Passed" testListId="8c84fa94-04c1-424b-9868-57a2d4851a1d" relativeResultsDirectory="45ee4900-669b-4323-9c68-23a690c87c7b" />
    <UnitTestResult executionId="ebc50c9e-2122-4799-88a9-acb7e514f91c" testId="9890cd18-ebc1-7eda-ab86-69de0dc94df0" testName="Test1BioGuard.UnitTest.MedicamentoServiceTests.ObtenerPorIdAsync_MedicamentoExiste_RetornaMedicamento" computerName="CAISSA" duration="00:00:00.0051298" startTime="2026-08-07T05:16:13.2169365-06:00" endTime="2026-08-07T05:16:13.2195163-06:00" testType="13cdc9d9-ddb5-4fa4-a97d-d965ccfc6d4b" outcome="Passed" testListId="8c84fa94-04c1-424b-9868-57a2d4851a1d" relativeResultsDirectory="ebc50c9e-2122-4799-88a9-acb7e514f91c" />
    <UnitTestResult executionId="52c5c411-604f-4d31-b3ac-5ec60e9a4013" testId="7ada5699-1a93-21ab-4962-83fbd7b3ee05" testName="Test1BioGuard.IntegrationTests.ReportesIntegrationTests.HistorialLecturas_SinToken_Retorna401" computerName="CAISSA" duration="00:00:00.0846671" startTime="2026-08-07T05:16:17.7405269-06:00" endTime="2026-08-07T05:16:17.8659731-06:00" testType="13cdc9d9-ddb5-4fa4-a97d-d965ccfc6d4b" outcome="Passed" testListId="8c84fa94-04c1-424b-9868-57a2d4851a1d" relativeResultsDirectory="52c5c411-604f-4d31-b3ac-5ec60e9a4013" />
    <UnitTestResult executionId="ad841c74-ec93-48f2-af90-17a155900f89" testId="55673a6a-dbff-d56d-d982-92dc3ad334c1" testName="Test1BioGuard.UnitTest.CuidadorServiceTests.EliminarAsync_CuidadorExiste_RetornaTrue" computerName="CAISSA" duration="00:00:00.4506153" startTime="2026-08-07T05:16:12.5812583-06:00" endTime="2026-08-07T05:16:13.0085345-06:00" testType="13cdc9d9-ddb5-4fa4-a97d-d965ccfc6d4b" outcome="Passed" testListId="8c84fa94-04c1-424b-9868-57a2d4851a1d" relativeResultsDirectory="ad841c74-ec93-48f2-af90-17a155900f89" />
    <UnitTestResult executionId="8bd105c7-cc83-446f-be5b-b1af9aa13f03" testId="c2f0f9a1-dab0-29bf-3abf-8ec7dd7b56c2" testName="Test1BioGuard.IntegrationTests.MLIntegrationTests.Diagnosticar_SinPredicciones_RetornaSinDatos" computerName="CAISSA" duration="00:00:02.8589414" startTime="2026-08-07T05:16:13.4603990-06:00" endTime="2026-08-07T05:16:16.3394032-06:00" testType="13cdc9d9-ddb5-4fa4-a97d-d965ccfc6d4b" outcome="Passed" testListId="8c84fa94-04c1-424b-9868-57a2d4851a1d" relativeResultsDirectory="8bd105c7-cc83-446f-be5b-b1af9aa13f03" />
    <UnitTestResult executionId="027f9ef1-0f46-46f4-8015-fdfaac044760" testId="eac27beb-43e9-d488-f557-2845fd8d8d34" testName="Test1BioGuard.UnitTest.PagosServiceTests.CancelarAsync_PagoActivo_RetornaTrue" computerName="CAISSA" duration="00:00:00.0105546" startTime="2026-08-07T05:16:17.1865941-06:00" endTime="2026-08-07T05:16:17.1956207-06:00" testType="13cdc9d9-ddb5-4fa4-a97d-d965ccfc6d4b" outcome="Passed" testListId="8c84fa94-04c1-424b-9868-57a2d4851a1d" relativeResultsDirectory="027f9ef1-0f46-46f4-8015-fdfaac044760" />
    <UnitTestResult executionId="1dd1c9ce-e968-464c-bdf6-34bfb27f12da" testId="c1bfe93c-4627-6bbe-eb11-efc0a059d91c" testName="Test1BioGuard.IntegrationTests.PlanesIntegrationTests.Eliminar_PlanExiste_Retorna200" computerName="CAISSA" duration="00:00:00.1497680" startTime="2026-08-07T05:16:18.5532874-06:00" endTime="2026-08-07T05:16:18.7398167-06:00" testType="13cdc9d9-ddb5-4fa4-a97d-d965ccfc6d4b" outcome="Passed" testListId="8c84fa94-04c1-424b-9868-57a2d4851a1d" relativeResultsDirectory="1dd1c9ce-e968-464c-bdf6-34bfb27f12da" />
    <UnitTestResult executionId="c731005d-0930-4ec6-82cc-9911b98b4a52" testId="8b95dfc0-996f-9e5d-f6f2-49837bddbc65" testName="Test1BioGuard.SecurityTests.AuthorizationSecurityTests.IDOR_Reportes_PacienteANoPuedeVerHistorialAlertasPacienteB_Retorna403" computerName="CAISSA" duration="00:00:00.0451081" startTime="2026-08-07T05:16:21.1544607-06:00" endTime="2026-08-07T05:16:21.2085644-06:00" testType="13cdc9d9-ddb5-4fa4-a97d-d965ccfc6d4b" outcome="Passed" testListId="8c84fa94-04c1-424b-9868-57a2d4851a1d" relativeResultsDirectory="c731005d-0930-4ec6-82cc-9911b98b4a52" />
    <UnitTestResult executionId="9369d12b-7732-4efe-b0b9-a577ef95f066" testId="e192db7e-acab-0036-0571-192d7e829c53" testName="Test1BioGuard.NonFunctionalTests.IaCTests.AppYaml_InstanceSizeNoMayorABasicXxs" computerName="CAISSA" duration="00:00:00.0006366" startTime="2026-08-07T05:16:13.1403838-06:00" endTime="2026-08-07T05:16:13.1406072-06:00" testType="13cdc9d9-ddb5-4fa4-a97d-d965ccfc6d4b" outcome="Passed" testListId="8c84fa94-04c1-424b-9868-57a2d4851a1d" relativeResultsDirectory="9369d12b-7732-4efe-b0b9-a577ef95f066" />
    <UnitTestResult executionId="5819bbbd-f7f2-4106-8824-82b1665e5555" testId="e0924493-3607-7a33-451a-8e15dc89a621" testName="Test1BioGuard.IntegrationTests.AuditoriaIntegrationTests.Listar_SinToken_Retorna401" computerName="CAISSA" duration="00:00:00.0501061" startTime="2026-08-07T05:16:20.9383284-06:00" endTime="2026-08-07T05:16:21.0004496-06:00" testType="13cdc9d9-ddb5-4fa4-a97d-d965ccfc6d4b" outcome="Passed" testListId="8c84fa94-04c1-424b-9868-57a2d4851a1d" relativeResultsDirectory="5819bbbd-f7f2-4106-8824-82b1665e5555" />
    <UnitTestResult executionId="0a272a22-5c73-4ea5-959b-570b6f184e15" testId="13b8dbd3-c63a-dab4-8eef-35a580831e72" testName="Test1BioGuard.IntegrationTests.SensoresIntegrationTests.ObtenerLecturas_SinToken_Retorna401" computerName="CAISSA" duration="00:00:00.0146623" startTime="2026-08-07T05:16:22.5451255-06:00" endTime="2026-08-07T05:16:22.5618420-06:00" testType="13cdc9d9-ddb5-4fa4-a97d-d965ccfc6d4b" outcome="Passed" testListId="8c84fa94-04c1-424b-9868-57a2d4851a1d" relativeResultsDirectory="0a272a22-5c73-4ea5-959b-570b6f184e15" />
    <UnitTestResult executionId="963bb521-b109-46eb-81d0-2b30fec94fec" testId="2328c132-9a09-6698-7440-e02bec2754c2" testName="Test1BioGuard.SecurityTests.InputValidationTests.ResetPassword_TokenVacio_Retorna400" computerName="CAISSA" duration="00:00:00.0844186" startTime="2026-08-07T05:16:19.5055200-06:00" endTime="2026-08-07T05:16:19.6135296-06:00" testType="13cdc9d9-ddb5-4fa4-a97d-d965ccfc6d4b" outcome="Passed" testListId="8c84fa94-04c1-424b-9868-57a2d4851a1d" relativeResultsDirectory="963bb521-b109-46eb-81d0-2b30fec94fec" />
    <UnitTestResult executionId="ff8906aa-deb6-4c47-b316-1394833b1787" testId="03c24a30-dac8-2d16-9083-c4c998e3581c" testName="Test1BioGuard.SecurityTests.SecurityHeadersTests.Headers_PermissionsPolicy_BloqueaCamara" computerName="CAISSA" duration="00:00:00.0241781" startTime="2026-08-07T05:16:21.2157060-06:00" endTime="2026-08-07T05:16:21.2550831-06:00" testType="13cdc9d9-ddb5-4fa4-a97d-d965ccfc6d4b" outcome="Passed" testListId="8c84fa94-04c1-424b-9868-57a2d4851a1d" relativeResultsDirectory="ff8906aa-deb6-4c47-b316-1394833b1787" />
    <UnitTestResult executionId="8a079ea6-5ade-4cc5-932a-9cd11ea5da9d" testId="1f95b8bc-8cf4-809f-1657-e8a22f959e37" testName="Test1BioGuard.IntegrationTests.ReportesIntegrationTests.HistorialEventos_ConEventos_Retorna200" computerName="CAISSA" duration="00:00:00.1641824" startTime="2026-08-07T05:16:17.3524212-06:00" endTime="2026-08-07T05:16:17.5264792-06:00" testType="13cdc9d9-ddb5-4fa4-a97d-d965ccfc6d4b" outcome="Passed" testListId="8c84fa94-04c1-424b-9868-57a2d4851a1d" relativeResultsDirectory="8a079ea6-5ade-4cc5-932a-9cd11ea5da9d" />
    <UnitTestResult executionId="0e0a469f-22b1-4dc6-b70e-d5592b8b49e7" testId="64b28444-8c42-b4ef-c999-f308a73b65bc" testName="Test1BioGuard.SecurityTests.SecurityHeadersTests.Headers_XContentTypeOptions_EsNosniff" computerName="CAISSA" duration="00:00:00.0288988" startTime="2026-08-07T05:16:21.2556331-06:00" endTime="2026-08-07T05:16:21.2859693-06:00" testType="13cdc9d9-ddb5-4fa4-a97d-d965ccfc6d4b" outcome="Passed" testListId="8c84fa94-04c1-424b-9868-57a2d4851a1d" relativeResultsDirectory="0e0a469f-22b1-4dc6-b70e-d5592b8b49e7" />
    <UnitTestResult executionId="a57c3562-0519-4473-89fd-6a836e3a0ad6" testId="7ccb8836-f32a-a557-8cfa-c572c7ffc574" testName="Test1BioGuard.IntegrationTests.PlanesIntegrationTests.Seed_SinPlanesActivos_CreaPlanes" computerName="CAISSA" duration="00:00:00.0934372" startTime="2026-08-07T05:16:17.8671446-06:00" endTime="2026-08-07T05:16:18.0316240-06:00" testType="13cdc9d9-ddb5-4fa4-a97d-d965ccfc6d4b" outcome="Passed" testListId="8c84fa94-04c1-424b-9868-57a2d4851a1d" relativeResultsDirectory="a57c3562-0519-4473-89fd-6a836e3a0ad6" />
    <UnitTestResult executionId="c7d2178d-6913-45c9-9c12-d1446a9b3de5" testId="b4069c1e-f6e7-1a44-6066-27d9425a8578" testName="Test1BioGuard.IntegrationTests.MLIntegrationTests.Recomendaciones_SinPrediccion_Retorna200_Vacia" computerName="CAISSA" duration="00:00:00.2028093" startTime="2026-08-07T05:16:16.3398628-06:00" endTime="2026-08-07T05:16:16.5791307-06:00" testType="13cdc9d9-ddb5-4fa4-a97d-d965ccfc6d4b" outcome="Passed" testListId="8c84fa94-04c1-424b-9868-57a2d4851a1d" relativeResultsDirectory="c7d2178d-6913-45c9-9c12-d1446a9b3de5" />
    <UnitTestResult executionId="2df4c1d0-1161-47ab-be2f-81318d434803" testId="cdcc8871-c717-58c7-93ed-588a129d3291" testName="Test1BioGuard.IntegrationTests.ReportesIntegrationTests.HistorialLecturas_ConLecturas_Retorna200" computerName="CAISSA" duration="00:00:00.1417362" startTime="2026-08-07T05:16:16.8756815-06:00" endTime="2026-08-07T05:16:17.0683134-06:00" testType="13cdc9d9-ddb5-4fa4-a97d-d965ccfc6d4b" outcome="Passed" testListId="8c84fa94-04c1-424b-9868-57a2d4851a1d" relativeResultsDirectory="2df4c1d0-1161-47ab-be2f-81318d434803" />
    <UnitTestResult executionId="c494a873-bbca-4c82-acf3-a0f929bb9741" testId="01bafb96-cb11-158e-f8a7-8fdc1a3cf949" testName="Test1BioGuard.IntegrationTests.ReportesIntegrationTests.Compartir_PacienteNoExiste_Retorna403" computerName="CAISSA" duration="00:00:00.2426625" startTime="2026-08-07T05:16:18.3077572-06:00" endTime="2026-08-07T05:16:18.5555866-06:00" testType="13cdc9d9-ddb5-4fa4-a97d-d965ccfc6d4b" outcome="Passed" testListId="8c84fa94-04c1-424b-9868-57a2d4851a1d" relativeResultsDirectory="c494a873-bbca-4c82-acf3-a0f929bb9741" />
    <UnitTestResult executionId="f94f8504-cf20-4df3-8a09-e4d6ffcda32a" testId="900d6cc2-68d9-5708-69fa-37383a988ddb" testName="Test1BioGuard.IntegrationTests.NotificacionesIntegrationTests.Crear_SinToken_Retorna401" computerName="CAISSA" duration="00:00:00.0660478" startTime="2026-08-07T05:16:17.8394743-06:00" endTime="2026-08-07T05:16:17.9221938-06:00" testType="13cdc9d9-ddb5-4fa4-a97d-d965ccfc6d4b" outcome="Passed" testListId="8c84fa94-04c1-424b-9868-57a2d4851a1d" relativeResultsDirectory="f94f8504-cf20-4df3-8a09-e4d6ffcda32a" />
    <UnitTestResult executionId="cac60a8a-c3ec-4c9a-85b9-6f9af93c81d6" testId="dfa1bb2e-324d-82ec-b23e-0a8710f8799f" testName="Test1BioGuard.UnitTest.PagosServiceTests.ObtenerHistorialAsync_ConPagos_RetornaLista" computerName="CAISSA" duration="00:00:00.0070652" startTime="2026-08-07T05:16:17.2279199-06:00" endTime="2026-08-07T05:16:17.2344346-06:00" testType="13cdc9d9-ddb5-4fa4-a97d-d965ccfc6d4b" outcome="Passed" testListId="8c84fa94-04c1-424b-9868-57a2d4851a1d" relativeResultsDirectory="cac60a8a-c3ec-4c9a-85b9-6f9af93c81d6" />
    <UnitTestResult executionId="5cc890a2-dbd1-4d5b-8390-7564e0a1b15e" testId="513d72b7-9163-0523-825a-89cc2752645a" testName="Test1BioGuard.SecurityTests.AuthorizationSecurityTests.AuthZ_Planes_CuidadorNoPuedeCrear_Retorna403" computerName="CAISSA" duration="00:00:00.0276280" startTime="2026-08-07T05:16:19.5676832-06:00" endTime="2026-08-07T05:16:19.6313044-06:00" testType="13cdc9d9-ddb5-4fa4-a97d-d965ccfc6d4b" outcome="Passed" testListId="8c84fa94-04c1-424b-9868-57a2d4851a1d" relativeResultsDirectory="5cc890a2-dbd1-4d5b-8390-7564e0a1b15e" />
    <UnitTestResult executionId="efe6a8b8-9eb3-4992-aae4-3ddfe71b46cb" testId="6114894b-5931-08bc-c5e3-2690bfeeb5fa" testName="Test1BioGuard.SecurityTests.AuthorizationSecurityTests.ML_Reentrenar_PacienteNoPuede_Retorna403" computerName="CAISSA" duration="00:00:00.0234854" startTime="2026-08-07T05:16:22.4337309-06:00" endTime="2026-08-07T05:16:22.4577819-06:00" testType="13cdc9d9-ddb5-4fa4-a97d-d965ccfc6d4b" outcome="Passed" testListId="8c84fa94-04c1-424b-9868-57a2d4851a1d" relativeResultsDirectory="efe6a8b8-9eb3-4992-aae4-3ddfe71b46cb" />
    <UnitTestResult executionId="a1d2476b-27f8-4586-a5da-61509759ffec" testId="4274a3c5-85d9-655d-650a-0c517d2a0553" testName="Test1BioGuard.IntegrationTests.AdminIntegrationTests.GetUsuarios_ConCorreo_Retorna200" computerName="CAISSA" duration="00:00:00.1874475" startTime="2026-08-07T05:16:16.2715017-06:00" endTime="2026-08-07T05:16:16.4851612-06:00" testType="13cdc9d9-ddb5-4fa4-a97d-d965ccfc6d4b" outcome="Passed" testListId="8c84fa94-04c1-424b-9868-57a2d4851a1d" relativeResultsDirectory="a1d2476b-27f8-4586-a5da-61509759ffec" />
    <UnitTestResult executionId="3b242249-0da0-4656-b9a2-fe8e359e29e3" testId="d9bebe66-ca6e-4932-6dab-ac51fd98c66b" testName="Test1BioGuard.IntegrationTests.SensoresIntegrationTests.ResumenEventos_RetornaResumen" computerName="CAISSA" duration="00:00:00.0351206" startTime="2026-08-07T05:16:22.3959591-06:00" endTime="2026-08-07T05:16:22.4316021-06:00" testType="13cdc9d9-ddb5-4fa4-a97d-d965ccfc6d4b" outcome="Passed" testListId="8c84fa94-04c1-424b-9868-57a2d4851a1d" relativeResultsDirectory="3b242249-0da0-4656-b9a2-fe8e359e29e3" />
    <UnitTestResult executionId="9c56278b-e958-4751-beaf-08c866ab5982" testId="dbe525b4-e235-f0d3-fea6-a515f590b2db" testName="Test1BioGuard.UnitTest.SensorServiceTests.AtenderEventoAsync_EventoExiste_RetornaTrue" computerName="CAISSA" duration="00:00:00.0102239" startTime="2026-08-07T05:16:19.4912582-06:00" endTime="2026-08-07T05:16:19.5011450-06:00" testType="13cdc9d9-ddb5-4fa4-a97d-d965ccfc6d4b" outcome="Passed" testListId="8c84fa94-04c1-424b-9868-57a2d4851a1d" relativeResultsDirectory="9c56278b-e958-4751-beaf-08c866ab5982" />
    <UnitTestResult executionId="b37f1ba8-9bab-4720-a96e-5765284a023f" testId="0cdb3b1e-867b-dfcb-a49a-86e88a8419a1" testName="Test1BioGuard.IntegrationTests.PacientesIntegrationTests.ObtenerDashboardSummary_ConTokenValido_RetornaOk" computerName="CAISSA" duration="00:00:00.1523154" startTime="2026-08-07T05:16:19.7346197-06:00" endTime="2026-08-07T05:16:19.9536822-06:00" testType="13cdc9d9-ddb5-4fa4-a97d-d965ccfc6d4b" outcome="Passed" testListId="8c84fa94-04c1-424b-9868-57a2d4851a1d" relativeResultsDirectory="b37f1ba8-9bab-4720-a96e-5765284a023f" />
    <UnitTestResult executionId="e6330b5b-070e-4242-a2eb-b84934946515" testId="700be66b-2c55-ed25-9881-6a220ffed817" testName="Test1BioGuard.IntegrationTests.CuidadoresIntegrationTests.Disponibles_ConCuidadores_Retorna200" computerName="CAISSA" duration="00:00:00.0492827" startTime="2026-08-07T05:16:21.2346914-06:00" endTime="2026-08-07T05:16:21.2864250-06:00" testType="13cdc9d9-ddb5-4fa4-a97d-d965ccfc6d4b" outcome="Passed" testListId="8c84fa94-04c1-424b-9868-57a2d4851a1d" relativeResultsDirectory="e6330b5b-070e-4242-a2eb-b84934946515" />
    <UnitTestResult executionId="b5407f36-a785-4f8a-8408-88157e2241f5" testId="a699718b-e07f-d025-d58f-bbeb7f6bd3fd" testName="Test1BioGuard.IntegrationTests.AlertasIntegrationTests.Eliminar_AlertaExiste_Retorna204" computerName="CAISSA" duration="00:00:00.1489836" startTime="2026-08-07T05:16:17.5136855-06:00" endTime="2026-08-07T05:16:17.6660830-06:00" testType="13cdc9d9-ddb5-4fa4-a97d-d965ccfc6d4b" outcome="Passed" testListId="8c84fa94-04c1-424b-9868-57a2d4851a1d" relativeResultsDirectory="b5407f36-a785-4f8a-8408-88157e2241f5" />
    <UnitTestResult executionId="c8666807-64b0-4b0b-b4f2-ae67edda3e8e" testId="baa9dba3-17ef-1c0a-4df8-a645d737d451" testName="Test1BioGuard.SecurityTests.AuthorizationSecurityTests.AuthZ_Dispositivos_DuenoNoPuedeVincular_Retorna401" computerName="CAISSA" duration="00:00:00.1390357" startTime="2026-08-07T05:16:19.6329204-06:00" endTime="2026-08-07T05:16:19.7915754-06:00" testType="13cdc9d9-ddb5-4fa4-a97d-d965ccfc6d4b" outcome="Passed" testListId="8c84fa94-04c1-424b-9868-57a2d4851a1d" relativeResultsDirectory="c8666807-64b0-4b0b-b4f2-ae67edda3e8e" />
    <UnitTestResult executionId="95c21155-f4cc-4611-a081-c0635a2bda31" testId="ebe76bb2-4c16-9718-d638-44bc83a9613c" testName="Test1BioGuard.UnitTest.MLServiceTests.ObtenerModelosAsync_ConModelos_RetornaLista" computerName="CAISSA" duration="00:00:00.0158482" startTime="2026-08-07T05:16:13.1510415-06:00" endTime="2026-08-07T05:16:13.1602089-06:00" testType="13cdc9d9-ddb5-4fa4-a97d-d965ccfc6d4b" outcome="Passed" testListId="8c84fa94-04c1-424b-9868-57a2d4851a1d" relativeResultsDirectory="95c21155-f4cc-4611-a081-c0635a2bda31" />
    <UnitTestResult executionId="e8a2f465-e146-4fc1-971d-c9b3d154c9b4" testId="8bb07171-206a-622b-6edc-8eb60729391f" testName="Test1BioGuard.UnitTest.MLServiceTests.ObtenerMetricasAsync_ModeloNoExiste_RetornaNull" computerName="CAISSA" duration="00:00:00.0059288" startTime="2026-08-07T05:16:13.1119282-06:00" endTime="2026-08-07T05:16:13.1221804-06:00" testType="13cdc9d9-ddb5-4fa4-a97d-d965ccfc6d4b" outcome="Passed" testListId="8c84fa94-04c1-424b-9868-57a2d4851a1d" relativeResultsDirectory="e8a2f465-e146-4fc1-971d-c9b3d154c9b4" />
    <UnitTestResult executionId="6d55b9cf-34b5-42a2-bb26-319cf1418d35" testId="bb1d3d58-30c3-2b6b-6bd9-46823be08d8e" testName="Test1BioGuard.UnitTest.AlertaServiceTests.ObtenerPendientesAsync_ConPendientes_RetornaLista" computerName="CAISSA" duration="00:00:00.0070049" startTime="2026-08-07T05:16:20.6456536-06:00" endTime="2026-08-07T05:16:20.6505112-06:00" testType="13cdc9d9-ddb5-4fa4-a97d-d965ccfc6d4b" outcome="Passed" testListId="8c84fa94-04c1-424b-9868-57a2d4851a1d" relativeResultsDirectory="6d55b9cf-34b5-42a2-bb26-319cf1418d35" />
    <UnitTestResult executionId="26fae73d-40e1-4ce4-ae13-2185ae1b1d25" testId="fac9dcc3-5a7c-3b0a-0898-68f9f06cf389" testName="Test1BioGuard.IntegrationTests.AuthIntegrationTests.LoginByCodigo_CodigoPaciente_Retorna200" computerName="CAISSA" duration="00:00:00.2247234" startTime="2026-08-07T05:16:18.3524618-06:00" endTime="2026-08-07T05:16:18.6651394-06:00" testType="13cdc9d9-ddb5-4fa4-a97d-d965ccfc6d4b" outcome="Passed" testListId="8c84fa94-04c1-424b-9868-57a2d4851a1d" relativeResultsDirectory="26fae73d-40e1-4ce4-ae13-2185ae1b1d25" />
    <UnitTestResult executionId="338af245-f154-428b-8020-459f31b63d84" testId="7f838160-6bc8-6f7f-ecd9-8532d9882bbd" testName="Test1BioGuard.UnitTest.PacienteServiceTests.GetByIdAsync_PacienteNoExiste_RetornaNull" computerName="CAISSA" duration="00:00:00.0049303" startTime="2026-08-07T05:16:19.8100031-06:00" endTime="2026-08-07T05:16:19.8140248-06:00" testType="13cdc9d9-ddb5-4fa4-a97d-d965ccfc6d4b" outcome="Passed" testListId="8c84fa94-04c1-424b-9868-57a2d4851a1d" relativeResultsDirectory="338af245-f154-428b-8020-459f31b63d84" />
    <UnitTestResult executionId="2dfd0adc-0011-4235-b367-9ac1ea6c2690" testId="231ce853-0c67-ecbb-a6c0-936c99dcd440" testName="Test1BioGuard.SecurityTests.AuthorizationSecurityTests.AuthZ_Planes_CuidadorNoPuedeEditar_Retorna403" computerName="CAISSA" duration="00:00:00.0696966" startTime="2026-08-07T05:16:20.1819616-06:00" endTime="2026-08-07T05:16:20.2796284-06:00" testType="13cdc9d9-ddb5-4fa4-a97d-d965ccfc6d4b" outcome="Passed" testListId="8c84fa94-04c1-424b-9868-57a2d4851a1d" relativeResultsDirectory="2dfd0adc-0011-4235-b367-9ac1ea6c2690" />
    <UnitTestResult executionId="c63dc7e1-503e-4885-b79d-05177ebbe77d" testId="7149ca4f-0ff9-aa11-b3c5-76b1be8d386b" testName="Test1BioGuard.IntegrationTests.AuthIntegrationTests.Verificar2FA_CodigoValido_Retorna200" computerName="CAISSA" duration="00:00:00.1654673" startTime="2026-08-07T05:16:18.6657272-06:00" endTime="2026-08-07T05:16:18.8339446-06:00" testType="13cdc9d9-ddb5-4fa4-a97d-d965ccfc6d4b" outcome="Passed" testListId="8c84fa94-04c1-424b-9868-57a2d4851a1d" relativeResultsDirectory="c63dc7e1-503e-4885-b79d-05177ebbe77d" />
    <UnitTestResult executionId="d823e82a-7512-46c4-ba2f-ac9263dbc46e" testId="66b4bbc1-043d-8052-1a15-43e4b3763225" testName="Test1BioGuard.SecurityTests.InputValidationTests.Register_PasswordCorta_Retorna400" computerName="CAISSA" duration="00:00:00.1356288" startTime="2026-08-07T05:16:20.6999585-06:00" endTime="2026-08-07T05:16:20.8512809-06:00" testType="13cdc9d9-ddb5-4fa4-a97d-d965ccfc6d4b" outcome="Passed" testListId="8c84fa94-04c1-424b-9868-57a2d4851a1d" relativeResultsDirectory="d823e82a-7512-46c4-ba2f-ac9263dbc46e" />
    <UnitTestResult executionId="201a1d14-2eda-43d5-96d0-ec74a88c1010" testId="8f76f070-7880-2f1d-f8ed-332d43551378" testName="Test1BioGuard.IntegrationTests.SensoresIntegrationTests.ExportarPDF_SinToken_Retorna401" computerName="CAISSA" duration="00:00:00.0150500" startTime="2026-08-07T05:16:22.1849233-06:00" endTime="2026-08-07T05:16:22.2010887-06:00" testType="13cdc9d9-ddb5-4fa4-a97d-d965ccfc6d4b" outcome="Passed" testListId="8c84fa94-04c1-424b-9868-57a2d4851a1d" relativeResultsDirectory="201a1d14-2eda-43d5-96d0-ec74a88c1010" />
    <UnitTestResult executionId="326fe93a-cfcb-44da-b7df-5e647aab5aa6" testId="9cc084ac-f3ea-2ded-96db-ad4483d3fa9d" testName="Test1BioGuard.SecurityTests.AuthorizationSecurityTests.Health_Get_Retorna200ConStatus" computerName="CAISSA" duration="00:00:00.0233714" startTime="2026-08-07T05:16:22.6724872-06:00" endTime="2026-08-07T05:16:22.6966973-06:00" testType="13cdc9d9-ddb5-4fa4-a97d-d965ccfc6d4b" outcome="Passed" testListId="8c84fa94-04c1-424b-9868-57a2d4851a1d" relativeResultsDirectory="326fe93a-cfcb-44da-b7df-5e647aab5aa6" />
    <UnitTestResult executionId="a0a871b3-8080-4736-8841-c4faaefd4155" testId="acb035e8-29d5-55b0-45d5-0bad71eb147a" testName="Test1BioGuard.SecurityTests.AuthorizationSecurityTests.ML_Entrenar_PacienteNoPuede_Retorna403" computerName="CAISSA" duration="00:00:00.0113042" startTime="2026-08-07T05:16:22.4583692-06:00" endTime="2026-08-07T05:16:22.4707767-06:00" testType="13cdc9d9-ddb5-4fa4-a97d-d965ccfc6d4b" outcome="Passed" testListId="8c84fa94-04c1-424b-9868-57a2d4851a1d" relativeResultsDirectory="a0a871b3-8080-4736-8841-c4faaefd4155" />
    <UnitTestResult executionId="c0011baf-a0c4-4998-b8ce-de111ef18f8e" testId="bac848a6-738c-e3c3-914d-acda850aaa3d" testName="Test1BioGuard.SecurityTests.InputValidationTests.CrearMedicamento_PacienteIdVacio_Retorna400" computerName="CAISSA" duration="00:00:00.1611579" startTime="2026-08-07T05:16:19.8112595-06:00" endTime="2026-08-07T05:16:20.0009650-06:00" testType="13cdc9d9-ddb5-4fa4-a97d-d965ccfc6d4b" outcome="Passed" testListId="8c84fa94-04c1-424b-9868-57a2d4851a1d" relativeResultsDirectory="c0011baf-a0c4-4998-b8ce-de111ef18f8e" />
    <UnitTestResult executionId="6b829c98-6bf1-4d39-bf0b-a24654be2e0a" testId="5aeeeb02-5ab3-cc9b-12a8-6927ad90baf0" testName="Test1BioGuard.IntegrationTests.SensoresIntegrationTests.InsertarTrackingBatch_SinToken_Retorna401" computerName="CAISSA" duration="00:00:00.0138125" startTime="2026-08-07T05:16:22.1555473-06:00" endTime="2026-08-07T05:16:22.1682740-06:00" testType="13cdc9d9-ddb5-4fa4-a97d-d965ccfc6d4b" outcome="Passed" testListId="8c84fa94-04c1-424b-9868-57a2d4851a1d" relativeResultsDirectory="6b829c98-6bf1-4d39-bf0b-a24654be2e0a" />
    <UnitTestResult executionId="49a9cd1f-afed-4045-9495-49b5e40f9e89" testId="99a13449-a082-9888-15ca-4a1d2ef718a6" testName="Test1BioGuard.IntegrationTests.AuditoriaIntegrationTests.Listar_ConRegistros_Retorna200" computerName="CAISSA" duration="00:00:00.4712984" startTime="2026-08-07T05:16:19.8980679-06:00" endTime="2026-08-07T05:16:20.4077797-06:00" testType="13cdc9d9-ddb5-4fa4-a97d-d965ccfc6d4b" outcome="Passed" testListId="8c84fa94-04c1-424b-9868-57a2d4851a1d" relativeResultsDirectory="49a9cd1f-afed-4045-9495-49b5e40f9e89" />
    <UnitTestResult executionId="0e15b2b9-ec1a-436e-a639-b68d43fd5b5d" testId="e5dcd054-778f-f817-2d58-8f4266357b5e" testName="Test1BioGuard.IntegrationTests.SensoresIntegrationTests.ObtenerLecturasRango_ConRango_Retorna200" computerName="CAISSA" duration="00:00:00.4780938" startTime="2026-08-07T05:16:20.6644957-06:00" endTime="2026-08-07T05:16:21.1491850-06:00" testType="13cdc9d9-ddb5-4fa4-a97d-d965ccfc6d4b" outcome="Passed" testListId="8c84fa94-04c1-424b-9868-57a2d4851a1d" relativeResultsDirectory="0e15b2b9-ec1a-436e-a639-b68d43fd5b5d" />
    <UnitTestResult executionId="0ad4f347-6393-4b89-b6c8-024d3eaa5887" testId="fc086f12-d9dc-4987-bb50-8b07872b0fe6" testName="Test1BioGuard.IntegrationTests.SensoresIntegrationTests.CrearEvento_DatosValidos_Retorna200" computerName="CAISSA" duration="00:00:00.1062660" startTime="2026-08-07T05:16:21.1498617-06:00" endTime="2026-08-07T05:16:21.2574787-06:00" testType="13cdc9d9-ddb5-4fa4-a97d-d965ccfc6d4b" outcome="Passed" testListId="8c84fa94-04c1-424b-9868-57a2d4851a1d" relativeResultsDirectory="0ad4f347-6393-4b89-b6c8-024d3eaa5887" />
    <UnitTestResult executionId="47569f6e-3e5a-448f-b119-dc1d0a993639" testId="025f5dc5-6ac9-69f8-c02e-1b4abdcd1d2a" testName="Test1BioGuard.NonFunctionalTests.ErrorMessagesTests.UsuariosWeb_SubirFoto_FormatoInvalido_Retorna400ConMessage" computerName="CAISSA" duration="00:00:00.0458851" startTime="2026-08-07T05:16:22.1129287-06:00" endTime="2026-08-07T05:16:22.1602286-06:00" testType="13cdc9d9-ddb5-4fa4-a97d-d965ccfc6d4b" outcome="Passed" testListId="8c84fa94-04c1-424b-9868-57a2d4851a1d" relativeResultsDirectory="47569f6e-3e5a-448f-b119-dc1d0a993639" />
    <UnitTestResult executionId="67c95f32-6fa6-4b2f-80fc-1506206d928f" testId="2b4548c1-a3c7-72f8-68fa-65bf3a476021" testName="Test1BioGuard.IntegrationTests.AlertasIntegrationTests.GetById_AlertaExiste_Retorna200" computerName="CAISSA" duration="00:00:00.1276704" startTime="2026-08-07T05:16:16.4035609-06:00" endTime="2026-08-07T05:16:16.5512305-06:00" testType="13cdc9d9-ddb5-4fa4-a97d-d965ccfc6d4b" outcome="Passed" testListId="8c84fa94-04c1-424b-9868-57a2d4851a1d" relativeResultsDirectory="67c95f32-6fa6-4b2f-80fc-1506206d928f" />
    <UnitTestResult executionId="1cd32a48-fb81-425b-9137-76da7c9fb91d" testId="32b76baa-180d-a127-dfd7-dfcb28b03609" testName="Test1BioGuard.UnitTest.AlertaServiceTests.ObtenerPorIdAsync_AlertaExiste_RetornaAlerta" computerName="CAISSA" duration="00:00:00.0043947" startTime="2026-08-07T05:16:20.6551172-06:00" endTime="2026-08-07T05:16:20.6612460-06:00" testType="13cdc9d9-ddb5-4fa4-a97d-d965ccfc6d4b" outcome="Passed" testListId="8c84fa94-04c1-424b-9868-57a2d4851a1d" relativeResultsDirectory="1cd32a48-fb81-425b-9137-76da7c9fb91d" />
    <UnitTestResult executionId="85fdb6c4-b5e9-4805-b604-2a4bd316d0ca" testId="69e235b0-96d3-d8e8-7598-054b0b16efff" testName="Test1BioGuard.UnitTest.PagosServiceTests.ActualizarPagoCompletadoAsync_ActualizaEstado" computerName="CAISSA" duration="00:00:00.0106960" startTime="2026-08-07T05:16:17.2182883-06:00" endTime="2026-08-07T05:16:17.2271707-06:00" testType="13cdc9d9-ddb5-4fa4-a97d-d965ccfc6d4b" outcome="Passed" testListId="8c84fa94-04c1-424b-9868-57a2d4851a1d" relativeResultsDirectory="85fdb6c4-b5e9-4805-b604-2a4bd316d0ca" />
    <UnitTestResult executionId="10efc309-9adc-4629-80bf-a631b751b864" testId="c6cd2c58-ca5c-f2fa-7e6c-b65f508eeb29" testName="Test1BioGuard.NonFunctionalTests.ChaosTests.ErrorHandler_TraeTraceId_EnProduccion" computerName="CAISSA" duration="00:00:00.2145146" startTime="2026-08-07T05:16:16.4380081-06:00" endTime="2026-08-07T05:16:16.6585350-06:00" testType="13cdc9d9-ddb5-4fa4-a97d-d965ccfc6d4b" outcome="Passed" testListId="8c84fa94-04c1-424b-9868-57a2d4851a1d" relativeResultsDirectory="10efc309-9adc-4629-80bf-a631b751b864" />
    <UnitTestResult executionId="a928995c-a335-4d94-b522-a91977acb91d" testId="292ebfb3-123b-d242-5aa7-a92e8adf70a9" testName="Test1BioGuard.IntegrationTests.MedicamentosIntegrationTests.Eliminar_MedicamentoExiste_Retorna204" computerName="CAISSA" duration="00:00:00.0764126" startTime="2026-08-07T05:16:17.8732331-06:00" endTime="2026-08-07T05:16:18.0300028-06:00" testType="13cdc9d9-ddb5-4fa4-a97d-d965ccfc6d4b" outcome="Passed" testListId="8c84fa94-04c1-424b-9868-57a2d4851a1d" relativeResultsDirectory="a928995c-a335-4d94-b522-a91977acb91d" />
    <UnitTestResult executionId="8e5df209-739c-42f1-bdd2-3bf9888a48ee" testId="81bcb656-2265-5443-593a-1a2309912b43" testName="Test1BioGuard.IntegrationTests.PlanesIntegrationTests.Seed_YaExistenPlanes_Retorna400" computerName="CAISSA" duration="00:00:00.2877421" startTime="2026-08-07T05:16:18.0333226-06:00" endTime="2026-08-07T05:16:18.3589856-06:00" testType="13cdc9d9-ddb5-4fa4-a97d-d965ccfc6d4b" outcome="Passed" testListId="8c84fa94-04c1-424b-9868-57a2d4851a1d" relativeResultsDirectory="8e5df209-739c-42f1-bdd2-3bf9888a48ee" />
    <UnitTestResult executionId="14bcecee-2ba8-4fef-a59e-a1bb97b1866b" testId="b8acc037-c8ac-399c-ecf3-dc9be007cc9e" testName="Test1BioGuard.IntegrationTests.PagosIntegrationTests.CrearSesion_ProcesadorInvalido_Retorna400" computerName="CAISSA" duration="00:00:00.4601964" startTime="2026-08-07T05:16:18.8600310-06:00" endTime="2026-08-07T05:16:19.3376732-06:00" testType="13cdc9d9-ddb5-4fa4-a97d-d965ccfc6d4b" outcome="Passed" testListId="8c84fa94-04c1-424b-9868-57a2d4851a1d" relativeResultsDirectory="14bcecee-2ba8-4fef-a59e-a1bb97b1866b" />
    <UnitTestResult executionId="2c394bdd-5728-42f9-866a-d0700511a755" testId="e48705a2-2cdd-5481-d1a5-b95b913ea386" testName="Test1BioGuard.UnitTest.NotificacionServiceTests.EliminarAsync_NotificacionExiste_RetornaTrue" computerName="CAISSA" duration="00:00:00.0078935" startTime="2026-08-07T05:16:13.6327897-06:00" endTime="2026-08-07T05:16:13.6391614-06:00" testType="13cdc9d9-ddb5-4fa4-a97d-d965ccfc6d4b" outcome="Passed" testListId="8c84fa94-04c1-424b-9868-57a2d4851a1d" relativeResultsDirectory="2c394bdd-5728-42f9-866a-d0700511a755" />
    <UnitTestResult executionId="aedc1178-bfae-43d6-a63e-ad1d835961b5" testId="7b37cb6f-8a87-1a16-483c-d2bb911979b1" testName="Test1BioGuard.SecurityTests.IDORSecurityTests.Reportes_Resumen_OtroUsuario_Retorna403" computerName="CAISSA" duration="00:00:00.1178003" startTime="2026-08-07T05:16:20.8686522-06:00" endTime="2026-08-07T05:16:20.9978370-06:00" testType="13cdc9d9-ddb5-4fa4-a97d-d965ccfc6d4b" outcome="Passed" testListId="8c84fa94-04c1-424b-9868-57a2d4851a1d" relativeResultsDirectory="aedc1178-bfae-43d6-a63e-ad1d835961b5" />
    <UnitTestResult executionId="de027756-683a-424c-a593-f769ee72b389" testId="4f8ae331-b357-507a-d8c9-d92630e34235" testName="Test1BioGuard.NonFunctionalTests.ErrorMessagesTests.Reportes_Compartir_DiasValidezInvalido_Retorna400ConMessage" computerName="CAISSA" duration="00:00:00.0987640" startTime="2026-08-07T05:16:21.0078221-06:00" endTime="2026-08-07T05:16:21.1069720-06:00" testType="13cdc9d9-ddb5-4fa4-a97d-d965ccfc6d4b" outcome="Passed" testListId="8c84fa94-04c1-424b-9868-57a2d4851a1d" relativeResultsDirectory="de027756-683a-424c-a593-f769ee72b389" />
    <UnitTestResult executionId="b8a0b062-bf0f-466f-96cf-279c9705aba7" testId="4ea92895-51e3-c634-1891-a06b95d87ac7" testName="Test1BioGuard.IntegrationTests.PacientesIntegrationTests.MiPaciente_SinPaciente_Retorna404" computerName="CAISSA" duration="00:00:00.1350960" startTime="2026-08-07T05:16:20.1129183-06:00" endTime="2026-08-07T05:16:20.2582325-06:00" testType="13cdc9d9-ddb5-4fa4-a97d-d965ccfc6d4b" outcome="Passed" testListId="8c84fa94-04c1-424b-9868-57a2d4851a1d" relativeResultsDirectory="b8a0b062-bf0f-466f-96cf-279c9705aba7" />
    <UnitTestResult executionId="3704e8c9-94e6-426f-8e60-ab8efbeadcd0" testId="ef1272a0-c6df-490c-4902-eea6e532602f" testName="Test1BioGuard.SecurityTests.AuthorizationSecurityTests.NivelAcceso_CuidadorSoloAlertasNoPuedeVerTrackingRuta_Retorna403" computerName="CAISSA" duration="00:00:00.1399317" startTime="2026-08-07T05:16:20.0406591-06:00" endTime="2026-08-07T05:16:20.1813139-06:00" testType="13cdc9d9-ddb5-4fa4-a97d-d965ccfc6d4b" outcome="Passed" testListId="8c84fa94-04c1-424b-9868-57a2d4851a1d" relativeResultsDirectory="3704e8c9-94e6-426f-8e60-ab8efbeadcd0" />
    <UnitTestResult executionId="1c542c32-2e87-4b9a-bd9e-410e836f7fc6" testId="d27f9e16-de9a-2ccb-99c4-873d51ae14d7" testName="Test1BioGuard.IntegrationTests.AuditoriaIntegrationTests.Listar_Admin_RetornaTodosLosRegistros" computerName="CAISSA" duration="00:00:00.1051738" startTime="2026-08-07T05:16:20.8188881-06:00" endTime="2026-08-07T05:16:20.9378208-06:00" testType="13cdc9d9-ddb5-4fa4-a97d-d965ccfc6d4b" outcome="Passed" testListId="8c84fa94-04c1-424b-9868-57a2d4851a1d" relativeResultsDirectory="1c542c32-2e87-4b9a-bd9e-410e836f7fc6" />
    <UnitTestResult executionId="ee5fcab5-1490-4139-9856-0268ffa17e09" testId="4ccf1cb2-e38f-ab49-6074-fa3d8195732d" testName="Test1BioGuard.UnitTest.DispositivoServiceTests.ActualizarAsync_DispositivoNoExiste_RetornaFalse" computerName="CAISSA" duration="00:00:00.0044662" startTime="2026-08-07T05:16:13.4356584-06:00" endTime="2026-08-07T05:16:13.4395832-06:00" testType="13cdc9d9-ddb5-4fa4-a97d-d965ccfc6d4b" outcome="Passed" testListId="8c84fa94-04c1-424b-9868-57a2d4851a1d" relativeResultsDirectory="ee5fcab5-1490-4139-9856-0268ffa17e09" />
    <UnitTestResult executionId="b5015492-f1fb-4674-8f7a-375da07c9758" testId="81df2c53-9458-1e9b-40e9-5f5b1c21e3f8" testName="Test1BioGuard.UnitTest.AuthServiceTests.ForgotPasswordAsync_UsuarioNoExiste_RetornaFalse" computerName="CAISSA" duration="00:00:00.0057053" startTime="2026-08-07T05:16:19.4576775-06:00" endTime="2026-08-07T05:16:19.4614965-06:00" testType="13cdc9d9-ddb5-4fa4-a97d-d965ccfc6d4b" outcome="Passed" testListId="8c84fa94-04c1-424b-9868-57a2d4851a1d" relativeResultsDirectory="b5015492-f1fb-4674-8f7a-375da07c9758" />
    <UnitTestResult executionId="00f7c01e-cb3f-4d28-ab37-a077a1ff9d68" testId="2402309d-c783-a141-f3ba-144fd5e09b54" testName="Test1BioGuard.UnitTest.PagosServiceTests.CancelarAsync_SinPagoActivo_RetornaFalse" computerName="CAISSA" duration="00:00:00.0429833" startTime="2026-08-07T05:16:17.1420720-06:00" endTime="2026-08-07T05:16:17.1849519-06:00" testType="13cdc9d9-ddb5-4fa4-a97d-d965ccfc6d4b" outcome="Passed" testListId="8c84fa94-04c1-424b-9868-57a2d4851a1d" relativeResultsDirectory="00f7c01e-cb3f-4d28-ab37-a077a1ff9d68" />
    <UnitTestResult executionId="c120735d-0eb1-4d0f-944a-2fc71b4ee489" testId="2e5d108f-e6b7-6591-4490-594630726ab5" testName="Test1BioGuard.IntegrationTests.MLIntegrationTests.PrediccionActual_SinPrediccion_RetornaSinDatos" computerName="CAISSA" duration="00:00:00.1239678" startTime="2026-08-07T05:16:17.7073214-06:00" endTime="2026-08-07T05:16:17.8655391-06:00" testType="13cdc9d9-ddb5-4fa4-a97d-d965ccfc6d4b" outcome="Passed" testListId="8c84fa94-04c1-424b-9868-57a2d4851a1d" relativeResultsDirectory="c120735d-0eb1-4d0f-944a-2fc71b4ee489" />
    <UnitTestResult executionId="41d9959e-6fe3-4e9c-bc8b-7dd3ef8eb961" testId="ec27770c-19c9-1488-49be-b848a724a90a" testName="Test1BioGuard.NonFunctionalTests.ChaosTests.MongoDbUnavailable_MiPaciente_Retorna500" computerName="CAISSA" duration="00:00:00.1606287" startTime="2026-08-07T05:16:16.8933973-06:00" endTime="2026-08-07T05:16:17.1076324-06:00" testType="13cdc9d9-ddb5-4fa4-a97d-d965ccfc6d4b" outcome="Passed" testListId="8c84fa94-04c1-424b-9868-57a2d4851a1d" relativeResultsDirectory="41d9959e-6fe3-4e9c-bc8b-7dd3ef8eb961" />
    <UnitTestResult executionId="2a03e5ee-8659-445e-b5e9-e8ee1f06d0b5" testId="68f4a540-9795-6efd-0990-175abdbb51f7" testName="Test1BioGuard.IntegrationTests.FlujosCompletosTests.Flujo2_GestionCuidadores_Exitoso" computerName="CAISSA" duration="00:00:00.4466972" startTime="2026-08-07T05:16:16.9764168-06:00" endTime="2026-08-07T05:16:17.4401773-06:00" testType="13cdc9d9-ddb5-4fa4-a97d-d965ccfc6d4b" outcome="Passed" testListId="8c84fa94-04c1-424b-9868-57a2d4851a1d" relativeResultsDirectory="2a03e5ee-8659-445e-b5e9-e8ee1f06d0b5" />
    <UnitTestResult executionId="e85314ef-96e7-4ffa-8da8-4db7bf957b58" testId="32ec1656-06e0-b660-38aa-852dfbeae4b6" testName="Test1BioGuard.SecurityTests.AuthorizationSecurityTests.IDOR_Medicamentos_CuidadorPuedeVerPacienteB_Retorna200" computerName="CAISSA" duration="00:00:00.0179795" startTime="2026-08-07T05:16:22.2580023-06:00" endTime="2026-08-07T05:16:22.2767594-06:00" testType="13cdc9d9-ddb5-4fa4-a97d-d965ccfc6d4b" outcome="Passed" testListId="8c84fa94-04c1-424b-9868-57a2d4851a1d" relativeResultsDirectory="e85314ef-96e7-4ffa-8da8-4db7bf957b58" />
    <UnitTestResult executionId="4af53255-ba32-4d61-a07e-31b4b6ef5197" testId="da201fe3-3309-7432-7b7f-39ac063b322e" testName="Test1BioGuard.IntegrationTests.ReportesIntegrationTests.Resumen_SinToken_Retorna401" computerName="CAISSA" duration="00:00:00.0815541" startTime="2026-08-07T05:16:17.8670524-06:00" endTime="2026-08-07T05:16:17.9616226-06:00" testType="13cdc9d9-ddb5-4fa4-a97d-d965ccfc6d4b" outcome="Passed" testListId="8c84fa94-04c1-424b-9868-57a2d4851a1d" relativeResultsDirectory="4af53255-ba32-4d61-a07e-31b4b6ef5197" />
    <UnitTestResult executionId="f6918d0f-adcb-407c-99b6-f649b040fdf7" testId="af829f78-1cf1-2b82-6d23-1112105d80ad" testName="Test1BioGuard.SecurityTests.IDORSecurityTests.Notificaciones_ObtenerPorPaciente_OtroUsuario_Retorna403" computerName="CAISSA" duration="00:00:00.1303665" startTime="2026-08-07T05:16:16.9856532-06:00" endTime="2026-08-07T05:16:17.1252013-06:00" testType="13cdc9d9-ddb5-4fa4-a97d-d965ccfc6d4b" outcome="Passed" testListId="8c84fa94-04c1-424b-9868-57a2d4851a1d" relativeResultsDirectory="f6918d0f-adcb-407c-99b6-f649b040fdf7" />
[...]
         at Program.&lt;Main&gt;$(String[] args) in C:\Users\alexi\OneDrive\Pictures\POKEMON\EDEL2.0\Backend-BioGuard-master\BioGuard.Api\Program.cs:line 157&#xD;
info: BioGuard.Api.Controllers.AuditoriaController[0]&#xD;
      Listing audit logs, page 1, size 50&#xD;
info: BioGuard.Api.Services.AuditoriaService[0]&#xD;
      Obteniendo auditor�a, p�gina 1, entidadId: todos&#xD;
info: BioGuard.Api.Controllers.AuthController[0]&#xD;
      Login by codigo attempt: 861d23c0c19a&#xD;
warn: BioGuard.Api.Services.FCMService[0]&#xD;
      Firebase credentials not configured. FCM disabled.&#xD;
warn: BioGuard.Api.Services.AuthService[0]&#xD;
      Login by code failed: code not found&#xD;
warn: BioGuard.Api.Controllers.AuthController[0]&#xD;
      Login by codigo failed: 861d23c0c19a&#xD;
info: BioGuard.Api.Controllers.PacientesController[0]&#xD;
      Listing patients for user: user123&#xD;
warn: BioGuard.Api.Services.FCMService[0]&#xD;
      Firebase credentials not configured. FCM disabled.&#xD;
info: BioGuard.Api.Services.EscalamientoBackgroundService[0]&#xD;
      Servicio de Escalamiento en Segundo Plano iniciado.&#xD;
warn: BioGuard.Api.Services.CriptoService[0]&#xD;
      CriptoService: no se defini� CRIPTO_KEY/Cripto:Key; derivando la clave de cifrado desde JWT_SECRET_KEY. Configura CRIPTO_KEY para aislar la clave de cifrado de la clave de firma JWT.&#xD;
warn: BioGuard.Api.Services.FCMService[0]&#xD;
      Firebase credentials not configured. FCM disabled.&#xD;
fail: BioGuard.Api.Services.EscalamientoBackgroundService[0]&#xD;
      Error en el ciclo del servicio de escalamiento&#xD;
      System.NullReferenceException: Object reference not set to an instance of an object.&#xD;
         at BioGuard.Api.Services.EscalamientoBackgroundService.ExecuteAsync(CancellationToken stoppingToken) in C:\Users\alexi\OneDrive\Pictures\POKEMON\EDEL2.0\Backend-BioGuard-master\BioGuard.Api\Services\EscalamientoBackgroundService.cs:line 38&#xD;
warn: BioGuard.Api.Controllers.PlanesController[0]&#xD;
      Seed aborted: active plans already exist&#xD;
info: BioGuard.Api.Services.EscalamientoBackgroundService[0]&#xD;
      Servicio de Escalamiento en Segundo Plano iniciado.&#xD;
warn: BioGuard.Api.Services.CriptoService[0]&#xD;
      CriptoService: no se defini� CRIPTO_KEY/Cripto:Key; derivando la clave de cifrado desde JWT_SECRET_KEY. Configura CRIPTO_KEY para aislar la clave de cifrado de la clave de firma JWT.&#xD;
warn: BioGuard.Api.Services.FCMService[0]&#xD;
      Firebase credentials not configured. FCM disabled.&#xD;
info: BioGuard.Api.Controllers.CuidadoresController[0]&#xD;
      Listing cuidadores for user: user123&#xD;
fail: BioGuard.Api.Services.EscalamientoBackgroundService[0]&#xD;
      Error en el ciclo del servicio de escalamiento&#xD;
      System.NullReferenceException: Object reference not set to an instance of an object.&#xD;
         at BioGuard.Api.Services.EscalamientoBackgroundService.ExecuteAsync(CancellationToken stoppingToken) in C:\Users\alexi\OneDrive\Pictures\POKEMON\EDEL2.0\Backend-BioGuard-master\BioGuard.Api\Services\EscalamientoBackgroundService.cs:line 38&#xD;
warn: Microsoft.AspNetCore.HttpsPolicy.HttpsRedirectionMiddleware[3]&#xD;
      Failed to determine the https port for redirect.&#xD;
warn: BioGuard.Api.Services.FCMService[0]&#xD;
      Firebase credentials not configured. FCM disabled.&#xD;
info: BioGuard.Api.Controllers.PlanesController[0]&#xD;
      Listing active plans&#xD;
warn: Microsoft.AspNetCore.HttpsPolicy.HttpsRedirectionMiddleware[3]&#xD;
      Failed to determine the https port for redirect.&#xD;
warn: BioGuard.Api.Services.FCMService[0]&#xD;
      Firebase credentials not configured. FCM disabled.&#xD;
info: BioGuard.Api.Controllers.SensoresController[0]&#xD;
      Fetching readings range for paciente: 123456789012345678901234 from 01/01/2024 00:00:00 to 12/31/2024 23:59:59&#xD;
info: BioGuard.Api.Controllers.PlanesController[0]&#xD;
      Listing active plans&#xD;
info: BioGuard.Api.Controllers.CuidadoresController[0]&#xD;
      Checking available slots for user: user123&#xD;
warn: BioGuard.Api.Controllers.CuidadoresController[0]&#xD;
      No patient found for user: user123 when checking available slots&#xD;
info: BioGuard.Api.Controllers.AuthController[0]&#xD;
      Web login attempt for email: n***@test.com&#xD;
warn: BioGuard.Api.Services.AuthService[0]&#xD;
      Login attempt for inactive or non-existent user: n***@test.com&#xD;
warn: BioGuard.Api.Controllers.AuthController[0]&#xD;
      Web login failed for email: n***@test.com - invalid credentials&#xD;
info: BioGuard.Api.Services.AuditoriaService[0]&#xD;
      Registrando auditor�a: login_fallido en usuarios_web, registro noexiste@test.com&#xD;
warn: BioGuard.Api.Services.FCMService[0]&#xD;
      Firebase credentials not configured. FCM disabled.&#xD;
info: BioGuard.Api.Controllers.PlanesController[0]&#xD;
      Listing active plans&#xD;
info: BioGuard.Api.Controllers.AuthController[0]&#xD;
      Password change attempt for user: user123&#xD;
warn: BioGuard.Api.Services.FCMService[0]&#xD;
      Firebase credentials not configured. FCM disabled.&#xD;
info: BioGuard.Api.Controllers.CuidadoresController[0]&#xD;
      Fetching QR for cuidador: cuid123&#xD;
info: BioGuard.Api.Controllers.PlanesController[0]&#xD;
      Listing active plans&#xD;
info: BioGuard.Api.Controllers.SensoresController[0]&#xD;
      Creating metabolic event for paciente: 123456789012345678901234, risk: Critico&#xD;
info: BioGuard.Api.Services.SensorService[0]&#xD;
      Metabolic event created for patient: 123456789012345678901234&#xD;
info: BioGuard.Api.Services.AuditoriaService[0]&#xD;
      Registrando auditor�a: evento_metabolico en eventos_metabolicos, registro &#xD;
info: BioGuard.Api.Controllers.PagosController[0]&#xD;
      Creating payment session for user dueno_test, plan PlanInexistente, procesador stripe&#xD;
warn: BioGuard.Api.Controllers.PagosController[0]&#xD;
      Invalid plan PlanInexistente for payment session by user dueno_test&#xD;
info: BioGuard.Api.Controllers.CuidadoresController[0]&#xD;
      Checking available slots for user: user123&#xD;
info: BioGuard.Api.Controllers.PlanesController[0]&#xD;
      Listing active plans&#xD;
warn: BioGuard.Api.Services.FCMService[0]&#xD;
      Firebase credentials not configured. FCM disabled.&#xD;
info: BioGuard.Api.Controllers.PlanesController[0]&#xD;
      Listing active plans&#xD;
info: BioGuard.Api.Controllers.AlertasController[0]&#xD;
      Creating alert for paciente: 123456789012345678901234, type: glucosa, level: ultra-critico&#xD;
info: BioGuard.Api.Controllers.CuidadoresController[0]&#xD;
      Editing cuidador: cuid123&#xD;
info: BioGuard.Api.Services.CuidadorService[0]&#xD;
      Caregiver updated: cuid123&#xD;
info: BioGuard.Api.Services.AuditoriaService[0]&#xD;
      Registrando auditor�a: editar_cuidador en cuidadores, registro cuid123&#xD;
info: BioGuard.Api.Controllers.CuidadoresController[0]&#xD;
      Cuidador updated successfully: cuid123&#xD;
info: BioGuard.Api.Controllers.PlanesController[0]&#xD;
      Listing active plans&#xD;
warn: Microsoft.AspNetCore.Routing.EndpointRoutingMiddleware[9]&#xD;
      A request body size limit could not be applied. This server does not support the IHttpMaxRequestBodySizeFeature.&#xD;
info: BioGuard.Api.Controllers.AuthController[0]&#xD;
      Forgot password attempt for email: n***@test.com&#xD;
warn: BioGuard.Api.Services.AuthService[0]&#xD;
      Password reset attempt for inactive or non-existent user: n***@test.com&#xD;
info: BioGuard.Api.Controllers.CuidadoresController[0]&#xD;
      Regenerating QR for cuidador: cuid123&#xD;
info: BioGuard.Api.Services.CuidadorService[0]&#xD;
      QR regenerated for caregiver: cuid123&#xD;
info: BioGuard.Api.Services.AuditoriaService[0]&#xD;
      Registrando auditor�a: regenerar_qr_cuidador en cuidadores, registro cuid123&#xD;
info: BioGuard.Api.Controllers.CuidadoresController[0]&#xD;
      QR regenerated for cuidador: cuid123&#xD;
warn: BioGuard.Api.Services.FCMService[0]&#xD;
      Firebase credentials not configured. FCM disabled.&#xD;
info: BioGuard.Api.Controllers.SensoresController[0]&#xD;
      Fetching statistics for paciente: 123456789012345678901234&#xD;
warn: BioGuard.Api.Controllers.SensoresController[0]&#xD;
      No sensor data found for paciente: 123456789012345678901234&#xD;
warn: BioGuard.Api.Services.FCMService[0]&#xD;
      Firebase credentials not configured. FCM disabled.&#xD;
info: BioGuard.Api.Controllers.CuidadoresController[0]&#xD;
      Deleting cuidador: cuid123&#xD;
info: BioGuard.Api.Services.CuidadorService[0]&#xD;
      Caregiver deleted and sessions revoked: cuid123&#xD;
info: BioGuard.Api.Services.AuditoriaService[0]&#xD;
      Registrando auditor�a: eliminar_cuidador en cuidadores, registro cuid123&#xD;
info: BioGuard.Api.Controllers.CuidadoresController[0]&#xD;
      Cuidador deleted and sessions revoked: cuid123&#xD;
warn: Microsoft.AspNetCore.Routing.EndpointRoutingMiddleware[9]&#xD;
      A request body size limit could not be applied. This server does not support the IHttpMaxRequestBodySizeFeature.&#xD;
warn: BioGuard.Api.Services.FCMService[0]&#xD;
      Firebase credentials not configured. FCM disabled.&#xD;
info: BioGuard.Api.Controllers.ReportesController[0]&#xD;
      Generating report summary for paciente: 222222222222222222222222&#xD;
info: BioGuard.Api.Services.AuthService[0]&#xD;
      Password changed successfully for user: user123&#xD;
warn: BioGuard.Api.Services.AuthService[0]&#xD;
      All refresh tokens revoked for user: user123&#xD;
info: BioGuard.Api.Controllers.AuthController[0]&#xD;
      Password changed successfully for user: user123&#xD;
info: BioGuard.Api.Services.AuditoriaService[0]&#xD;
      Registrando auditor�a: cambiar_password en usuarios_web, registro user123&#xD;
warn: BioGuard.Api.Controllers.PagosController[0]&#xD;
      Stripe webhook signature verification failed&#xD;
warn: Microsoft.AspNetCore.Mvc.Filters.RequestSizeLimitFilter[1]&#xD;
      A request body size limit could not be applied. This server does not support the IHttpRequestBodySizeFeature.&#xD;
warn: BioGuard.Api.Services.FCMService[0]&#xD;
      Firebase credentials not configured. FCM disabled.&#xD;
info: BioGuard.Api.Controllers.CuidadoresController[0]&#xD;
      Editing cuidador: nonexistent&#xD;
warn: BioGuard.Api.Services.CuidadorService[0]&#xD;
      Caregiver update not found or unchanged: nonexistent&#xD;
warn: BioGuard.Api.Controllers.CuidadoresController[0]&#xD;
      Cuidador update failed: nonexistent&#xD;
info: BioGuard.Api.Controllers.AuthController[0]&#xD;
      Password reset attempt&#xD;
info: BioGuard.Api.Controllers.SensoresController[0]&#xD;
      Inserting GPS batch of 2 records for paciente: 123456789012345678901234&#xD;
info: BioGuard.Api.Services.SensorService[0]&#xD;
      GPS tracking inserted for patient: 123456789012345678901234, emergency: False&#xD;
info: BioGuard.Api.Services.SensorService[0]&#xD;
      GPS tracking inserted for patient: 123456789012345678901234, emergency: True&#xD;
info: BioGuard.Api.Controllers.CuidadoresController[0]&#xD;
      Fetching cuidador by ID: cuid123&#xD;
info: BioGuard.Api.Services.AuthService[0]&#xD;
      Password reset successfully for user: user123&#xD;
warn: BioGuard.Api.Services.AuthService[0]&#xD;
      All refresh tokens revoked for user: user123&#xD;
info: BioGuard.Api.Controllers.AuthController[0]&#xD;
      Password reset successful&#xD;
info: BioGuard.Api.Controllers.AuthController[0]&#xD;
      Password reset attempt&#xD;
warn: BioGuard.Api.Services.AuthService[0]&#xD;
      Password reset attempt with invalid token or email&#xD;
warn: BioGuard.Api.Controllers.AuthController[0]&#xD;
      Password reset failed - invalid or expired token&#xD;
warn: BioGuard.Api.Services.FCMService[0]&#xD;
      Firebase credentials not configured. FCM disabled.&#xD;
info: BioGuard.Api.Controllers.SensoresController[0]&#xD;
      Inserting GPS tracking for paciente: 123456789012345678901234, emergency: False&#xD;
info: BioGuard.Api.Services.SensorService[0]&#xD;
      GPS tracking inserted for patient: 123456789012345678901234, emergency: False&#xD;
warn: BioGuard.Api.Services.FCMService[0]&#xD;
      Firebase credentials not configured. FCM disabled.&#xD;
warn: Microsoft.AspNetCore.Routing.EndpointRoutingMiddleware[9]&#xD;
      A request body size limit could not be applied. This server does not support the IHttpMaxRequestBodySizeFeature.&#xD;
warn: BioGuard.Api.Services.FCMService[0]&#xD;
      Firebase credentials not configured. FCM disabled.&#xD;
info: BioGuard.Api.Controllers.SensoresController[0]&#xD;
      Receiving sensor reading for paciente: 123456789012345678901234&#xD;
info: BioGuard.Api.Services.SensorService[0]&#xD;
      Sensor reading inserted for patient: 123456789012345678901234&#xD;
fail: BioGuard.Api.Services.SensorService[0]&#xD;
      Error calculating IRME for patient 123456789012345678901234&#xD;
      System.NullReferenceException: Object reference not set to an instance of an object.&#xD;
         at BioGuard.Api.Services.RiesgoMetabolicoService.CalcularHistorialPersonalAsync(String pacienteId, LecturaSensor lecturaActual) in C:\Users\alexi\OneDrive\Pictures\POKEMON\EDEL2.0\Backend-BioGuard-master\BioGuard.Api\Services\RiesgoMetabolicoService.cs:line 161&#xD;
         at BioGuard.Api.Services.RiesgoMetabolicoService.CalculateComponentsAsync(String pacienteId, LecturaSensor lectura, PacienteBaseline baseline, Boolean isSleepTime) in C:\Users\alexi\OneDrive\Pictures\POKEMON\EDEL2.0\Backend-BioGuard-master\BioGuard.Api\Services\RiesgoMetabolicoService.cs:line 83&#xD;
         at BioGuard.Api.Services.RiesgoMetabolicoService.CalculateAsync(String pacienteId, LecturaSensor lectura, Boolean isSleepTime) in C:\Users\alexi\OneDrive\Pictures\POKEMON\EDEL2.0\Backend-BioGuard-master\BioGuard.Api\Services\RiesgoMetabolicoService.cs:line 38&#xD;
         at BioGuard.Api.Services.SensorService.InsertarLecturaAsync(String pacienteId, String dispositivoMac, Int32 pulsoBpm, Double temperaturaC, Double sudoracionGsr, Nullable`1 hrv, Nullable`1 spo2, Nullable`1 timestamp, Int32 diasHistorial, Boolean bypassRateLimit, Nullable`1 esSimulado) in C:\Users\alexi\OneDrive\Pictures\POKEMON\EDEL2.0\Backend-BioGuard-master\BioGuard.Api\Services\SensorService.cs:line 151&#xD;
info: BioGuard.Api.Services.AuditoriaService[0]&#xD;
      Registrando auditor�a: insertar_lectura en lecturas_sensores, registro &#xD;
warn: Microsoft.AspNetCore.Mvc.Filters.RequestSizeLimitFilter[1]&#xD;
      A request body size limit could not be applied. This server does not support the IHttpRequestBodySizeFeature.&#xD;
info: BioGuard.Api.Controllers.UsuariosWebController[0]&#xD;
      Uploading photo for role dueno, id dueno_test&#xD;
warn: BioGuard.Api.Services.UsuariosWebService[0]&#xD;
      Profile photo upload failed at ImgBB for user: dueno_test&#xD;
warn: BioGuard.Api.Controllers.UsuariosWebController[0]&#xD;
      Photo upload failed for user dueno_test, role dueno&#xD;
warn: Microsoft.AspNetCore.Routing.EndpointRoutingMiddleware[9]&#xD;
      A request body size limit could not be applied. This server does not support the IHttpMaxRequestBodySizeFeature.&#xD;
warn: BioGuard.Api.Services.FCMService[0]&#xD;
      Firebase credentials not configured. FCM disabled.&#xD;
info: BioGuard.Api.Controllers.AdminController[0]&#xD;
      Admin admin pausing user u1, pausar: True&#xD;
warn: BioGuard.Api.Services.FCMService[0]&#xD;
      Firebase credentials not configured. FCM disabled.&#xD;
warn: BioGuard.Api.Services.FCMService[0]&#xD;
      Firebase credentials not configured. FCM disabled.&#xD;
warn: BioGuard.Api.Services.FCMService[0]&#xD;
      Firebase credentials not configured. FCM disabled.&#xD;
info: BioGuard.Api.Controllers.SensoresController[0]&#xD;
      Fetching GPS route for paciente: 123456789012345678901234 from 01/01/2024 00:00:00 to 12/31/2024 23:59:59&#xD;
warn: BioGuard.Api.Services.FCMService[0]&#xD;
      Firebase credentials not configured. FCM disabled.&#xD;
info: BioGuard.Api.Controllers.MedicamentosController[0]&#xD;
      Fetching medications for paciente: 222222222222222222222222&#xD;
warn: BioGuard.Api.Services.FCMService[0]&#xD;
      Firebase credentials not configured. FCM disabled.&#xD;
info: BioGuard.Api.Controllers.SensoresController[0]&#xD;
      Fetching current GPS location for paciente: 123456789012345678901234&#xD;
warn: BioGuard.Api.Controllers.SensoresController[0]&#xD;
      No GPS location found for paciente: 123456789012345678901234&#xD;
warn: BioGuard.Api.Services.FCMService[0]&#xD;
      Firebase credentials not configured. FCM disabled.&#xD;
info: BioGuard.Api.Controllers.ReportesController[0]&#xD;
      Generating shareable report link for paciente: 222222222222222222222222, days: 7&#xD;
info: BioGuard.Api.Services.AuditoriaService[0]&#xD;
      Registrando auditor�a: compartir_reporte en reportes_compartidos, registro rep1&#xD;
warn: BioGuard.Api.Services.FCMService[0]&#xD;
      Firebase credentials not configured. FCM disabled.&#xD;
warn: BioGuard.Api.Services.FCMService[0]&#xD;
      Firebase credentials not configured. FCM disabled.&#xD;
info: BioGuard.Api.Controllers.SensoresController[0]&#xD;
      Fetching trend for paciente: 123456789012345678901234, period: diario&#xD;
warn: BioGuard.Api.Services.FCMService[0]&#xD;
      Firebase credentials not configured. FCM disabled.&#xD;
info: BioGuard.Api.Controllers.MedicamentosController[0]&#xD;
      Fetching medications for paciente: 111111111111111111111111&#xD;
warn: BioGuard.Api.Services.FCMService[0]&#xD;
      Firebase credentials not configured. FCM disabled.&#xD;
info: BioGuard.Api.Controllers.SensoresController[0]&#xD;
      Fetching 100 readings for paciente: 123456789012345678901234&#xD;
warn: BioGuard.Api.Controllers.MedicamentosController[0]&#xD;
      Ownership check failed fetching medications - user: 111111111111111111111111, paciente: 222222222222222222222222&#xD;
warn: BioGuard.Api.Services.FCMService[0]&#xD;
      Firebase credentials not configured. FCM disabled.&#xD;
info: BioGuard.Api.Controllers.SensoresController[0]&#xD;
      Fetching event summary for paciente: 123456789012345678901234&#xD;
warn: BioGuard.Api.Services.FCMService[0]&#xD;
      Firebase credentials not configured. FCM disabled.&#xD;
info: BioGuard.Api.Controllers.SensoresController[0]&#xD;
      Fetching 50 events for paciente: 123456789012345678901234&#xD;
info: BioGuard.Api.Controllers.AlertasController[0]&#xD;
      Fetching alerts for paciente: 222222222222222222222222, limit: 50&#xD;
warn: BioGuard.Api.Services.FCMService[0]&#xD;
      Firebase credentials not configured. FCM disabled.&#xD;
warn: BioGuard.Api.Services.FCMService[0]&#xD;
      Firebase credentials not configured. FCM disabled.&#xD;
info: BioGuard.Api.Controllers.SensoresController[0]&#xD;
      Fetching statistics for paciente: 123456789012345678901234&#xD;
warn: BioGuard.Api.Services.FCMService[0]&#xD;
      Firebase credentials not configured. FCM disabled.&#xD;
warn: BioGuard.Api.Services.FCMService[0]&#xD;
      Firebase credentials not configured. FCM disabled.&#xD;
info: BioGuard.Api.Controllers.SensoresController[0]&#xD;
      Exporting PDF for paciente: 123456789012345678901234&#xD;
warn: BioGuard.Api.Services.FCMService[0]&#xD;
      Firebase credentials not configured. FCM disabled.&#xD;
info: BioGuard.Api.Controllers.SensoresController[0]&#xD;
      Marking event as attended: evt1234567890123456789, cuidador: cuidador1&#xD;
info: BioGuard.Api.Services.SensorService[0]&#xD;
      Event attended: evt1234567890123456789 by caregiver: cuidador1&#xD;
[xUnit.net 00:00:13.88]   Finished:    Test1BioGuard&#xD;
</StdOut>
    </Output>
  </ResultSummary>
</TestRun>