<?xml version="1.0" encoding="utf-8"?>
<TestRun id="a49defb2-a8bb-4902-a3e9-dcf6d53924da" name="alexi@CAISSA 2026-08-07 06:09:19" runUser="CAISSA\alexi" xmlns="http://microsoft.com/schemas/VisualStudio/TeamTest/2010">
  <Times creation="2026-08-07T06:09:19.1309569-06:00" queuing="2026-08-07T06:09:19.1309572-06:00" start="2026-08-07T06:09:08.6068863-06:00" finish="2026-08-07T06:09:30.1029925-06:00" />
  <TestSettings name="default" id="917552fd-ea53-42ea-be48-78933777364e">
    <Deployment runDeploymentRoot="alexi_CAISSA_2026-08-07_06_09_19" />
  </TestSettings>
  <Results>
    <UnitTestResult executionId="48474958-fdf4-4d31-9332-c3f61d8787ea" testId="5911c347-c680-f8c1-906f-e7463ca57281" testName="Test1BioGuard.IntegrationTests.SensoresIntegrationTests.Estadisticas_PacienteConDatos_Retorna200" computerName="CAISSA" duration="00:00:00.0402537" startTime="2026-08-07T06:09:24.4208026-06:00" endTime="2026-08-07T06:09:24.4675940-06:00" testType="13cdc9d9-ddb5-4fa4-a97d-d965ccfc6d4b" outcome="Passed" testListId="8c84fa94-04c1-424b-9868-57a2d4851a1d" relativeResultsDirectory="48474958-fdf4-4d31-9332-c3f61d8787ea" />
    <UnitTestResult executionId="fe39a527-e993-4793-a5bd-a8635fec8e59" testId="d6e79d14-cc25-f519-e8a9-31ee4bce3c26" testName="Test1BioGuard.IntegrationTests.AuthIntegrationTests.LoginWeb_CredencialesInvalidas_Retorna401" computerName="CAISSA" duration="00:00:00.0379036" startTime="2026-08-07T06:09:25.1518508-06:00" endTime="2026-08-07T06:09:25.1902681-06:00" testType="13cdc9d9-ddb5-4fa4-a97d-d965ccfc6d4b" outcome="Passed" testListId="8c84fa94-04c1-424b-9868-57a2d4851a1d" relativeResultsDirectory="fe39a527-e993-4793-a5bd-a8635fec8e59" />
    <UnitTestResult executionId="fc461910-1d13-438a-9f8d-00ab150ec6e2" testId="15730f32-5f7f-d722-5365-86b24dcfc78d" testName="Test1BioGuard.SecurityTests.AuthorizationSecurityTests.AuthZ_Alertas_SinTokenEliminar_Retorna401" computerName="CAISSA" duration="00:00:00.0073387" startTime="2026-08-07T06:09:25.0657514-06:00" endTime="2026-08-07T06:09:25.0726896-06:00" testType="13cdc9d9-ddb5-4fa4-a97d-d965ccfc6d4b" outcome="Passed" testListId="8c84fa94-04c1-424b-9868-57a2d4851a1d" relativeResultsDirectory="fc461910-1d13-438a-9f8d-00ab150ec6e2" />
    <UnitTestResult executionId="f4be9d99-7c4f-4258-ad07-0b9d77f5cab1" testId="2402309d-c783-a141-f3ba-144fd5e09b54" testName="Test1BioGuard.UnitTest.PagosServiceTests.CancelarAsync_SinPagoActivo_RetornaFalse" computerName="CAISSA" duration="00:00:00.0390100" startTime="2026-08-07T06:09:19.2668365-06:00" endTime="2026-08-07T06:09:19.3046667-06:00" testType="13cdc9d9-ddb5-4fa4-a97d-d965ccfc6d4b" outcome="Passed" testListId="8c84fa94-04c1-424b-9868-57a2d4851a1d" relativeResultsDirectory="f4be9d99-7c4f-4258-ad07-0b9d77f5cab1" />
    <UnitTestResult executionId="a7e1dc92-9bc6-4277-8fd0-286c8fcdb602" testId="72908514-33c2-d192-bbef-7c341f5e5d5d" testName="Test1BioGuard.SecurityTests.InputValidationTests.Register_CorreoInvalido_Retorna400" computerName="CAISSA" duration="00:00:00.0249786" startTime="2026-08-07T06:09:22.6638171-06:00" endTime="2026-08-07T06:09:22.6988410-06:00" testType="13cdc9d9-ddb5-4fa4-a97d-d965ccfc6d4b" outcome="Passed" testListId="8c84fa94-04c1-424b-9868-57a2d4851a1d" relativeResultsDirectory="a7e1dc92-9bc6-4277-8fd0-286c8fcdb602" />
    <UnitTestResult executionId="13a2c0fe-695b-4367-aba9-62a6f732526d" testId="0ee5d19b-6ed2-d3df-10d8-3b18224fe28f" testName="Test1BioGuard.IntegrationTests.CuidadoresIntegrationTests.Disponibles_SinPaciente_Retorna0" computerName="CAISSA" duration="00:00:00.1066915" startTime="2026-08-07T06:09:22.3875964-06:00" endTime="2026-08-07T06:09:22.4979737-06:00" testType="13cdc9d9-ddb5-4fa4-a97d-d965ccfc6d4b" outcome="Passed" testListId="8c84fa94-04c1-424b-9868-57a2d4851a1d" relativeResultsDirectory="13a2c0fe-695b-4367-aba9-62a6f732526d" />
    <UnitTestResult executionId="07e11297-ec2a-4c27-8982-6c2e4dbe371e" testId="13b8dbd3-c63a-dab4-8eef-35a580831e72" testName="Test1BioGuard.IntegrationTests.SensoresIntegrationTests.ObtenerLecturas_SinToken_Retorna401" computerName="CAISSA" duration="00:00:00.0381852" startTime="2026-08-07T06:09:24.3616358-06:00" endTime="2026-08-07T06:09:24.4180950-06:00" testType="13cdc9d9-ddb5-4fa4-a97d-d965ccfc6d4b" outcome="Passed" testListId="8c84fa94-04c1-424b-9868-57a2d4851a1d" relativeResultsDirectory="07e11297-ec2a-4c27-8982-6c2e4dbe371e" />
    <UnitTestResult executionId="3a51fa52-4878-46ea-b329-a89ff2a2e4e4" testId="9a301e23-dbe7-3858-3ca7-6f417af931c5" testName="Test1BioGuard.NonFunctionalTests.ErrorMessagesTests.Sensores_LecturaRango_DesdeMayorQueHasta_Retorna400ConMessage" computerName="CAISSA" duration="00:00:00.0961575" startTime="2026-08-07T06:09:23.9310424-06:00" endTime="2026-08-07T06:09:24.0296974-06:00" testType="13cdc9d9-ddb5-4fa4-a97d-d965ccfc6d4b" outcome="Passed" testListId="8c84fa94-04c1-424b-9868-57a2d4851a1d" relativeResultsDirectory="3a51fa52-4878-46ea-b329-a89ff2a2e4e4" />
    <UnitTestResult executionId="87ddb291-9189-4b00-85cb-3f9270a426b0" testId="b966ab43-f62f-fc8f-66ad-27c1ed40f43e" testName="Test1BioGuard.IntegrationTests.SensoresIntegrationTests.InsertarTrackingBatch_ListaValida_Retorna200" computerName="CAISSA" duration="00:00:00.0816375" startTime="2026-08-07T06:09:22.5504957-06:00" endTime="2026-08-07T06:09:22.6326452-06:00" testType="13cdc9d9-ddb5-4fa4-a97d-d965ccfc6d4b" outcome="Passed" testListId="8c84fa94-04c1-424b-9868-57a2d4851a1d" relativeResultsDirectory="87ddb291-9189-4b00-85cb-3f9270a426b0" />
    <UnitTestResult executionId="490ec7a8-2453-4a42-ae41-cec886f079f7" testId="29b7f9f7-1774-6859-2cf7-53b0ad3b630f" testName="Test1BioGuard.IntegrationTests.NotificacionesIntegrationTests.MarcarLeida_NotificacionExiste_Retorna200" computerName="CAISSA" duration="00:00:00.0967125" startTime="2026-08-07T06:09:24.1635589-06:00" endTime="2026-08-07T06:09:24.2928598-06:00" testType="13cdc9d9-ddb5-4fa4-a97d-d965ccfc6d4b" outcome="Passed" testListId="8c84fa94-04c1-424b-9868-57a2d4851a1d" relativeResultsDirectory="490ec7a8-2453-4a42-ae41-cec886f079f7" />
    <UnitTestResult executionId="648607af-0159-47fc-98b3-097757cde953" testId="d16c033e-91e2-4999-04b4-74c47ff30933" testName="Test1BioGuard.SecurityTests.AuthorizationSecurityTests.AuthZ_Dispositivos_SinTokenVincular_Retorna401" computerName="CAISSA" duration="00:00:00.0061570" startTime="2026-08-07T06:09:25.4658331-06:00" endTime="2026-08-07T06:09:25.4712372-06:00" testType="13cdc9d9-ddb5-4fa4-a97d-d965ccfc6d4b" outcome="Passed" testListId="8c84fa94-04c1-424b-9868-57a2d4851a1d" relativeResultsDirectory="648607af-0159-47fc-98b3-097757cde953" />
    <UnitTestResult executionId="0261f398-4ca9-49e1-be05-6332430ea6c3" testId="d43ff7a1-4a90-8046-c042-e89f0c59c310" testName="Test1BioGuard.IntegrationTests.ReportesIntegrationTests.HistorialMedicamentos_SinToken_Retorna401" computerName="CAISSA" duration="00:00:00.0247667" startTime="2026-08-07T06:09:22.6242272-06:00" endTime="2026-08-07T06:09:22.6498573-06:00" testType="13cdc9d9-ddb5-4fa4-a97d-d965ccfc6d4b" outcome="Passed" testListId="8c84fa94-04c1-424b-9868-57a2d4851a1d" relativeResultsDirectory="0261f398-4ca9-49e1-be05-6332430ea6c3" />
    <UnitTestResult executionId="8c9e17ff-cdf2-46b6-9e19-2f0d8860ebe3" testId="5fe44c8f-5c9d-22ed-d6b7-b468994ea37a" testName="Test1BioGuard.IntegrationTests.SensoresIntegrationTests.ObtenerLecturas_PacienteConLecturas_Retorna200" computerName="CAISSA" duration="00:00:00.0880547" startTime="2026-08-07T06:09:23.8424643-06:00" endTime="2026-08-07T06:09:23.9384360-06:00" testType="13cdc9d9-ddb5-4fa4-a97d-d965ccfc6d4b" outcome="Passed" testListId="8c84fa94-04c1-424b-9868-57a2d4851a1d" relativeResultsDirectory="8c9e17ff-cdf2-46b6-9e19-2f0d8860ebe3" />
    <UnitTestResult executionId="1d7b0175-30c4-4b68-b47e-fac6e440cf46" testId="fcdb4f21-9f46-ade9-962f-c4566aaf01de" testName="Test1BioGuard.SecurityTests.AuthorizationSecurityTests.AuthZ_Notificaciones_SinTokenListar_Retorna401" computerName="CAISSA" duration="00:00:00.0213193" startTime="2026-08-07T06:09:25.3492617-06:00" endTime="2026-08-07T06:09:25.3723687-06:00" testType="13cdc9d9-ddb5-4fa4-a97d-d965ccfc6d4b" outcome="Passed" testListId="8c84fa94-04c1-424b-9868-57a2d4851a1d" relativeResultsDirectory="1d7b0175-30c4-4b68-b47e-fac6e440cf46" />
    <UnitTestResult executionId="b26cc373-3c87-41f2-913d-565bdaecc331" testId="aa6d67ab-f819-5cfb-4db4-e5bfe76d6b3e" testName="Test1BioGuard.SecurityTests.JwtSecurityTests.GenerateToken_PuedeSerDecodificado" computerName="CAISSA" duration="00:00:00.0065690" startTime="2026-08-07T06:09:20.5090017-06:00" endTime="2026-08-07T06:09:20.5092436-06:00" testType="13cdc9d9-ddb5-4fa4-a97d-d965ccfc6d4b" outcome="Passed" testListId="8c84fa94-04c1-424b-9868-57a2d4851a1d" relativeResultsDirectory="b26cc373-3c87-41f2-913d-565bdaecc331" />
    <UnitTestResult executionId="54a08f67-cab2-4684-b0c0-f7f76cdf1552" testId="baa9dba3-17ef-1c0a-4df8-a645d737d451" testName="Test1BioGuard.SecurityTests.AuthorizationSecurityTests.AuthZ_Dispositivos_DuenoNoPuedeVincular_Retorna401" computerName="CAISSA" duration="00:00:00.0492150" startTime="2026-08-07T06:09:24.8994459-06:00" endTime="2026-08-07T06:09:24.9351588-06:00" testType="13cdc9d9-ddb5-4fa4-a97d-d965ccfc6d4b" outcome="Passed" testListId="8c84fa94-04c1-424b-9868-57a2d4851a1d" relativeResultsDirectory="54a08f67-cab2-4684-b0c0-f7f76cdf1552" />
    <UnitTestResult executionId="5374f52a-b408-433d-a428-fa8f19b32052" testId="c4a3e9ff-ae2a-85cd-2688-b1ceac0a0a5f" testName="Test1BioGuard.UnitTest.CuidadorServiceTests.ObtenerPorPacienteAsync_ConCuidadores_RetornaLista" computerName="CAISSA" duration="00:00:00.0041903" startTime="2026-08-07T06:09:22.6967644-06:00" endTime="2026-08-07T06:09:22.7040700-06:00" testType="13cdc9d9-ddb5-4fa4-a97d-d965ccfc6d4b" outcome="Passed" testListId="8c84fa94-04c1-424b-9868-57a2d4851a1d" relativeResultsDirectory="5374f52a-b408-433d-a428-fa8f19b32052" />
    <UnitTestResult executionId="52b886f2-100f-46e8-84df-6ef4cffe9f6b" testId="a047ae0d-39c1-27a7-752b-d5fa10915437" testName="Test1BioGuard.UnitTest.AuthServiceTests.LoginWebAsync_CredencialesInvalidas_RetornaNull" computerName="CAISSA" duration="00:00:00.0053902" startTime="2026-08-07T06:09:25.7109033-06:00" endTime="2026-08-07T06:09:25.7143424-06:00" testType="13cdc9d9-ddb5-4fa4-a97d-d965ccfc6d4b" outcome="Passed" testListId="8c84fa94-04c1-424b-9868-57a2d4851a1d" relativeResultsDirectory="52b886f2-100f-46e8-84df-6ef4cffe9f6b" />
    <UnitTestResult executionId="44573ffa-69e9-47ec-bcce-b239e00b0a5d" testId="9aa45357-5624-56aa-c611-0a57cde455a4" testName="Test1BioGuard.SecurityTests.IDORSecurityTests.Sensores_TrackingRuta_OtroUsuario_Retorna403" computerName="CAISSA" duration="00:00:00.0274827" startTime="2026-08-07T06:09:25.0432385-06:00" endTime="2026-08-07T06:09:25.0700773-06:00" testType="13cdc9d9-ddb5-4fa4-a97d-d965ccfc6d4b" outcome="Passed" testListId="8c84fa94-04c1-424b-9868-57a2d4851a1d" relativeResultsDirectory="44573ffa-69e9-47ec-bcce-b239e00b0a5d" />
    <UnitTestResult executionId="c8349dd7-ee3a-4418-89a8-25e164c8babc" testId="a54b65cf-eb50-956e-816c-42b67b6c789b" testName="Test1BioGuard.IntegrationTests.PacientesIntegrationTests.ObtenerDispositivo_SinDispositivo_RetornaVinculadoFalse" computerName="CAISSA" duration="00:00:00.0397049" startTime="2026-08-07T06:09:25.3807881-06:00" endTime="2026-08-07T06:09:25.4184057-06:00" testType="13cdc9d9-ddb5-4fa4-a97d-d965ccfc6d4b" outcome="Passed" testListId="8c84fa94-04c1-424b-9868-57a2d4851a1d" relativeResultsDirectory="c8349dd7-ee3a-4418-89a8-25e164c8babc" />
    <UnitTestResult executionId="5d645ad1-1003-4395-8d55-3de6bb55dd60" testId="231ce853-0c67-ecbb-a6c0-936c99dcd440" testName="Test1BioGuard.SecurityTests.AuthorizationSecurityTests.AuthZ_Planes_CuidadorNoPuedeEditar_Retorna403" computerName="CAISSA" duration="00:00:00.0065370" startTime="2026-08-07T06:09:25.0590215-06:00" endTime="2026-08-07T06:09:25.0644400-06:00" testType="13cdc9d9-ddb5-4fa4-a97d-d965ccfc6d4b" outcome="Passed" testListId="8c84fa94-04c1-424b-9868-57a2d4851a1d" relativeResultsDirectory="5d645ad1-1003-4395-8d55-3de6bb55dd60" />
    <UnitTestResult executionId="d867c846-dd06-4d27-9ced-39eecc537db2" testId="55d2d801-eb12-943a-91d8-ba6d44699b7d" testName="Test1BioGuard.SecurityTests.RefreshTokenTests.GenerateRefreshToken_CryptoRandom" computerName="CAISSA" duration="00:00:00.0008855" startTime="2026-08-07T06:09:20.3155683-06:00" endTime="2026-08-07T06:09:20.3157432-06:00" testType="13cdc9d9-ddb5-4fa4-a97d-d965ccfc6d4b" outcome="Passed" testListId="8c84fa94-04c1-424b-9868-57a2d4851a1d" relativeResultsDirectory="d867c846-dd06-4d27-9ced-39eecc537db2" />
    <UnitTestResult executionId="d96a05c5-4aff-4440-975b-6fa380fdefb5" testId="df9b7381-0a33-47da-b4f1-52a0fa8362d0" testName="Test1BioGuard.SecurityTests.AuthorizationSecurityTests.IDOR_Alertas_DuenoANoPuedeEliminarAlertasPacienteB_Retorna403" computerName="CAISSA" duration="00:00:00.0797844" startTime="2026-08-07T06:09:25.1234740-06:00" endTime="2026-08-07T06:09:25.1727031-06:00" testType="13cdc9d9-ddb5-4fa4-a97d-d965ccfc6d4b" outcome="Passed" testListId="8c84fa94-04c1-424b-9868-57a2d4851a1d" relativeResultsDirectory="d96a05c5-4aff-4440-975b-6fa380fdefb5" />
    <UnitTestResult executionId="08c3259b-b279-4d78-856a-2ef324add00d" testId="8cdc22af-77fc-67b1-7dad-4f265fa34d58" testName="Test1BioGuard.SecurityTests.InputValidationTests.CrearMedicamento_DosisVacia_Retorna400" computerName="CAISSA" duration="00:00:00.0316210" startTime="2026-08-07T06:09:22.8555203-06:00" endTime="2026-08-07T06:09:22.8852272-06:00" testType="13cdc9d9-ddb5-4fa4-a97d-d965ccfc6d4b" outcome="Passed" testListId="8c84fa94-04c1-424b-9868-57a2d4851a1d" relativeResultsDirectory="08c3259b-b279-4d78-856a-2ef324add00d" />
    <UnitTestResult executionId="041b9447-05df-416a-983a-57158ef72c9e" testId="1fe37aa0-16b2-87c1-c815-502b33e6dac7" testName="Test1BioGuard.UnitTest.PacienteServiceTests.UpdateNombreAsync_PacienteExiste_RetornaTrue" computerName="CAISSA" duration="00:00:00.0146352" startTime="2026-08-07T06:09:22.7926558-06:00" endTime="2026-08-07T06:09:22.8045166-06:00" testType="13cdc9d9-ddb5-4fa4-a97d-d965ccfc6d4b" outcome="Passed" testListId="8c84fa94-04c1-424b-9868-57a2d4851a1d" relativeResultsDirectory="041b9447-05df-416a-983a-57158ef72c9e" />
    <UnitTestResult executionId="199fe564-8166-4cc0-9c7b-8814e7c6a52f" testId="354c3ebc-58d6-29ac-f38c-1a2f6004a189" testName="Test1BioGuard.UnitTest.SensorServiceTests.CrearEventoAsync_NivelCritico_RetornaEvento" computerName="CAISSA" duration="00:00:00.0124577" startTime="2026-08-07T06:09:19.8290820-06:00" endTime="2026-08-07T06:09:19.8400885-06:00" testType="13cdc9d9-ddb5-4fa4-a97d-d965ccfc6d4b" outcome="Passed" testListId="8c84fa94-04c1-424b-9868-57a2d4851a1d" relativeResultsDirectory="199fe564-8166-4cc0-9c7b-8814e7c6a52f" />
    <UnitTestResult executionId="91bb46ef-580b-41df-8f5f-5210996063b8" testId="1c3ac72a-abe3-de00-bf50-1d8c8c60c2d9" testName="Test1BioGuard.IntegrationTests.AuditoriaIntegrationTests.Listar_PorPaginaExcedeLimite_Retorna200ConLimiteAplicado" computerName="CAISSA" duration="00:00:00.0345075" startTime="2026-08-07T06:09:23.9325336-06:00" endTime="2026-08-07T06:09:23.9918889-06:00" testType="13cdc9d9-ddb5-4fa4-a97d-d965ccfc6d4b" outcome="Passed" testListId="8c84fa94-04c1-424b-9868-57a2d4851a1d" relativeResultsDirectory="91bb46ef-580b-41df-8f5f-5210996063b8" />
    <UnitTestResult executionId="2b47876d-1c5e-4d8b-9cca-6be420572014" testId="ad66b8ba-4300-8a9b-b054-6e7d06dcd9fa" testName="Test1BioGuard.SecurityTests.RefreshTokenTests.RefreshToken_TokenExpirado_RetornaNull" computerName="CAISSA" duration="00:00:00.0065364" startTime="2026-08-07T06:09:20.3172140-06:00" endTime="2026-08-07T06:09:20.3216943-06:00" testType="13cdc9d9-ddb5-4fa4-a97d-d965ccfc6d4b" outcome="Passed" testListId="8c84fa94-04c1-424b-9868-57a2d4851a1d" relativeResultsDirectory="2b47876d-1c5e-4d8b-9cca-6be420572014" />
    <UnitTestResult executionId="22e8db91-fed4-45b7-a10e-a94ab754ac58" testId="f650c574-7af3-2d5d-af63-f8bbab279f33" testName="Test1BioGuard.UnitTest.PagosServiceTests.EventoYaProcesadoAsync_EventoExistente_RetornaTrue" computerName="CAISSA" duration="00:00:00.0051800" startTime="2026-08-07T06:09:19.4107959-06:00" endTime="2026-08-07T06:09:19.4146524-06:00" testType="13cdc9d9-ddb5-4fa4-a97d-d965ccfc6d4b" outcome="Passed" testListId="8c84fa94-04c1-424b-9868-57a2d4851a1d" relativeResultsDirectory="22e8db91-fed4-45b7-a10e-a94ab754ac58" />
    <UnitTestResult executionId="527bb0dd-bce2-4aa8-8a7a-b8adb8a9898c" testId="6c4dce70-c518-779c-1cff-acefb1935c2a" testName="Test1BioGuard.SecurityTests.AuthorizationSecurityTests.NivelAcceso_CuidadorSoloAlertasNoPuedeCompartirReporte_Retorna403" computerName="CAISSA" duration="00:00:00.0390160" startTime="2026-08-07T06:09:25.4732075-06:00" endTime="2026-08-07T06:09:25.5111334-06:00" testType="13cdc9d9-ddb5-4fa4-a97d-d965ccfc6d4b" outcome="Passed" testListId="8c84fa94-04c1-424b-9868-57a2d4851a1d" relativeResultsDirectory="527bb0dd-bce2-4aa8-8a7a-b8adb8a9898c" />
    <UnitTestResult executionId="1ce1f02c-711e-4c44-8f6a-125b71744fc6" testId="7566b451-4d33-50a6-8de5-e3de76415e94" testName="Test1BioGuard.NonFunctionalTests.SmokeTests.LecturaInsert_DatosValidos_Retorna200ConLecturaId" computerName="CAISSA" duration="00:00:00.0707153" startTime="2026-08-07T06:09:24.8554335-06:00" endTime="2026-08-07T06:09:24.9255262-06:00" testType="13cdc9d9-ddb5-4fa4-a97d-d965ccfc6d4b" outcome="Passed" testListId="8c84fa94-04c1-424b-9868-57a2d4851a1d" relativeResultsDirectory="1ce1f02c-711e-4c44-8f6a-125b71744fc6" />
    <UnitTestResult executionId="98821536-e58f-4d04-b9eb-70558c114498" testId="af829f78-1cf1-2b82-6d23-1112105d80ad" testName="Test1BioGuard.SecurityTests.IDORSecurityTests.Notificaciones_ObtenerPorPaciente_OtroUsuario_Retorna403" computerName="CAISSA" duration="00:00:00.0761714" startTime="2026-08-07T06:09:24.0194481-06:00" endTime="2026-08-07T06:09:24.1031471-06:00" testType="13cdc9d9-ddb5-4fa4-a97d-d965ccfc6d4b" outcome="Passed" testListId="8c84fa94-04c1-424b-9868-57a2d4851a1d" relativeResultsDirectory="98821536-e58f-4d04-b9eb-70558c114498" />
    <UnitTestResult executionId="d9284944-7445-4c25-a560-ccbe947170af" testId="c681e896-af36-bfad-d821-2d956f53b035" testName="Test1BioGuard.IntegrationTests.UsuariosWebIntegrationTests.CambiarPlan_SinToken_Retorna401" computerName="CAISSA" duration="00:00:00.0304180" startTime="2026-08-07T06:09:23.6060538-06:00" endTime="2026-08-07T06:09:23.6353508-06:00" testType="13cdc9d9-ddb5-4fa4-a97d-d965ccfc6d4b" outcome="Passed" testListId="8c84fa94-04c1-424b-9868-57a2d4851a1d" relativeResultsDirectory="d9284944-7445-4c25-a560-ccbe947170af" />
    <UnitTestResult executionId="c05c805a-3195-4e74-8e79-61143d00cf56" testId="de063201-4408-f4ae-5c69-151f4758aeea" testName="Test1BioGuard.IntegrationTests.AuthIntegrationTests.CambiarPassword_DatosValidos_Retorna200" computerName="CAISSA" duration="00:00:00.5224735" startTime="2026-08-07T06:09:25.6107977-06:00" endTime="2026-08-07T06:09:26.1321287-06:00" testType="13cdc9d9-ddb5-4fa4-a97d-d965ccfc6d4b" outcome="Passed" testListId="8c84fa94-04c1-424b-9868-57a2d4851a1d" relativeResultsDirectory="c05c805a-3195-4e74-8e79-61143d00cf56" />
    <UnitTestResult executionId="dab381a4-4230-4300-9fbe-78d36b941c29" testId="3071da8c-c395-6d90-222d-cb6839be7ba2" testName="Test1BioGuard.NonFunctionalTests.ErrorMessagesTests.Auth_ResetPassword_TokenInvalido_Retorna400ConMessage" computerName="CAISSA" duration="00:00:00.0471100" startTime="2026-08-07T06:09:24.9201662-06:00" endTime="2026-08-07T06:09:24.9668763-06:00" testType="13cdc9d9-ddb5-4fa4-a97d-d965ccfc6d4b" outcome="Passed" testListId="8c84fa94-04c1-424b-9868-57a2d4851a1d" relativeResultsDirectory="dab381a4-4230-4300-9fbe-78d36b941c29" />
    <UnitTestResult executionId="4eea8a2f-e3fe-4c4e-b10e-a4d65d2efdf0" testId="06c14183-4b2c-4542-e782-5ab9524b2fbc" testName="Test1BioGuard.IntegrationTests.PlanesIntegrationTests.GetById_NoRequiereAuth" computerName="CAISSA" duration="00:00:00.0254909" startTime="2026-08-07T06:09:24.4484620-06:00" endTime="2026-08-07T06:09:24.4991018-06:00" testType="13cdc9d9-ddb5-4fa4-a97d-d965ccfc6d4b" outcome="Passed" testListId="8c84fa94-04c1-424b-9868-57a2d4851a1d" relativeResultsDirectory="4eea8a2f-e3fe-4c4e-b10e-a4d65d2efdf0" />
    <UnitTestResult executionId="8f1a6782-34d7-4fcc-8613-153e05c42462" testId="2ba52bf4-7cf8-41ef-11aa-4974e284a2ff" testName="Test1BioGuard.IntegrationTests.PlanesIntegrationTests.Editar_PlanExiste_Retorna200" computerName="CAISSA" duration="00:00:00.1214001" startTime="2026-08-07T06:09:23.9061752-06:00" endTime="2026-08-07T06:09:24.0353282-06:00" testType="13cdc9d9-ddb5-4fa4-a97d-d965ccfc6d4b" outcome="Passed" testListId="8c84fa94-04c1-424b-9868-57a2d4851a1d" relativeResultsDirectory="8f1a6782-34d7-4fcc-8613-153e05c42462" />
    <UnitTestResult executionId="ce41a283-502d-427e-96d8-77aa0611f6e2" testId="03c24a30-dac8-2d16-9083-c4c998e3581c" testName="Test1BioGuard.SecurityTests.SecurityHeadersTests.Headers_PermissionsPolicy_BloqueaCamara" computerName="CAISSA" duration="00:00:00.0342975" startTime="2026-08-07T06:09:23.8040155-06:00" endTime="2026-08-07T06:09:23.8429469-06:00" testType="13cdc9d9-ddb5-4fa4-a97d-d965ccfc6d4b" outcome="Passed" testListId="8c84fa94-04c1-424b-9868-57a2d4851a1d" relativeResultsDirectory="ce41a283-502d-427e-96d8-77aa0611f6e2" />
    <UnitTestResult executionId="8eb2ae4f-f3f5-4f27-bef8-59b013d3f9e0" testId="c977aa97-6caa-39eb-6bb4-a17d112bf9e5" testName="Test1BioGuard.SecurityTests.AuthorizationSecurityTests.IDOR_Reportes_PacienteANoPuedeVerHistorialLecturasPacienteB_Retorna403" computerName="CAISSA" duration="00:00:00.0233750" startTime="2026-08-07T06:09:25.8063338-06:00" endTime="2026-08-07T06:09:25.8295944-06:00" testType="13cdc9d9-ddb5-4fa4-a97d-d965ccfc6d4b" outcome="Passed" testListId="8c84fa94-04c1-424b-9868-57a2d4851a1d" relativeResultsDirectory="8eb2ae4f-f3f5-4f27-bef8-59b013d3f9e0" />
    <UnitTestResult executionId="d5dfd132-c787-4235-8d6e-bea61bb3013e" testId="55a75536-b607-ec8c-dea9-8a8ef9513f94" testName="Test1BioGuard.SecurityTests.SecurityHeadersTests.Headers_NoExponeXPoweredBy" computerName="CAISSA" duration="00:00:00.0542295" startTime="2026-08-07T06:09:23.9201448-06:00" endTime="2026-08-07T06:09:23.9969195-06:00" testType="13cdc9d9-ddb5-4fa4-a97d-d965ccfc6d4b" outcome="Passed" testListId="8c84fa94-04c1-424b-9868-57a2d4851a1d" relativeResultsDirectory="d5dfd132-c787-4235-8d6e-bea61bb3013e" />
    <UnitTestResult executionId="90613827-2e0c-4728-bc21-13970677b41a" testId="cdc6a045-654f-8410-14fe-2f8032940236" testName="Test1BioGuard.UnitTest.AuthServiceTests.ResetPasswordAsync_TokenInvalido_RetornaFalse" computerName="CAISSA" duration="00:00:00.0049713" startTime="2026-08-07T06:09:25.7047325-06:00" endTime="2026-08-07T06:09:25.7087963-06:00" testType="13cdc9d9-ddb5-4fa4-a97d-d965ccfc6d4b" outcome="Passed" testListId="8c84fa94-04c1-424b-9868-57a2d4851a1d" relativeResultsDirectory="90613827-2e0c-4728-bc21-13970677b41a" />
    <UnitTestResult executionId="1f648f22-ba2a-4656-8210-21fd6ad78055" testId="bc0266f5-793a-1fab-2c2d-631054bd2bfb" testName="Test1BioGuard.UnitTest.AlertaServiceTests.ResolverAsync_AlertaExiste_RetornaTrue" computerName="CAISSA" duration="00:00:00.0055959" startTime="2026-08-07T06:09:22.7909068-06:00" endTime="2026-08-07T06:09:22.7939136-06:00" testType="13cdc9d9-ddb5-4fa4-a97d-d965ccfc6d4b" outcome="Passed" testListId="8c84fa94-04c1-424b-9868-57a2d4851a1d" relativeResultsDirectory="1f648f22-ba2a-4656-8210-21fd6ad78055" />
    <UnitTestResult executionId="acbdd94f-edb3-481c-9c5e-28d3ca5c4af8" testId="7924e6dd-b885-ea17-4bb5-7514dd3485cb" testName="Test1BioGuard.SecurityTests.InputValidationTests.Register_NombreVacio_Retorna400" computerName="CAISSA" duration="00:00:00.0885066" startTime="2026-08-07T06:09:22.1308284-06:00" endTime="2026-08-07T06:09:22.2201085-06:00" testType="13cdc9d9-ddb5-4fa4-a97d-d965ccfc6d4b" outcome="Passed" testListId="8c84fa94-04c1-424b-9868-57a2d4851a1d" relativeResultsDirectory="acbdd94f-edb3-481c-9c5e-28d3ca5c4af8" />
    <UnitTestResult executionId="3c4af9d9-6b56-4fae-9441-3333973d345d" testId="9a78c275-8c8e-be41-1043-28d99ad3959c" testName="Test1BioGuard.IntegrationTests.MedicamentosIntegrationTests.ObtenerPorPaciente_ConMedicamentos_Retorna200" computerName="CAISSA" duration="00:00:00.0467045" startTime="2026-08-07T06:09:22.4633355-06:00" endTime="2026-08-07T06:09:22.5137777-06:00" testType="13cdc9d9-ddb5-4fa4-a97d-d965ccfc6d4b" outcome="Passed" testListId="8c84fa94-04c1-424b-9868-57a2d4851a1d" relativeResultsDirectory="3c4af9d9-6b56-4fae-9441-3333973d345d" />
    <UnitTestResult executionId="f8dfeaf6-08a8-4181-a075-3d6ff2193e4b" testId="c7c7b996-61ca-19c3-759e-4f90137d2c95" testName="Test1BioGuard.NonFunctionalTests.ErrorMessagesTests.SecurityHeaders_XPoweredByEliminado" computerName="CAISSA" duration="00:00:00.0399001" startTime="2026-08-07T06:09:23.7697482-06:00" endTime="2026-08-07T06:09:23.8137134-06:00" testType="13cdc9d9-ddb5-4fa4-a97d-d965ccfc6d4b" outcome="Passed" testListId="8c84fa94-04c1-424b-9868-57a2d4851a1d" relativeResultsDirectory="f8dfeaf6-08a8-4181-a075-3d6ff2193e4b" />
    <UnitTestResult executionId="9e673690-b6be-4b1c-97ca-eae16b6838da" testId="ebe76bb2-4c16-9718-d638-44bc83a9613c" testName="Test1BioGuard.UnitTest.MLServiceTests.ObtenerModelosAsync_ConModelos_RetornaLista" computerName="CAISSA" duration="00:00:00.0093300" startTime="2026-08-07T06:09:21.6776347-06:00" endTime="2026-08-07T06:09:21.6853011-06:00" testType="13cdc9d9-ddb5-4fa4-a97d-d965ccfc6d4b" outcome="Passed" testListId="8c84fa94-04c1-424b-9868-57a2d4851a1d" relativeResultsDirectory="9e673690-b6be-4b1c-97ca-eae16b6838da" />
    <UnitTestResult executionId="d1b1dcb1-3c93-4f0a-940d-5ab2af82b261" testId="a9e9a54b-7e3c-9a9a-0ee1-5cdff9256012" testName="Test1BioGuard.UnitTest.MedicamentoServiceTests.CrearAsync_DatosValidos_RetornaMedicamento" computerName="CAISSA" duration="00:00:00.0073448" startTime="2026-08-07T06:09:20.1018476-06:00" endTime="2026-08-07T06:09:20.1077968-06:00" testType="13cdc9d9-ddb5-4fa4-a97d-d965ccfc6d4b" outcome="Passed" testListId="8c84fa94-04c1-424b-9868-57a2d4851a1d" relativeResultsDirectory="d1b1dcb1-3c93-4f0a-940d-5ab2af82b261" />
    <UnitTestResult executionId="b0e59297-4c71-40d7-a71f-f3cb505bdab9" testId="c6cd2c58-ca5c-f2fa-7e6c-b65f508eeb29" testName="Test1BioGuard.NonFunctionalTests.ChaosTests.ErrorHandler_TraeTraceId_EnProduccion" computerName="CAISSA" duration="00:00:00.0839385" startTime="2026-08-07T06:09:23.7379813-06:00" endTime="2026-08-07T06:09:23.8286214-06:00" testType="13cdc9d9-ddb5-4fa4-a97d-d965ccfc6d4b" outcome="Passed" testListId="8c84fa94-04c1-424b-9868-57a2d4851a1d" relativeResultsDirectory="b0e59297-4c71-40d7-a71f-f3cb505bdab9" />
    <UnitTestResult executionId="65e2a0d3-02d6-4605-ab25-764ae6d4adcb" testId="abb5e469-efd6-17b8-c1af-96111e19c1c6" testName="Test1BioGuard.IntegrationTests.CuidadoresIntegrationTests.Eliminar_CuidadorExiste_Retorna204" computerName="CAISSA" duration="00:00:00.0536658" startTime="2026-08-07T06:09:22.8342989-06:00" endTime="2026-08-07T06:09:22.8870886-06:00" testType="13cdc9d9-ddb5-4fa4-a97d-d965ccfc6d4b" outcome="Passed" testListId="8c84fa94-04c1-424b-9868-57a2d4851a1d" relativeResultsDirectory="65e2a0d3-02d6-4605-ab25-764ae6d4adcb" />
    <UnitTestResult executionId="e3aaefd0-4191-4c8e-8e0a-18f90eb7d26d" testId="85107810-abef-65ef-00da-c09339152cee" testName="Test1BioGuard.NonFunctionalTests.ErrorMessagesTests.Pagos_CrearSesion_ProcesadorInvalido_Retorna400ConMessage" computerName="CAISSA" duration="00:00:00.0125608" startTime="2026-08-07T06:09:24.9688953-06:00" endTime="2026-08-07T06:09:24.9828425-06:00" testType="13cdc9d9-ddb5-4fa4-a97d-d965ccfc6d4b" outcome="Passed" testListId="8c84fa94-04c1-424b-9868-57a2d4851a1d" relativeResultsDirectory="e3aaefd0-4191-4c8e-8e0a-18f90eb7d26d" />
    <UnitTestResult executionId="21d5353e-4411-4eff-aa8d-c3a6542695f3" testId="af8c3717-dff3-bbe6-5087-ebb78df99d46" testName="Test1BioGuard.IntegrationTests.PlanesIntegrationTests.Crear_SinToken_Retorna401" computerName="CAISSA" duration="00:00:00.0932346" startTime="2026-08-07T06:09:24.2042920-06:00" endTime="2026-08-07T06:09:24.2991494-06:00" testType="13cdc9d9-ddb5-4fa4-a97d-d965ccfc6d4b" outcome="Passed" testListId="8c84fa94-04c1-424b-9868-57a2d4851a1d" relativeResultsDirectory="21d5353e-4411-4eff-aa8d-c3a6542695f3" />
    <UnitTestResult executionId="2b8319e2-71af-498b-8a8f-b4c2e1ce7451" testId="be6724b6-c4c2-883e-7434-c75404e7b696" testName="Test1BioGuard.SecurityTests.AuthorizationSecurityTests.AuthZ_Planes_SinTokenCrear_Retorna401" computerName="CAISSA" duration="00:00:00.0050324" startTime="2026-08-07T06:09:25.4591676-06:00" endTime="2026-08-07T06:09:25.4640954-06:00" testType="13cdc9d9-ddb5-4fa4-a97d-d965ccfc6d4b" outcome="Passed" testListId="8c84fa94-04c1-424b-9868-57a2d4851a1d" relativeResultsDirectory="2b8319e2-71af-498b-8a8f-b4c2e1ce7451" />
    <UnitTestResult executionId="1c5b1df6-8500-4026-bec8-e40b8e633714" testId="427a0845-a619-3f9c-2717-f53a546de1dd" testName="Test1BioGuard.SecurityTests.IDORSecurityTests.Alertas_ObtenerPorPaciente_OtroUsuario_Retorna403" computerName="CAISSA" duration="00:00:00.0634663" startTime="2026-08-07T06:09:25.1678328-06:00" endTime="2026-08-07T06:09:25.2266337-06:00" testType="13cdc9d9-ddb5-4fa4-a97d-d965ccfc6d4b" outcome="Passed" testListId="8c84fa94-04c1-424b-9868-57a2d4851a1d" relativeResultsDirectory="1c5b1df6-8500-4026-bec8-e40b8e633714" />
    <UnitTestResult executionId="5b52467a-a11d-403b-914e-6b800ace8266" testId="f4ab181e-3120-2ce5-f3b9-ed43cdc0c88a" testName="Test1BioGuard.NonFunctionalTests.ErrorMessagesTests.Pagos_CrearSesion_PlanNoValido_Retorna400ConMessage" computerName="CAISSA" duration="00:00:00.0773126" startTime="2026-08-07T06:09:24.4254874-06:00" endTime="2026-08-07T06:09:24.5146172-06:00" testType="13cdc9d9-ddb5-4fa4-a97d-d965ccfc6d4b" outcome="Passed" testListId="8c84fa94-04c1-424b-9868-57a2d4851a1d" relativeResultsDirectory="5b52467a-a11d-403b-914e-6b800ace8266" />
    <UnitTestResult executionId="6afdf5eb-ec06-4e30-9ae0-fd9e91954023" testId="ba3308d9-3c03-e8c4-9e6d-75d8f5a4bbc6" testName="Test1BioGuard.UnitTest.SensorServiceTests.InsertarLecturaAsync_TimestampFuturo_RechazaLectura" computerName="CAISSA" duration="00:00:00.0054613" startTime="2026-08-07T06:09:19.7851303-06:00" endTime="2026-08-07T06:09:19.7895528-06:00" testType="13cdc9d9-ddb5-4fa4-a97d-d965ccfc6d4b" outcome="Passed" testListId="8c84fa94-04c1-424b-9868-57a2d4851a1d" relativeResultsDirectory="6afdf5eb-ec06-4e30-9ae0-fd9e91954023" />
    <UnitTestResult executionId="744405d6-49b9-4bf5-b530-8a1dd5e8dbc3" testId="2d6e900f-c64c-971f-07c9-e29af8cb5486" testName="Test1BioGuard.UnitTest.SensorServiceTests.ObtenerUltimaUbicacionAsync_ConUbicacion_RetornaUbicacion" computerName="CAISSA" duration="00:00:00.0051241" startTime="2026-08-07T06:09:19.8497029-06:00" endTime="2026-08-07T06:09:19.8537079-06:00" testType="13cdc9d9-ddb5-4fa4-a97d-d965ccfc6d4b" outcome="Passed" testListId="8c84fa94-04c1-424b-9868-57a2d4851a1d" relativeResultsDirectory="744405d6-49b9-4bf5-b530-8a1dd5e8dbc3" />
    <UnitTestResult executionId="9fad5201-f9e1-4e3d-bc36-863b59f91cdb" testId="71034f90-af7b-b984-7a35-4e4c477ca2c0" testName="Test1BioGuard.UnitTest.PacienteServiceTests.CrearPacienteAsync_DatosValidos_RetornaCodigo" computerName="CAISSA" duration="00:00:00.0399976" startTime="2026-08-07T06:09:22.6865613-06:00" endTime="2026-08-07T06:09:22.7282335-06:00" testType="13cdc9d9-ddb5-4fa4-a97d-d965ccfc6d4b" outcome="Passed" testListId="8c84fa94-04c1-424b-9868-57a2d4851a1d" relativeResultsDirectory="9fad5201-f9e1-4e3d-bc36-863b59f91cdb" />
    <UnitTestResult executionId="bf7c097e-5aa7-4333-8cc0-b73c0ea0276b" testId="7a7f23af-e3ef-3575-7422-17d995e0902f" testName="Test1BioGuard.IntegrationTests.AdminIntegrationTests.PausarUsuario_SinMotivoAlPausar_Retorna400" computerName="CAISSA" duration="00:00:00.0203922" startTime="2026-08-07T06:09:22.4835925-06:00" endTime="2026-08-07T06:09:22.5082817-06:00" testType="13cdc9d9-ddb5-4fa4-a97d-d965ccfc6d4b" outcome="Passed" testListId="8c84fa94-04c1-424b-9868-57a2d4851a1d" relativeResultsDirectory="bf7c097e-5aa7-4333-8cc0-b73c0ea0276b" />
    <UnitTestResult executionId="542eb290-251b-4014-b228-164ec5cb7e93" testId="19a49f80-fbdf-db97-9989-f6fe20113ff8" testName="Test1BioGuard.UnitTest.SensorServiceTests.InsertarLecturaAsync_DatosValidos_RetornaLectura" computerName="CAISSA" duration="00:00:01.2582895" startTime="2026-08-07T06:09:18.5391979-06:00" endTime="2026-08-07T06:09:19.7339891-06:00" testType="13cdc9d9-ddb5-4fa4-a97d-d965ccfc6d4b" outcome="Passed" testListId="8c84fa94-04c1-424b-9868-57a2d4851a1d" relativeResultsDirectory="542eb290-251b-4014-b228-164ec5cb7e93" />
    <UnitTestResult executionId="91cb5a22-641e-4fbd-9b47-bf6fd9bc6106" testId="ff156286-0982-d844-5e42-f0d53a25e99a" testName="Test1BioGuard.SecurityTests.JwtSecurityTests.GenerateToken_TieneJti" computerName="CAISSA" duration="00:00:00.0146117" startTime="2026-08-07T06:09:20.4759824-06:00" endTime="2026-08-07T06:09:20.4892611-06:00" testType="13cdc9d9-ddb5-4fa4-a97d-d965ccfc6d4b" outcome="Passed" testListId="8c84fa94-04c1-424b-9868-57a2d4851a1d" relativeResultsDirectory="91cb5a22-641e-4fbd-9b47-bf6fd9bc6106" />
    <UnitTestResult executionId="244d68f4-4a04-402d-8835-06aa4a9e3742" testId="b90de820-23b8-3c36-b371-db5f1648d8f4" testName="Test1BioGuard.UnitTest.NotificacionServiceTests.MarcarLeidaAsync_NotificacionExiste_RetornaTrue" computerName="CAISSA" duration="00:00:00.1015030" startTime="2026-08-07T06:09:19.3610871-06:00" endTime="2026-08-07T06:09:19.4601972-06:00" testType="13cdc9d9-ddb5-4fa4-a97d-d965ccfc6d4b" outcome="Passed" testListId="8c84fa94-04c1-424b-9868-57a2d4851a1d" relativeResultsDirectory="244d68f4-4a04-402d-8835-06aa4a9e3742" />
    <UnitTestResult executionId="f12ac4ee-0c45-422e-a344-f4ab1f1dec2f" testId="dff86100-f42f-edac-a7e2-6d684b9beae5" testName="Test1BioGuard.SecurityTests.JwtSecurityTests.GenerateToken_ConClaveSecreta" computerName="CAISSA" duration="00:00:00.0299369" startTime="2026-08-07T06:09:20.4137113-06:00" endTime="2026-08-07T06:09:20.4415139-06:00" testType="13cdc9d9-ddb5-4fa4-a97d-d965ccfc6d4b" outcome="Passed" testListId="8c84fa94-04c1-424b-9868-57a2d4851a1d" relativeResultsDirectory="f12ac4ee-0c45-422e-a344-f4ab1f1dec2f" />
    <UnitTestResult executionId="e1854d84-4c72-4cb8-8849-ba4455f06344" testId="281903b6-dddf-8dd5-15c6-4dcb47a5fbb2" testName="Test1BioGuard.NonFunctionalTests.ErrorMessagesTests.SecurityHeaders_TodasLasRespuestas_LasIncluye" computerName="CAISSA" duration="00:00:00.0551495" startTime="2026-08-07T06:09:24.0313047-06:00" endTime="2026-08-07T06:09:24.0992145-06:00" testType="13cdc9d9-ddb5-4fa4-a97d-d965ccfc6d4b" outcome="Passed" testListId="8c84fa94-04c1-424b-9868-57a2d4851a1d" relativeResultsDirectory="e1854d84-4c72-4cb8-8849-ba4455f06344" />
    <UnitTestResult executionId="2d71a11d-8d6f-4396-8d07-d77d87ffabe8" testId="9baa591a-96c4-ac82-3fc8-d02c1e8d164e" testName="Test1BioGuard.IntegrationTests.SensoresIntegrationTests.CrearEvento_SinToken_Retorna401" computerName="CAISSA" duration="00:00:00.1128885" startTime="2026-08-07T06:09:23.4861939-06:00" endTime="2026-08-07T06:09:23.6076471-06:00" testType="13cdc9d9-ddb5-4fa4-a97d-d965ccfc6d4b" outcome="Passed" testListId="8c84fa94-04c1-424b-9868-57a2d4851a1d" relativeResultsDirectory="2d71a11d-8d6f-4396-8d07-d77d87ffabe8" />
    <UnitTestResult executionId="92919cc7-990c-47f6-ae73-896e433db481" testId="5b609c10-9f22-f96b-fc71-5870bd12da9c" testName="Test1BioGuard.IntegrationTests.AdminIntegrationTests.ObtenerMetricas_Retorna200" computerName="CAISSA" duration="00:00:00.0792288" startTime="2026-08-07T06:09:22.5909105-06:00" endTime="2026-08-07T06:09:22.6844664-06:00" testType="13cdc9d9-ddb5-4fa4-a97d-d965ccfc6d4b" outcome="Passed" testListId="8c84fa94-04c1-424b-9868-57a2d4851a1d" relativeResultsDirectory="92919cc7-990c-47f6-ae73-896e433db481" />
    <UnitTestResult executionId="f2344fc5-7535-41c6-b0c6-c5b64127d575" testId="5a68f07f-33c6-2db1-f851-feeedf8abbcd" testName="Test1BioGuard.UnitTest.SensorServiceTests.ObtenerTrackingRangoAsync_ConDatos_RetornaLista" computerName="CAISSA" duration="00:00:00.0178765" startTime="2026-08-07T06:09:19.7371767-06:00" endTime="2026-08-07T06:09:19.7520541-06:00" testType="13cdc9d9-ddb5-4fa4-a97d-d965ccfc6d4b" outcome="Passed" testListId="8c84fa94-04c1-424b-9868-57a2d4851a1d" relativeResultsDirectory="f2344fc5-7535-41c6-b0c6-c5b64127d575" />
    <UnitTestResult executionId="8ff4b97f-0ed2-4b47-9f14-188faea51150" testId="0de92d1a-c8e5-b091-e233-bf22820ce580" testName="Test1BioGuard.IntegrationTests.AdminIntegrationTests.PausarUsuario_Reactivar_Retorna200" computerName="CAISSA" duration="00:00:00.0810901" startTime="2026-08-07T06:09:22.3861994-06:00" endTime="2026-08-07T06:09:22.4820939-06:00" testType="13cdc9d9-ddb5-4fa4-a97d-d965ccfc6d4b" outcome="Passed" testListId="8c84fa94-04c1-424b-9868-57a2d4851a1d" relativeResultsDirectory="8ff4b97f-0ed2-4b47-9f14-188faea51150" />
    <UnitTestResult executionId="c5d159ba-c552-4c34-a5b1-52fa604bb8d4" testId="77a4cbc3-5f9d-6344-e250-cba5b6058de4" testName="Test1BioGuard.IntegrationTests.AdminIntegrationTests.GetUsuarios_SinToken_Retorna401" computerName="CAISSA" duration="00:00:00.0579346" startTime="2026-08-07T06:09:22.3224125-06:00" endTime="2026-08-07T06:09:22.3847068-06:00" testType="13cdc9d9-ddb5-4fa4-a97d-d965ccfc6d4b" outcome="Passed" testListId="8c84fa94-04c1-424b-9868-57a2d4851a1d" relativeResultsDirectory="c5d159ba-c552-4c34-a5b1-52fa604bb8d4" />
    <UnitTestResult executionId="0552ad4e-53b6-459e-b68f-93ed7e22e8f8" testId="7d31e762-9d57-77a2-a556-77399847548c" testName="Test1BioGuard.IntegrationTests.MedicamentosIntegrationTests.RegistrarToma_MedicamentoExiste_Retorna200" computerName="CAISSA" duration="00:00:00.0490492" startTime="2026-08-07T06:09:22.6415046-06:00" endTime="2026-08-07T06:09:22.6910470-06:00" testType="13cdc9d9-ddb5-4fa4-a97d-d965ccfc6d4b" outcome="Passed" testListId="8c84fa94-04c1-424b-9868-57a2d4851a1d" relativeResultsDirectory="0552ad4e-53b6-459e-b68f-93ed7e22e8f8" />
    <UnitTestResult executionId="8bcf47b4-4337-419d-961c-66c38d6a6686" testId="e3f5a675-35d8-46cf-5ec3-3439b53acb42" testName="Test1BioGuard.IntegrationTests.MedicamentosIntegrationTests.GetById_MedicamentoExiste_Retorna200" computerName="CAISSA" duration="00:00:02.2187005" startTime="2026-08-07T06:09:19.8832872-06:00" endTime="2026-08-07T06:09:22.1028073-06:00" testType="13cdc9d9-ddb5-4fa4-a97d-d965ccfc6d4b" outcome="Passed" testListId="8c84fa94-04c1-424b-9868-57a2d4851a1d" relativeResultsDirectory="8bcf47b4-4337-419d-961c-66c38d6a6686" />
    <UnitTestResult executionId="7e44d1f5-1295-4160-a598-f080c91859ee" testId="d7d8d83f-0020-ce33-be31-0f2c7859899c" testName="Test1BioGuard.UnitTest.MLServiceTests.ObtenerPrediccionesAsync_SinPredicciones_RetornaListaVacia" computerName="CAISSA" duration="00:00:00.0059590" startTime="2026-08-07T06:09:21.7036332-06:00" endTime="2026-08-07T06:09:21.7080215-06:00" testType="13cdc9d9-ddb5-4fa4-a97d-d965ccfc6d4b" outcome="Passed" testListId="8c84fa94-04c1-424b-9868-57a2d4851a1d" relativeResultsDirectory="7e44d1f5-1295-4160-a598-f080c91859ee" />
    <UnitTestResult executionId="4cb84705-183b-49b3-a933-9b1b271b0044" testId="c05983c4-5a98-92a3-066e-2a64e7c809a3" testName="Test1BioGuard.IntegrationTests.SensoresIntegrationTests.InsertarTracking_DatosValidos_Retorna200" computerName="CAISSA" duration="00:00:00.0540037" startTime="2026-08-07T06:09:22.6359278-06:00" endTime="2026-08-07T06:09:22.6969184-06:00" testType="13cdc9d9-ddb5-4fa4-a97d-d965ccfc6d4b" outcome="Passed" testListId="8c84fa94-04c1-424b-9868-57a2d4851a1d" relativeResultsDirectory="4cb84705-183b-49b3-a933-9b1b271b0044" />
    <UnitTestResult executionId="4b444902-13b8-4cd4-afdd-6ae9d9516b0c" testId="856b0ae1-1632-3cd7-9d4b-384fae85c026" testName="Test1BioGuard.IntegrationTests.ReportesIntegrationTests.HistorialAlertas_ConAlertas_Retorna200" computerName="CAISSA" duration="00:00:00.1236201" startTime="2026-08-07T06:09:22.6885907-06:00" endTime="2026-08-07T06:09:22.8169460-06:00" testType="13cdc9d9-ddb5-4fa4-a97d-d965ccfc6d4b" outcome="Passed" testListId="8c84fa94-04c1-424b-9868-57a2d4851a1d" relativeResultsDirectory="4b444902-13b8-4cd4-afdd-6ae9d9516b0c" />
    <UnitTestResult executionId="e5d78e19-3fae-4982-a4c2-12d672e45d92" testId="1f75ab18-9c4b-61c4-042a-34e5052b859e" testName="Test1BioGuard.SecurityTests.AuthorizationSecurityTests.NivelAcceso_CuidadorSoloAlertasNoPuedeExportarPDF_Retorna403" computerName="CAISSA" duration="00:00:00.0281500" startTime="2026-08-07T06:09:25.8308658-06:00" endTime="2026-08-07T06:09:25.8584989-06:00" testType="13cdc9d9-ddb5-4fa4-a97d-d965ccfc6d4b" outcome="Passed" testListId="8c84fa94-04c1-424b-9868-57a2d4851a1d" relativeResultsDirectory="e5d78e19-3fae-4982-a4c2-12d672e45d92" />
    <UnitTestResult executionId="4dbb97d2-4586-4d3b-8218-7f12ecf278e6" testId="73965b1f-8770-0b5c-7ef9-e673ebc6d313" testName="Test1BioGuard.UnitTest.CuidadorServiceTests.ObtenerPorUsuarioAsync_ConCuidadores_RetornaLista" computerName="CAISSA" duration="00:00:00.0051581" startTime="2026-08-07T06:09:22.6273030-06:00" endTime="2026-08-07T06:09:22.6310601-06:00" testType="13cdc9d9-ddb5-4fa4-a97d-d965ccfc6d4b" outcome="Passed" testListId="8c84fa94-04c1-424b-9868-57a2d4851a1d" relativeResultsDirectory="4dbb97d2-4586-4d3b-8218-7f12ecf278e6" />
    <UnitTestResult executionId="e0617b24-3ce1-45ed-994d-f05cfdd8791b" testId="b8dd33f0-5565-7826-9340-0d5071db1a3c" testName="Test1BioGuard.SecurityTests.IDORSecurityTests.Medicamentos_GetById_OtroUsuario_Retorna403" computerName="CAISSA" duration="00:00:00.0875691" startTime="2026-08-07T06:09:24.6616727-06:00" endTime="2026-08-07T06:09:24.7848821-06:00" testType="13cdc9d9-ddb5-4fa4-a97d-d965ccfc6d4b" outcome="Passed" testListId="8c84fa94-04c1-424b-9868-57a2d4851a1d" relativeResultsDirectory="e0617b24-3ce1-45ed-994d-f05cfdd8791b" />
    <UnitTestResult executionId="3c85af81-c592-4207-9a6f-fa1d2fbc1d73" testId="ef6fd417-9c65-54fd-41b8-41dbd3fc7f62" testName="Test1BioGuard.IntegrationTests.MLIntegrationTests.Entrenar_SinToken_Retorna401" computerName="CAISSA" duration="00:00:00.0207661" startTime="2026-08-07T06:09:24.0639305-06:00" endTime="2026-08-07T06:09:24.0896306-06:00" testType="13cdc9d9-ddb5-4fa4-a97d-d965ccfc6d4b" outcome="Passed" testListId="8c84fa94-04c1-424b-9868-57a2d4851a1d" relativeResultsDirectory="3c85af81-c592-4207-9a6f-fa1d2fbc1d73" />
    <UnitTestResult executionId="cdc09337-6d16-4244-b42a-70cbb454562c" testId="9b7513e4-2f94-0fe5-8ed4-d0e2b50acbee" testName="Test1BioGuard.SecurityTests.AuthorizationSecurityTests.NivelAcceso_CuidadorSoloAlertasNoPuedeVerResumen_Retorna403" computerName="CAISSA" duration="00:00:00.0213792" startTime="2026-08-07T06:09:25.5774022-06:00" endTime="2026-08-07T06:09:25.5985601-06:00" testType="13cdc9d9-ddb5-4fa4-a97d-d965ccfc6d4b" outcome="Passed" testListId="8c84fa94-04c1-424b-9868-57a2d4851a1d" relativeResultsDirectory="cdc09337-6d16-4244-b42a-70cbb454562c" />
    <UnitTestResult executionId="6b4a73d5-f12f-46da-9a09-01046b2c57ae" testId="96be8123-e02a-128f-f45f-d12efbb20a01" testName="Test1BioGuard.IntegrationTests.UsuariosWebIntegrationTests.CambiarPlan_PlanValido_Retorna200" computerName="CAISSA" duration="00:00:00.0894895" startTime="2026-08-07T06:09:22.3910607-06:00" endTime="2026-08-07T06:09:22.4790447-06:00" testType="13cdc9d9-ddb5-4fa4-a97d-d965ccfc6d4b" outcome="Passed" testListId="8c84fa94-04c1-424b-9868-57a2d4851a1d" relativeResultsDirectory="6b4a73d5-f12f-46da-9a09-01046b2c57ae" />
    <UnitTestResult executionId="7c29e060-5053-45b1-b15c-a6838874e2f7" testId="05a82c3b-67b8-c4de-d18d-a7a69d211810" testName="Test1BioGuard.UnitTest.PacienteServiceTests.UpdateBiometriaAsync_DatosValidos_ActualizaBiometria" computerName="CAISSA" duration="00:00:00.0197821" startTime="2026-08-07T06:09:22.8166187-06:00" endTime="2026-08-07T06:09:22.8360506-06:00" testType="13cdc9d9-ddb5-4fa4-a97d-d965ccfc6d4b" outcome="Passed" testListId="8c84fa94-04c1-424b-9868-57a2d4851a1d" relativeResultsDirectory="7c29e060-5053-45b1-b15c-a6838874e2f7" />
    <UnitTestResult executionId="ce9e7bc6-31ae-4faa-a5c8-998c609d2cc9" testId="bac848a6-738c-e3c3-914d-acda850aaa3d" testName="Test1BioGuard.SecurityTests.InputValidationTests.CrearMedicamento_PacienteIdVacio_Retorna400" computerName="CAISSA" duration="00:00:00.0520100" startTime="2026-08-07T06:09:22.5070172-06:00" endTime="2026-08-07T06:09:22.5613722-06:00" testType="13cdc9d9-ddb5-4fa4-a97d-d965ccfc6d4b" outcome="Passed" testListId="8c84fa94-04c1-424b-9868-57a2d4851a1d" relativeResultsDirectory="ce9e7bc6-31ae-4faa-a5c8-998c609d2cc9" />
    <UnitTestResult executionId="86f4e774-5a89-4419-a3fb-9b3e4265a997" testId="6ca8d089-ee05-e2ba-78b3-625d5fee79bf" testName="Test1BioGuard.UnitTest.AuthServiceTests.LoginByCodigoAsync_CodigoInvalido_RetornaNull" computerName="CAISSA" duration="00:00:00.0082744" startTime="2026-08-07T06:09:24.5828903-06:00" endTime="2026-08-07T06:09:24.5896789-06:00" testType="13cdc9d9-ddb5-4fa4-a97d-d965ccfc6d4b" outcome="Passed" testListId="8c84fa94-04c1-424b-9868-57a2d4851a1d" relativeResultsDirectory="86f4e774-5a89-4419-a3fb-9b3e4265a997" />
    <UnitTestResult executionId="67ff26a1-9360-4a66-9c43-b6db88fb6a8b" testId="4ea92895-51e3-c634-1891-a06b95d87ac7" testName="Test1BioGuard.IntegrationTests.PacientesIntegrationTests.MiPaciente_SinPaciente_Retorna404" computerName="CAISSA" duration="00:00:00.0124850" startTime="2026-08-07T06:09:25.4205381-06:00" endTime="2026-08-07T06:09:25.4319327-06:00" testType="13cdc9d9-ddb5-4fa4-a97d-d965ccfc6d4b" outcome="Passed" testListId="8c84fa94-04c1-424b-9868-57a2d4851a1d" relativeResultsDirectory="67ff26a1-9360-4a66-9c43-b6db88fb6a8b" />
    <UnitTestResult executionId="364d5333-10ea-4823-bd24-fd1c349ed164" testId="6f5b5248-5bdc-d5cf-84ef-105b4ae65df7" testName="Test1BioGuard.IntegrationTests.SensoresIntegrationTests.Estadisticas_SinDatos_RetornaSinDatos" computerName="CAISSA" duration="00:00:00.0824288" startTime="2026-08-07T06:09:22.4671796-06:00" endTime="2026-08-07T06:09:22.5489619-06:00" testType="13cdc9d9-ddb5-4fa4-a97d-d965ccfc6d4b" outcome="Passed" testListId="8c84fa94-04c1-424b-9868-57a2d4851a1d" relativeResultsDirectory="364d5333-10ea-4823-bd24-fd1c349ed164" />
    <UnitTestResult executionId="94372efd-6777-425d-a73d-7436e10f95d6" testId="751ca19b-ba57-a728-2669-c6999e4b0f6d" testName="Test1BioGuard.IntegrationTests.AdminIntegrationTests.PausarUsuario_UsuarioNoExiste_Retorna404" computerName="CAISSA" duration="00:00:00.0429618" startTime="2026-08-07T06:09:22.2054661-06:00" endTime="2026-08-07T06:09:22.2714028-06:00" testType="13cdc9d9-ddb5-4fa4-a97d-d965ccfc6d4b" outcome="Passed" testListId="8c84fa94-04c1-424b-9868-57a2d4851a1d" relativeResultsDirectory="94372efd-6777-425d-a73d-7436e10f95d6" />
    <UnitTestResult executionId="2dc78c16-7d71-4373-9a36-5e3bae015b20" testId="b5438dd2-051d-7918-4b0f-79978b1f07a9" testName="Test1BioGuard.IntegrationTests.AuthIntegrationTests.CambiarPassword_SinToken_Retorna401" computerName="CAISSA" duration="00:00:00.0551390" startTime="2026-08-07T06:09:24.6828105-06:00" endTime="2026-08-07T06:09:24.7403152-06:00" testType="13cdc9d9-ddb5-4fa4-a97d-d965ccfc6d4b" outcome="Passed" testListId="8c84fa94-04c1-424b-9868-57a2d4851a1d" relativeResultsDirectory="2dc78c16-7d71-4373-9a36-5e3bae015b20" />
    <UnitTestResult executionId="bb800d05-0e76-4e32-b35e-e5be9b44cde2" testId="1f4b57da-70b2-d8c8-3d3e-3bf3c710e6ae" testName="Test1BioGuard.SecurityTests.InputValidationTests.Login_CampoVacio_Retorna400" computerName="CAISSA" duration="00:00:00.0393930" startTime="2026-08-07T06:09:22.8869422-06:00" endTime="2026-08-07T06:09:22.9438332-06:00" testType="13cdc9d9-ddb5-4fa4-a97d-d965ccfc6d4b" outcome="Passed" testListId="8c84fa94-04c1-424b-9868-57a2d4851a1d" relativeResultsDirectory="bb800d05-0e76-4e32-b35e-e5be9b44cde2" />
    <UnitTestResult executionId="acb2bda3-1b3b-4604-95d7-cde63fb490d0" testId="1000c56a-9095-7353-fb8b-0b847b19252f" testName="Test1BioGuard.IntegrationTests.NotificacionesIntegrationTests.ObtenerPorUsuario_ConNotificaciones_Retorna200" computerName="CAISSA" duration="00:00:00.0640713" startTime="2026-08-07T06:09:24.2951781-06:00" endTime="2026-08-07T06:09:24.3643836-06:00" testType="13cdc9d9-ddb5-4fa4-a97d-d965ccfc6d4b" outcome="Passed" testListId="8c84fa94-04c1-424b-9868-57a2d4851a1d" relativeResultsDirectory="acb2bda3-1b3b-4604-95d7-cde63fb490d0" />
    <UnitTestResult executionId="f43e1d0b-0948-43b4-b132-98f949f4e72e" testId="c03b01be-026d-1026-ff1a-8fd0ca055548" testName="Test1BioGuard.IntegrationTests.MedicamentosIntegrationTests.TriggerMedicamento_DatosValidos_Retorna200" computerName="CAISSA" duration="00:00:00.0615042" startTime="2026-08-07T06:09:22.5665439-06:00" endTime="2026-08-07T06:09:22.6402108-06:00" testType="13cdc9d9-ddb5-4fa4-a97d-d965ccfc6d4b" outcome="Passed" testListId="8c84fa94-04c1-424b-9868-57a2d4851a1d" relativeResultsDirectory="f43e1d0b-0948-43b4-b132-98f949f4e72e" />
    <UnitTestResult executionId="c5bda89a-e637-460c-a59f-99f4ddcd8399" testId="a3224c43-ccc4-0d4d-1cb2-8cb1c8e2967c" testName="Test1BioGuard.NonFunctionalTests.IaCTests.PipelineTieneSmokeTestPostDeploy" computerName="CAISSA" duration="00:00:00.0006188" startTime="2026-08-07T06:09:19.0946217-06:00" endTime="2026-08-07T06:09:19.1076036-06:00" testType="13cdc9d9-ddb5-4fa4-a97d-d965ccfc6d4b" outcome="Passed" testListId="8c84fa94-04c1-424b-9868-57a2d4851a1d" relativeResultsDirectory="c5bda89a-e637-460c-a59f-99f4ddcd8399" />
    <UnitTestResult executionId="5cfaca0c-c7b1-47a6-951c-77565b3abfc5" testId="390cca7b-832c-45d6-d0e6-aec1ba4c6e68" testName="Test1BioGuard.NonFunctionalTests.ErrorMessagesTests.Admin_PausarUsuario_SinMotivo_Retorna400ConMessage" computerName="CAISSA" duration="00:00:00.0405496" startTime="2026-08-07T06:09:25.0144795-06:00" endTime="2026-08-07T06:09:25.0541203-06:00" testType="13cdc9d9-ddb5-4fa4-a97d-d965ccfc6d4b" outcome="Passed" testListId="8c84fa94-04c1-424b-9868-57a2d4851a1d" relativeResultsDirectory="5cfaca0c-c7b1-47a6-951c-77565b3abfc5" />
    <UnitTestResult executionId="1967cb03-b48f-49b4-991a-0c4b80d95421" testId="2178912b-3f91-1a94-fa61-4c6956bff0b5" testName="Test1BioGuard.SecurityTests.RefreshTokenTests.GenerateRefreshToken_LongitudSuficiente" computerName="CAISSA" duration="00:00:00.0012182" startTime="2026-08-07T06:09:20.3049029-06:00" endTime="2026-08-07T06:09:20.3051516-06:00" testType="13cdc9d9-ddb5-4fa4-a97d-d965ccfc6d4b" outcome="Passed" testListId="8c84fa94-04c1-424b-9868-57a2d4851a1d" relativeResultsDirectory="1967cb03-b48f-49b4-991a-0c4b80d95421" />
    <UnitTestResult executionId="a58c0c1a-3fce-4eb3-be4c-060df6245b74" testId="71ab0a22-fd7b-cc27-1a5f-45ee2fb055ca" testName="Test1BioGuard.UnitTest.EmailServiceTests.SendVerificationCodeAsync_SmtpNoConfigurado_RetornaFalse" computerName="CAISSA" duration="00:00:00.0576723" startTime="2026-08-07T06:09:21.7191858-06:00" endTime="2026-08-07T06:09:21.7761590-06:00" testType="13cdc9d9-ddb5-4fa4-a97d-d965ccfc6d4b" outcome="Passed" testListId="8c84fa94-04c1-424b-9868-57a2d4851a1d" relativeResultsDirectory="a58c0c1a-3fce-4eb3-be4c-060df6245b74" />
    <UnitTestResult executionId="3b07cbd2-97b1-4bee-980b-8f06945132fe" testId="f6610063-da59-084e-3c24-df666893a35c" testName="Test1BioGuard.NonFunctionalTests.IaCTests.AppStagingYaml_UsaVariablesStaging" computerName="CAISSA" duration="00:00:00.0007423" startTime="2026-08-07T06:09:19.0789998-06:00" endTime="2026-08-07T06:09:19.0790989-06:00" testType="13cdc9d9-ddb5-4fa4-a97d-d965ccfc6d4b" outcome="Passed" testListId="8c84fa94-04c1-424b-9868-57a2d4851a1d" relativeResultsDirectory="3b07cbd2-97b1-4bee-980b-8f06945132fe" />
    <UnitTestResult executionId="3a6ea53d-7405-4026-b9ad-88c60c1305b8" testId="f74c0af7-2f50-f3e1-4ddc-f9e1547d0f06" testName="Test1BioGuard.IntegrationTests.DispositivosIntegrationTests.Vincular_SinToken_Retorna401" computerName="CAISSA" duration="00:00:00.0349729" startTime="2026-08-07T06:09:22.2499420-06:00" endTime="2026-08-07T06:09:22.2888036-06:00" testType="13cdc9d9-ddb5-4fa4-a97d-d965ccfc6d4b" outcome="Passed" testListId="8c84fa94-04c1-424b-9868-57a2d4851a1d" relativeResultsDirectory="3a6ea53d-7405-4026-b9ad-88c60c1305b8" />
    <UnitTestResult executionId="2db131a6-4f0f-4c07-8b44-8b100244afad" testId="e1c94c4e-dbed-5c66-5df4-6277eab58015" testName="Test1BioGuard.UnitTest.MLServiceTests.ObtenerMetricasAsync_ModeloExiste_RetornaModelo" computerName="CAISSA" duration="00:00:00.0104736" startTime="2026-08-07T06:09:21.6194552-06:00" endTime="2026-08-07T06:09:21.6274826-06:00" testType="13cdc9d9-ddb5-4fa4-a97d-d965ccfc6d4b" outcome="Passed" testListId="8c84fa94-04c1-424b-9868-57a2d4851a1d" relativeResultsDirectory="2db131a6-4f0f-4c07-8b44-8b100244afad" />
    <UnitTestResult executionId="89badf40-affc-4691-b68f-c96102f7a59f" testId="6dc8afd4-09f4-3ae4-45ef-d4b2dc01a9c2" testName="Test1BioGuard.UnitTest.AuthServiceTests.RegisterWebAsync_CorreoExistente_RetornaNull" computerName="CAISSA" duration="00:00:00.0085777" startTime="2026-08-07T06:09:24.3587362-06:00" endTime="2026-08-07T06:09:24.3623950-06:00" testType="13cdc9d9-ddb5-4fa4-a97d-d965ccfc6d4b" outcome="Passed" testListId="8c84fa94-04c1-424b-9868-57a2d4851a1d" relativeResultsDirectory="89badf40-affc-4691-b68f-c96102f7a59f" />
    <UnitTestResult executionId="14c52fe5-600c-4d71-a9e9-38b358d47443" testId="60a55ca6-3900-0eaf-2599-4a11990e5202" testName="Test1BioGuard.IntegrationTests.DispositivosIntegrationTests.Desvincular_DispositivoExiste_Retorna204" computerName="CAISSA" duration="00:00:00.0801075" startTime="2026-08-07T06:09:22.1682001-06:00" endTime="2026-08-07T06:09:22.2471426-06:00" testType="13cdc9d9-ddb5-4fa4-a97d-d965ccfc6d4b" outcome="Passed" testListId="8c84fa94-04c1-424b-9868-57a2d4851a1d" relativeResultsDirectory="14c52fe5-600c-4d71-a9e9-38b358d47443" />
    <UnitTestResult executionId="3172f102-c0f4-4d22-a1b2-bdcc43115bf6" testId="f1b7b911-026f-2f9f-6f14-c867b2c66bbc" testName="Test1BioGuard.UnitTest.CuidadorServiceTests.ObtenerPorPacienteAsync_SinCuidadores_RetornaListaVacia" computerName="CAISSA" duration="00:00:00.0325876" startTime="2026-08-07T06:09:22.5937256-06:00" endTime="2026-08-07T06:09:22.6255813-06:00" testType="13cdc9d9-ddb5-4fa4-a97d-d965ccfc6d4b" outcome="Passed" testListId="8c84fa94-04c1-424b-9868-57a2d4851a1d" relativeResultsDirectory="3172f102-c0f4-4d22-a1b2-bdcc43115bf6" />
    <UnitTestResult executionId="a14dc86e-85f2-44b3-a4db-ecda5a49643a" testId="f216cf85-a82c-3e23-d5a8-f30c9e7e5a30" testName="Test1BioGuard.UnitTest.AuditoriaServiceTests.ObtenerAsync_ConEntidadId_FiltraPorEntidad" computerName="CAISSA" duration="00:00:00.0093880" startTime="2026-08-07T06:09:21.5716379-06:00" endTime="2026-08-07T06:09:21.5781818-06:00" testType="13cdc9d9-ddb5-4fa4-a97d-d965ccfc6d4b" outcome="Passed" testListId="8c84fa94-04c1-424b-9868-57a2d4851a1d" relativeResultsDirectory="a14dc86e-85f2-44b3-a4db-ecda5a49643a" />
    <UnitTestResult executionId="3ab23d02-3542-402a-9511-8f0e9512f310" testId="d71cb46a-18e8-5144-5da4-8a752d7dba71" testName="Test1BioGuard.IntegrationTests.SensoresIntegrationTests.TrackingActual_SinToken_Retorna401" computerName="CAISSA" duration="00:00:00.0492467" startTime="2026-08-07T06:09:22.3076595-06:00" endTime="2026-08-07T06:09:22.3727633-06:00" testType="13cdc9d9-ddb5-4fa4-a97d-d965ccfc6d4b" outcome="Passed" testListId="8c84fa94-04c1-424b-9868-57a2d4851a1d" relativeResultsDirectory="3ab23d02-3542-402a-9511-8f0e9512f310" />
    <UnitTestResult executionId="b205fd1d-9eda-4a5c-81d6-ac6bf145e16d" testId="984e6865-7b2d-ea58-0ca6-63144680550b" testName="Test1BioGuard.SecurityTests.AuthorizationSecurityTests.AuthZ_Planes_PacienteNoPuedeEditar_Retorna403" computerName="CAISSA" duration="00:00:00.0071690" startTime="2026-08-07T06:09:25.2616716-06:00" endTime="2026-08-07T06:09:25.2688076-06:00" testType="13cdc9d9-ddb5-4fa4-a97d-d965ccfc6d4b" outcome="Passed" testListId="8c84fa94-04c1-424b-9868-57a2d4851a1d" relativeResultsDirectory="b205fd1d-9eda-4a5c-81d6-ac6bf145e16d" />
    <UnitTestResult executionId="9cd6f223-15d0-42fe-a956-8a5a94feba27" testId="3176a0b9-546c-e311-24ec-4eab26ab9d0c" testName="Test1BioGuard.SecurityTests.AuthorizationSecurityTests.ML_Metricas_DuenoPuedeVerCualquierModelo_Retorna200" computerName="CAISSA" duration="00:00:00.0356942" startTime="2026-08-07T06:09:24.5095227-06:00" endTime="2026-08-07T06:09:24.5548487-06:00" testType="13cdc9d9-ddb5-4fa4-a97d-d965ccfc6d4b" outcome="Passed" testListId="8c84fa94-04c1-424b-9868-57a2d4851a1d" relativeResultsDirectory="9cd6f223-15d0-42fe-a956-8a5a94feba27" />
    <UnitTestResult executionId="0ca92cc5-66b1-42d4-8dd1-804bfb398c77" testId="66955d03-c1d1-acc0-0734-d355d03d7309" testName="Test1BioGuard.IntegrationTests.SensoresIntegrationTests.Tendencia_ConDatos_Retorna200" computerName="CAISSA" duration="00:00:00.0679225" startTime="2026-08-07T06:09:23.7393775-06:00" endTime="2026-08-07T06:09:23.8091108-06:00" testType="13cdc9d9-ddb5-4fa4-a97d-d965ccfc6d4b" outcome="Passed" testListId="8c84fa94-04c1-424b-9868-57a2d4851a1d" relativeResultsDirectory="0ca92cc5-66b1-42d4-8dd1-804bfb398c77" />
    <UnitTestResult executionId="d560449a-91f4-4ced-90f1-d945b4a74268" testId="71ade199-c516-936d-ddc1-dd0d8b3a9e0a" testName="Test1BioGuard.SecurityTests.AuthorizationSecurityTests.IDOR_Medicamentos_PacienteNoPuedeEditarPacienteB_Retorna403" computerName="CAISSA" duration="00:00:00.0094820" startTime="2026-08-07T06:09:25.6877390-06:00" endTime="2026-08-07T06:09:25.6967143-06:00" testType="13cdc9d9-ddb5-4fa4-a97d-d965ccfc6d4b" outcome="Passed" testListId="8c84fa94-04c1-424b-9868-57a2d4851a1d" relativeResultsDirectory="d560449a-91f4-4ced-90f1-d945b4a74268" />
    <UnitTestResult executionId="79e453e1-87db-4376-b37f-de8c28f9c11e" testId="bba3b177-df92-9da7-e276-2aaf7e167d9a" testName="Test1BioGuard.IntegrationTests.ReportesIntegrationTests.Compartir_DiasValidezInvalido_Retorna400" computerName="CAISSA" duration="00:00:00.2093492" startTime="2026-08-07T06:09:21.9057653-06:00" endTime="2026-08-07T06:09:22.1188487-06:00" testType="13cdc9d9-ddb5-4fa4-a97d-d965ccfc6d4b" outcome="Passed" testListId="8c84fa94-04c1-424b-9868-57a2d4851a1d" relativeResultsDirectory="79e453e1-87db-4376-b37f-de8c28f9c11e" />
    <UnitTestResult executionId="023630b4-79d9-4c91-9fa1-15f73a3c5bfd" testId="7dc55eb0-94c4-a1a3-77d5-67d2358a212c" testName="Test1BioGuard.SecurityTests.AuthorizationSecurityTests.IDOR_Medicamentos_DuenoAPuedeVerPacienteA_Retorna200" computerName="CAISSA" duration="00:00:00.0137056" startTime="2026-08-07T06:09:25.6732443-06:00" endTime="2026-08-07T06:09:25.6863187-06:00" testType="13cdc9d9-ddb5-4fa4-a97d-d965ccfc6d4b" outcome="Passed" testListId="8c84fa94-04c1-424b-9868-57a2d4851a1d" relativeResultsDirectory="023630b4-79d9-4c91-9fa1-15f73a3c5bfd" />
    <UnitTestResult executionId="0c3fb138-7ed7-498c-9038-b37bdf52dfa4" testId="e6531abe-d3a9-25d8-faa7-453247fe46a8" testName="Test1BioGuard.NonFunctionalTests.IaCTests.Dockerfile_ExponeSoloPuerto8080" computerName="CAISSA" duration="00:00:00.0072465" startTime="2026-08-07T06:09:19.1143950-06:00" endTime="2026-08-07T06:09:19.1145396-06:00" testType="13cdc9d9-ddb5-4fa4-a97d-d965ccfc6d4b" outcome="Passed" testListId="8c84fa94-04c1-424b-9868-57a2d4851a1d" relativeResultsDirectory="0c3fb138-7ed7-498c-9038-b37bdf52dfa4" />
    <UnitTestResult executionId="4282b8ef-23fa-439b-96a9-19018085ecf8" testId="8f76f070-7880-2f1d-f8ed-332d43551378" testName="Test1BioGuard.IntegrationTests.SensoresIntegrationTests.ExportarPDF_SinToken_Retorna401" computerName="CAISSA" duration="00:00:00.1836625" startTime="2026-08-07T06:09:23.0338607-06:00" endTime="2026-08-07T06:09:23.2026915-06:00" testType="13cdc9d9-ddb5-4fa4-a97d-d965ccfc6d4b" outcome="Passed" testListId="8c84fa94-04c1-424b-9868-57a2d4851a1d" relativeResultsDirectory="4282b8ef-23fa-439b-96a9-19018085ecf8" />
    <UnitTestResult executionId="4c8b01e8-aefb-4876-932e-164301266e53" testId="bad70ca1-c2e1-2398-69b2-dd3969b24c6e" testName="Test1BioGuard.SecurityTests.AuthorizationSecurityTests.IDOR_Alertas_CuidadorPuedeVerPacienteB_Retorna200" computerName="CAISSA" duration="00:00:00.0154183" startTime="2026-08-07T06:09:25.7903468-06:00" endTime="2026-08-07T06:09:25.8053093-06:00" testType="13cdc9d9-ddb5-4fa4-a97d-d965ccfc6d4b" outcome="Passed" testListId="8c84fa94-04c1-424b-9868-57a2d4851a1d" relativeResultsDirectory="4c8b01e8-aefb-4876-932e-164301266e53" />
    <UnitTestResult executionId="200d3b81-375f-46b2-8a22-e0a1d1581b31" testId="d331af87-24c9-e744-94ab-3660dde43a86" testName="Test1BioGuard.UnitTest.AuthServiceTests.ForgotPasswordAsync_UsuarioExiste_RetornaTrue" computerName="CAISSA" duration="00:00:00.0186969" startTime="2026-08-07T06:09:25.7304219-06:00" endTime="2026-08-07T06:09:25.7478947-06:00" testType="13cdc9d9-ddb5-4fa4-a97d-d965ccfc6d4b" outcome="Passed" testListId="8c84fa94-04c1-424b-9868-57a2d4851a1d" relativeResultsDirectory="200d3b81-375f-46b2-8a22-e0a1d1581b31" />
    <UnitTestResult executionId="aca96aca-d0c6-4fc0-b9d3-715b4284fdf0" testId="78d19588-0f3c-ec7c-f9e7-273498011eda" testName="Test1BioGuard.IntegrationTests.ReportesIntegrationTests.Resumen_PacienteConDatos_Retorna200" computerName="CAISSA" duration="00:00:00.1044994" startTime="2026-08-07T06:09:22.4137374-06:00" endTime="2026-08-07T06:09:22.5406089-06:00" testType="13cdc9d9-ddb5-4fa4-a97d-d965ccfc6d4b" outcome="Passed" testListId="8c84fa94-04c1-424b-9868-57a2d4851a1d" relativeResultsDirectory="aca96aca-d0c6-4fc0-b9d3-715b4284fdf0" />
    <UnitTestResult executionId="46ed1ab0-9653-4b60-97b6-f8bbf1e21035" testId="9a8d7753-7e72-ea9b-9203-f1f3ae6d9519" testName="Test1BioGuard.UnitTest.CuidadorServiceTests.ObtenerPorIdAsync_CuidadorExiste_RetornaCuidador" computerName="CAISSA" duration="00:00:00.0049996" startTime="2026-08-07T06:09:22.6496169-06:00" endTime="2026-08-07T06:09:22.6535291-06:00" testType="13cdc9d9-ddb5-4fa4-a97d-d965ccfc6d4b" outcome="Passed" testListId="8c84fa94-04c1-424b-9868-57a2d4851a1d" relativeResultsDirectory="46ed1ab0-9653-4b60-97b6-f8bbf1e21035" />
    <UnitTestResult executionId="b2c1aa1f-906f-460a-82f9-e2fa91a32d8d" testId="388e86d4-7a89-7c79-b456-32d5301af1d7" testName="Test1BioGuard.UnitTest.MLServiceTests.ObtenerPrediccionActualAsync_SinPrediccionActiva_RetornaNull" computerName="CAISSA" duration="00:00:00.0039314" startTime="2026-08-07T06:09:21.6936300-06:00" endTime="2026-08-07T06:09:21.6961622-06:00" testType="13cdc9d9-ddb5-4fa4-a97d-d965ccfc6d4b" outcome="Passed" testListId="8c84fa94-04c1-424b-9868-57a2d4851a1d" relativeResultsDirectory="b2c1aa1f-906f-460a-82f9-e2fa91a32d8d" />
    <UnitTestResult executionId="20cfc7d6-380f-491b-827d-355dc1eecc55" testId="7b14e811-7553-439b-148f-b8b3ac692762" testName="Test1BioGuard.NonFunctionalTests.IaCTests.AppYaml_TieneHealthCheckConfigurado" computerName="CAISSA" duration="00:00:00.0579871" startTime="2026-08-07T06:09:18.9409337-06:00" endTime="2026-08-07T06:09:19.0125906-06:00" testType="13cdc9d9-ddb5-4fa4-a97d-d965ccfc6d4b" outcome="Passed" testListId="8c84fa94-04c1-424b-9868-57a2d4851a1d" relativeResultsDirectory="20cfc7d6-380f-491b-827d-355dc1eecc55" />
    <UnitTestResult executionId="f3cb5b40-0f2d-4e98-b235-7dc7da7c12a1" testId="2fc5fe8a-848f-82ef-021c-d80813796fb5" testName="Test1BioGuard.IntegrationTests.NotificacionesIntegrationTests.ObtenerPorUsuario_OtroUsuario_Retorna403" computerName="CAISSA" duration="00:00:00.0741087" startTime="2026-08-07T06:09:23.9027863-06:00" endTime="2026-08-07T06:09:24.0003020-06:00" testType="13cdc9d9-ddb5-4fa4-a97d-d965ccfc6d4b" outcome="Passed" testListId="8c84fa94-04c1-424b-9868-57a2d4851a1d" relativeResultsDirectory="f3cb5b40-0f2d-4e98-b235-7dc7da7c12a1" />
    <UnitTestResult executionId="2f50d7bb-3016-442f-988d-ea521b2b8d4f" testId="2b846462-7004-6848-a137-630a1ce2b73d" testName="Test1BioGuard.NonFunctionalTests.ErrorMessagesTests.Auth_ForgotPassword_CorreoNoEncontrado_Retorna400ConMessage" computerName="CAISSA" duration="00:00:00.0724748" startTime="2026-08-07T06:09:24.6235651-06:00" endTime="2026-08-07T06:09:24.6989724-06:00" testType="13cdc9d9-ddb5-4fa4-a97d-d965ccfc6d4b" outcome="Passed" testListId="8c84fa94-04c1-424b-9868-57a2d4851a1d" relativeResultsDirectory="2f50d7bb-3016-442f-988d-ea521b2b8d4f" />
    <UnitTestResult executionId="76b66b2a-5ad7-4e43-8281-4a313645f1d8" testId="4f12ea6d-43a4-5c65-50ef-64b684a4a951" testName="Test1BioGuard.UnitTest.UsuariosWebServiceTests.CambiarCorreoAsync_CorreoYaExiste_RetornaFalse" computerName="CAISSA" duration="00:00:00.3950115" startTime="2026-08-07T06:09:22.7280230-06:00" endTime="2026-08-07T06:09:23.1189693-06:00" testType="13cdc9d9-ddb5-4fa4-a97d-d965ccfc6d4b" outcome="Passed" testListId="8c84fa94-04c1-424b-9868-57a2d4851a1d" relativeResultsDirectory="76b66b2a-5ad7-4e43-8281-4a313645f1d8" />
    <UnitTestResult executionId="1f7e9ad0-6299-4734-bd75-9ae49ea16efa" testId="fa99d5e7-b54d-b362-84b6-8234b50ce722" testName="Test1BioGuard.NonFunctionalTests.IaCTests.Dockerignore_ExcluyeArchivosInnecesarios" computerName="CAISSA" duration="00:00:00.0008782" startTime="2026-08-07T06:09:19.1236609-06:00" endTime="2026-08-07T06:09:19.1237540-06:00" testType="13cdc9d9-ddb5-4fa4-a97d-d965ccfc6d4b" outcome="Passed" testListId="8c84fa94-04c1-424b-9868-57a2d4851a1d" relativeResultsDirectory="1f7e9ad0-6299-4734-bd75-9ae49ea16efa" />
    <UnitTestResult executionId="95014c98-7574-4342-bdad-3c2f78dcf243" testId="4cc2635b-dbf1-e517-2270-48ed8d19799f" testName="Test1BioGuard.UnitTest.DispositivoServiceTests.VincularAsync_YaTieneDispositivo_RetornaNull" computerName="CAISSA" duration="00:00:00.0174948" startTime="2026-08-07T06:09:22.8538466-06:00" endTime="2026-08-07T06:09:22.8556764-06:00" testType="13cdc9d9-ddb5-4fa4-a97d-d965ccfc6d4b" outcome="Passed" testListId="8c84fa94-04c1-424b-9868-57a2d4851a1d" relativeResultsDirectory="95014c98-7574-4342-bdad-3c2f78dcf243" />
    <UnitTestResult executionId="c631b5d2-3b67-47d3-83bd-13e2333810fa" testId="a27dc237-933f-a5f0-4e9a-8e38129c51f0" testName="Test1BioGuard.SecurityTests.AuthorizationSecurityTests.AuthZ_Alertas_PacienteNoPuedeEliminar_Retorna403" computerName="CAISSA" duration="00:00:00.0090663" startTime="2026-08-07T06:09:24.8144322-06:00" endTime="2026-08-07T06:09:24.8404713-06:00" testType="13cdc9d9-ddb5-4fa4-a97d-d965ccfc6d4b" outcome="Passed" testListId="8c84fa94-04c1-424b-9868-57a2d4851a1d" relativeResultsDirectory="c631b5d2-3b67-47d3-83bd-13e2333810fa" />
    <UnitTestResult executionId="2371403e-8dc7-49fb-ae4c-4d468f18f22f" testId="0094202d-d192-ae65-e563-e35f6d952605" testName="Test1BioGuard.IntegrationTests.PagosIntegrationTests.Recibo_PagoNoExiste_Retorna404" computerName="CAISSA" duration="00:00:00.0648075" startTime="2026-08-07T06:09:22.5035185-06:00" endTime="2026-08-07T06:09:22.5745155-06:00" testType="13cdc9d9-ddb5-4fa4-a97d-d965ccfc6d4b" outcome="Passed" testListId="8c84fa94-04c1-424b-9868-57a2d4851a1d" relativeResultsDirectory="2371403e-8dc7-49fb-ae4c-4d468f18f22f" />
    <UnitTestResult executionId="30e147b7-ee02-4892-9c39-a882824a163b" testId="32be9c1c-f1a2-b4bd-4d1f-52ba50aeee09" testName="Test1BioGuard.UnitTest.UsuariosWebServiceTests.GetPlanAsync_UsuarioNoExiste_RetornaNull" computerName="CAISSA" duration="00:00:00.0093973" startTime="2026-08-07T06:09:22.7091542-06:00" endTime="2026-08-07T06:09:22.7136933-06:00" testType="13cdc9d9-ddb5-4fa4-a97d-d965ccfc6d4b" outcome="Passed" testListId="8c84fa94-04c1-424b-9868-57a2d4851a1d" relativeResultsDirectory="30e147b7-ee02-4892-9c39-a882824a163b" />
    <UnitTestResult executionId="866ea209-6ba7-4cae-b0e9-a102d3658c40" testId="2306169b-d6f1-5475-f252-59f01cb0226a" testName="Test1BioGuard.IntegrationTests.AlertasIntegrationTests.ObtenerPendientes_ConPendientes_Retorna200" computerName="CAISSA" duration="00:00:02.6549069" startTime="2026-08-07T06:09:19.4487368-06:00" endTime="2026-08-07T06:09:22.1055423-06:00" testType="13cdc9d9-ddb5-4fa4-a97d-d965ccfc6d4b" outcome="Passed" testListId="8c84fa94-04c1-424b-9868-57a2d4851a1d" relativeResultsDirectory="866ea209-6ba7-4cae-b0e9-a102d3658c40" />
    <UnitTestResult executionId="552e7719-d2f4-4c98-8981-5cdc9246aedf" testId="fd01ba81-ea9f-ea56-19b0-252c6f48f874" testName="Test1BioGuard.SecurityTests.JwtSecurityTests.GenerateToken_ConClaveIncorrecta_LanzaExcepcion" computerName="CAISSA" duration="00:00:00.0736498" startTime="2026-08-07T06:09:20.3371933-06:00" endTime="2026-08-07T06:09:20.4102936-06:00" testType="13cdc9d9-ddb5-4fa4-a97d-d965ccfc6d4b" outcome="Passed" testListId="8c84fa94-04c1-424b-9868-57a2d4851a1d" relativeResultsDirectory="552e7719-d2f4-4c98-8981-5cdc9246aedf" />
    <UnitTestResult executionId="2e7267fc-83b7-4908-b559-14f7c45baf37" testId="80a2ae77-6dc9-4c14-dea1-11299f774de4" testName="Test1BioGuard.NonFunctionalTests.IaCTests.Dockerfile_AspNetImageVersionEspecifica" computerName="CAISSA" duration="00:00:00.0005677" startTime="2026-08-07T06:09:19.1210593-06:00" endTime="2026-08-07T06:09:19.1213004-06:00" testType="13cdc9d9-ddb5-4fa4-a97d-d965ccfc6d4b" outcome="Passed" testListId="8c84fa94-04c1-424b-9868-57a2d4851a1d" relativeResultsDirectory="2e7267fc-83b7-4908-b559-14f7c45baf37" />
    <UnitTestResult executionId="55f359b9-dcb5-48df-b628-1638226755ca" testId="7f315df5-d284-6990-f053-bac863e3d400" testName="Test1BioGuard.SecurityTests.JwtSecurityTests.GenerateToken_TieneExpiracion" computerName="CAISSA" duration="00:00:00.0039557" startTime="2026-08-07T06:09:20.4715063-06:00" endTime="2026-08-07T06:09:20.4727950-06:00" testType="13cdc9d9-ddb5-4fa4-a97d-d965ccfc6d4b" outcome="Passed" testListId="8c84fa94-04c1-424b-9868-57a2d4851a1d" relativeResultsDirectory="55f359b9-dcb5-48df-b628-1638226755ca" />
    <UnitTestResult executionId="936f937b-5fcf-4bcc-9e46-cc90e13a1116" testId="77295620-e7f2-94b7-92aa-38863a0b105b" testName="Test1BioGuard.IntegrationTests.MLIntegrationTests.Recomendaciones_ConPrediccion_Retorna200" computerName="CAISSA" duration="00:00:00.0796084" startTime="2026-08-07T06:09:23.6804704-06:00" endTime="2026-08-07T06:09:23.7808702-06:00" testType="13cdc9d9-ddb5-4fa4-a97d-d965ccfc6d4b" outcome="Passed" testListId="8c84fa94-04c1-424b-9868-57a2d4851a1d" relativeResultsDirectory="936f937b-5fcf-4bcc-9e46-cc90e13a1116" />
    <UnitTestResult executionId="77fc30e4-f2fd-47c6-a7c1-363ab15e878f" testId="5ff1b9f1-cc8f-79c2-bf6f-2be63abbb4ee" testName="Test1BioGuard.UnitTest.MLServiceTests.ObtenerPrediccionesAsync_ConPredicciones_RetornaLista" computerName="CAISSA" duration="00:00:00.0097459" startTime="2026-08-07T06:09:21.6289550-06:00" endTime="2026-08-07T06:09:21.6375732-06:00" testType="13cdc9d9-ddb5-4fa4-a97d-d965ccfc6d4b" outcome="Passed" testListId="8c84fa94-04c1-424b-9868-57a2d4851a1d" relativeResultsDirectory="77fc30e4-f2fd-47c6-a7c1-363ab15e878f" />
    <UnitTestResult executionId="fd69b9eb-c2e7-4558-908a-e9c2504f8e14" testId="8615a1f7-cf49-7656-a168-138ea15fbb7d" testName="Test1BioGuard.UnitTest.UsuariosWebServiceTests.GetByIdAsync_UsuarioExiste_RetornaUsuario" computerName="CAISSA" duration="00:00:00.0058217" startTime="2026-08-07T06:09:23.1833054-06:00" endTime="2026-08-07T06:09:23.1876047-06:00" testType="13cdc9d9-ddb5-4fa4-a97d-d965ccfc6d4b" outcome="Passed" testListId="8c84fa94-04c1-424b-9868-57a2d4851a1d" relativeResultsDirectory="fd69b9eb-c2e7-4558-908a-e9c2504f8e14" />
    <UnitTestResult executionId="f9461e86-0f13-4fb7-93fb-adef5ebeb8e5" testId="5c53ef2d-d98c-6982-c29e-d7b607fec750" testName="Test1BioGuard.UnitTest.AuthServiceTests.ResetPasswordAsync_TokenValido_RetornaTrue" computerName="CAISSA" duration="00:00:00.1872465" startTime="2026-08-07T06:09:24.9812544-06:00" endTime="2026-08-07T06:09:25.1679743-06:00" testType="13cdc9d9-ddb5-4fa4-a97d-d965ccfc6d4b" outcome="Passed" testListId="8c84fa94-04c1-424b-9868-57a2d4851a1d" relativeResultsDirectory="f9461e86-0f13-4fb7-93fb-adef5ebeb8e5" />
    <UnitTestResult executionId="8a8e6a7f-ae40-4534-90f0-7b46b7203104" testId="32ec1656-06e0-b660-38aa-852dfbeae4b6" testName="Test1BioGuard.SecurityTests.AuthorizationSecurityTests.IDOR_Medicamentos_CuidadorPuedeVerPacienteB_Retorna200" computerName="CAISSA" duration="00:00:00.0142987" startTime="2026-08-07T06:09:25.5997065-06:00" endTime="2026-08-07T06:09:25.6137806-06:00" testType="13cdc9d9-ddb5-4fa4-a97d-d965ccfc6d4b" outcome="Passed" testListId="8c84fa94-04c1-424b-9868-57a2d4851a1d" relativeResultsDirectory="8a8e6a7f-ae40-4534-90f0-7b46b7203104" />
    <UnitTestResult executionId="1601a8e0-dbed-4a08-bd2a-e2433df482e9" testId="2d7e30d7-23ce-b693-02aa-e352e473e1d5" testName="Test1BioGuard.UnitTest.AuthServiceTests.Verificar2FAAsync_CodigoInvalido_RetornaNull" computerName="CAISSA" duration="00:00:00.0239760" startTime="2026-08-07T06:09:24.0650414-06:00" endTime="2026-08-07T06:09:24.0861660-06:00" testType="13cdc9d9-ddb5-4fa4-a97d-d965ccfc6d4b" outcome="Passed" testListId="8c84fa94-04c1-424b-9868-57a2d4851a1d" relativeResultsDirectory="1601a8e0-dbed-4a08-bd2a-e2433df482e9" />
    <UnitTestResult executionId="432d07d6-c7b8-4a18-96d8-e6aaa347c403" testId="18d76282-0bc1-8495-8994-3bfcbb165d46" testName="Test1BioGuard.NonFunctionalTests.ErrorMessagesTests.NotFound_SinToken_Retorna401" computerName="CAISSA" duration="00:00:00.0205435" startTime="2026-08-07T06:09:24.5885624-06:00" endTime="2026-08-07T06:09:24.6221394-06:00" testType="13cdc9d9-ddb5-4fa4-a97d-d965ccfc6d4b" outcome="Passed" testListId="8c84fa94-04c1-424b-9868-57a2d4851a1d" relativeResultsDirectory="432d07d6-c7b8-4a18-96d8-e6aaa347c403" />
    <UnitTestResult executionId="b0b18d84-f87a-407a-96ea-f27db4b3f23d" testId="05440972-54fb-7ff8-0738-7dd3ad338ad3" testName="Test1BioGuard.IntegrationTests.PacientesIntegrationTests.Editar_NuevosDatos_Retorna200" computerName="CAISSA" duration="00:00:00.0392102" startTime="2026-08-07T06:09:25.4675807-06:00" endTime="2026-08-07T06:09:25.5065645-06:00" testType="13cdc9d9-ddb5-4fa4-a97d-d965ccfc6d4b" outcome="Passed" testListId="8c84fa94-04c1-424b-9868-57a2d4851a1d" relativeResultsDirectory="b0b18d84-f87a-407a-96ea-f27db4b3f23d" />
    <UnitTestResult executionId="321525dc-63aa-4b85-b0e9-a82bf0ef65e0" testId="fc086f12-d9dc-4987-bb50-8b07872b0fe6" testName="Test1BioGuard.IntegrationTests.SensoresIntegrationTests.CrearEvento_DatosValidos_Retorna200" computerName="CAISSA" duration="00:00:00.1418380" startTime="2026-08-07T06:09:22.0786592-06:00" endTime="2026-08-07T06:09:22.2240284-06:00" testType="13cdc9d9-ddb5-4fa4-a97d-d965ccfc6d4b" outcome="Passed" testListId="8c84fa94-04c1-424b-9868-57a2d4851a1d" relativeResultsDirectory="321525dc-63aa-4b85-b0e9-a82bf0ef65e0" />
    <UnitTestResult executionId="b1667dda-c473-4c7f-af2d-86bdb104d4b6" testId="0be5e66b-d531-670d-cc58-794203633142" testName="Test1BioGuard.UnitTest.CuidadorServiceTests.CrearAsync_DatosValidos_RetornaCuidadorYCodigo" computerName="CAISSA" duration="00:00:00.0160211" startTime="2026-08-07T06:09:22.6839610-06:00" endTime="2026-08-07T06:09:22.6949951-06:00" testType="13cdc9d9-ddb5-4fa4-a97d-d965ccfc6d4b" outcome="Passed" testListId="8c84fa94-04c1-424b-9868-57a2d4851a1d" relativeResultsDirectory="b1667dda-c473-4c7f-af2d-86bdb104d4b6" />
    <UnitTestResult executionId="874cfe25-a91e-41ab-b1f4-1290e3f209fe" testId="e0924493-3607-7a33-451a-8e15dc89a621" testName="Test1BioGuard.IntegrationTests.AuditoriaIntegrationTests.Listar_SinToken_Retorna401" computerName="CAISSA" duration="00:00:00.0409830" startTime="2026-08-07T06:09:24.0283630-06:00" endTime="2026-08-07T06:09:24.0702135-06:00" testType="13cdc9d9-ddb5-4fa4-a97d-d965ccfc6d4b" outcome="Passed" testListId="8c84fa94-04c1-424b-9868-57a2d4851a1d" relativeResultsDirectory="874cfe25-a91e-41ab-b1f4-1290e3f209fe" />
    <UnitTestResult executionId="14772ab8-8be3-4ce2-8683-b77a62818b61" testId="a1773b16-0675-3685-79dc-8faf9b778417" testName="Test1BioGuard.UnitTest.DispositivoServiceTests.ObtenerPorPacienteAsync_SinDispositivo_RetornaNull" computerName="CAISSA" duration="00:00:00.0035552" startTime="2026-08-07T06:09:22.8598142-06:00" endTime="2026-08-07T06:09:22.8622282-06:00" testType="13cdc9d9-ddb5-4fa4-a97d-d965ccfc6d4b" outcome="Passed" testListId="8c84fa94-04c1-424b-9868-57a2d4851a1d" relativeResultsDirectory="14772ab8-8be3-4ce2-8683-b77a62818b61" />
    <UnitTestResult executionId="d9c821dc-cd18-4927-94a4-2c9020ce8cc8" testId="32b76baa-180d-a127-dfd7-dfcb28b03609" testName="Test1BioGuard.UnitTest.AlertaServiceTests.ObtenerPorIdAsync_AlertaExiste_RetornaAlerta" computerName="CAISSA" duration="00:00:00.0057894" startTime="2026-08-07T06:09:22.7239978-06:00" endTime="2026-08-07T06:09:22.7311395-06:00" testType="13cdc9d9-ddb5-4fa4-a97d-d965ccfc6d4b" outcome="Passed" testListId="8c84fa94-04c1-424b-9868-57a2d4851a1d" relativeResultsDirectory="d9c821dc-cd18-4927-94a4-2c9020ce8cc8" />
    <UnitTestResult executionId="7d4eb4a3-e7c6-4fc2-b81a-28a460b0ecf9" testId="a13315ab-8370-c0f3-ad15-f665a9c792ad" testName="Test1BioGuard.SecurityTests.AuthorizationSecurityTests.NivelAcceso_CuidadorSoloAlertasNoPuedeVerHistorialEventos_Retorna403" computerName="CAISSA" duration="00:00:00.0099805" startTime="2026-08-07T06:09:25.5189656-06:00" endTime="2026-08-07T06:09:25.5288272-06:00" testType="13cdc9d9-ddb5-4fa4-a97d-d965ccfc6d4b" outcome="Passed" testListId="8c84fa94-04c1-424b-9868-57a2d4851a1d" relativeResultsDirectory="7d4eb4a3-e7c6-4fc2-b81a-28a460b0ecf9" />
    <UnitTestResult executionId="38d4a456-a010-485e-9cc7-694adf4618bb" testId="60f824f8-9790-6d12-d550-46fbbe4b3ab9" testName="Test1BioGuard.SecurityTests.RefreshTokenTests.RefreshToken_TokenNoExistente_RetornaNull" computerName="CAISSA" duration="00:00:00.0060724" startTime="2026-08-07T06:09:20.3105583-06:00" endTime="2026-08-07T06:09:20.3140041-06:00" testType="13cdc9d9-ddb5-4fa4-a97d-d965ccfc6d4b" outcome="Passed" testListId="8c84fa94-04c1-424b-9868-57a2d4851a1d" relativeResultsDirectory="38d4a456-a010-485e-9cc7-694adf4618bb" />
    <UnitTestResult executionId="12ec0494-2796-497c-ad85-b5da760daad3" testId="e0015e43-26ee-33be-421a-7918ca507f7d" testName="Test1BioGuard.IntegrationTests.MLIntegrationTests.Diagnosticar_ConPredicciones_Retorna200" computerName="CAISSA" duration="00:00:00.0468784" startTime="2026-08-07T06:09:24.0031180-06:00" endTime="2026-08-07T06:09:24.0613208-06:00" testType="13cdc9d9-ddb5-4fa4-a97d-d965ccfc6d4b" outcome="Passed" testListId="8c84fa94-04c1-424b-9868-57a2d4851a1d" relativeResultsDirectory="12ec0494-2796-497c-ad85-b5da760daad3" />
    <UnitTestResult executionId="16541028-857a-4045-b0bd-ea33b8b3f38a" testId="76bef8da-3ba4-1b31-f84a-ce8d93cbb192" testName="Test1BioGuard.IntegrationTests.PagosIntegrationTests.CrearSesion_PlanValido_Retorna200" computerName="CAISSA" duration="00:00:00.0779345" startTime="2026-08-07T06:09:22.4209231-06:00" endTime="2026-08-07T06:09:22.5018451-06:00" testType="13cdc9d9-ddb5-4fa4-a97d-d965ccfc6d4b" outcome="Passed" testListId="8c84fa94-04c1-424b-9868-57a2d4851a1d" relativeResultsDirectory="16541028-857a-4045-b0bd-ea33b8b3f38a" />
    <UnitTestResult executionId="d59ac3bb-5451-4f20-bd86-111d96a136dc" testId="107dda21-6664-e646-26fc-f3811e222235" testName="Test1BioGuard.SecurityTests.PasswordHasherTests.Hash_UsaPBKDF2_ConFormatoCorrecto" computerName="CAISSA" duration="00:00:00.2041534" startTime="2026-08-07T06:09:24.2142068-06:00" endTime="2026-08-07T06:09:24.4172663-06:00" testType="13cdc9d9-ddb5-4fa4-a97d-d965ccfc6d4b" outcome="Passed" testListId="8c84fa94-04c1-424b-9868-57a2d4851a1d" relativeResultsDirectory="d59ac3bb-5451-4f20-bd86-111d96a136dc" />
    <UnitTestResult executionId="7cda9095-6b41-44c7-a57a-a95562b019a6" testId="d021f734-20f6-f8f2-daeb-476c6957b3e2" testName="Test1BioGuard.IntegrationTests.SensoresIntegrationTests.TrackingRuta_SinToken_Retorna401" computerName="CAISSA" duration="00:00:00.0621656" startTime="2026-08-07T06:09:24.1988954-06:00" endTime="2026-08-07T06:09:24.2944275-06:00" testType="13cdc9d9-ddb5-4fa4-a97d-d965ccfc6d4b" outcome="Passed" testListId="8c84fa94-04c1-424b-9868-57a2d4851a1d" relativeResultsDirectory="7cda9095-6b41-44c7-a57a-a95562b019a6" />
[...]
info: BioGuard.Api.Controllers.PacientesController[0]&#xD;
      Deleting paciente: 123456789012345678901234&#xD;
info: BioGuard.Api.Services.PacienteService[0]&#xD;
      Patient deleted: 123456789012345678901234&#xD;
info: BioGuard.Api.Controllers.PacientesController[0]&#xD;
      Paciente deleted successfully: 123456789012345678901234&#xD;
info: BioGuard.Api.Services.AuditoriaService[0]&#xD;
      Registrando auditor�a: eliminar en pacientes, registro 123456789012345678901234&#xD;
info: BioGuard.Api.Controllers.AuthController[0]&#xD;
      Forgot password attempt for email: t***@test.com&#xD;
info: BioGuard.Api.Services.AuthService[0]&#xD;
      Password reset token generated for user: user123&#xD;
warn: BioGuard.Api.Controllers.NotificacionesController[0]&#xD;
      User other_xyz789 attempted to access notifications of user owner_abc123 without permission&#xD;
info: BioGuard.Api.Controllers.AlertasController[0]&#xD;
      Deleting alert: a1&#xD;
info: BioGuard.Api.Controllers.AlertasController[0]&#xD;
      Fetching alert by ID: alerta_emerg1&#xD;
warn: BioGuard.Api.Services.FCMService[0]&#xD;
      Firebase credentials not configured. FCM disabled.&#xD;
info: BioGuard.Api.Controllers.PacientesController[0]&#xD;
      Fetching QR for paciente: 123456789012345678901234&#xD;
info: BioGuard.Api.Controllers.AuthController[0]&#xD;
      Web login attempt for email: w***@test.com&#xD;
warn: BioGuard.Api.Services.AuthService[0]&#xD;
      Login attempt for inactive or non-existent user: w***@test.com&#xD;
warn: BioGuard.Api.Controllers.AuthController[0]&#xD;
      Web login failed for email: w***@test.com - invalid credentials&#xD;
info: BioGuard.Api.Services.AuditoriaService[0]&#xD;
      Registrando auditor�a: login_fallido en usuarios_web, registro wrong@test.com&#xD;
info: BioGuard.Api.Controllers.AuthController[0]&#xD;
      2FA send attempt for email: t***@test.com&#xD;
info: BioGuard.Api.Services.AuthService[0]&#xD;
      2FA code sent to user: user123&#xD;
info: BioGuard.Api.Controllers.AuthController[0]&#xD;
      2FA code request processed for email: t***@test.com&#xD;
warn: BioGuard.Api.Services.FCMService[0]&#xD;
      Firebase credentials not configured. FCM disabled.&#xD;
info: BioGuard.Api.Controllers.AuthController[0]&#xD;
      Register attempt for email: j***@test.com&#xD;
warn: BioGuard.Api.Services.AuthService[0]&#xD;
      Registration attempt with existing email: j***@test.com&#xD;
warn: BioGuard.Api.Controllers.AuthController[0]&#xD;
      Register failed for email: j***@test.com - email exists or invalid plan&#xD;
info: BioGuard.Api.Controllers.PacientesController[0]&#xD;
      Fetching paciente by ID: 123456789012345678901234&#xD;
warn: BioGuard.Api.Services.FCMService[0]&#xD;
      Firebase credentials not configured. FCM disabled.&#xD;
warn: BioGuard.Api.Controllers.SensoresController[0]&#xD;
      Ownership check failed fetching readings range - user: other_xyz789, paciente: 123456789012345678901234&#xD;
warn: BioGuard.Api.Services.FCMService[0]&#xD;
      Firebase credentials not configured. FCM disabled.&#xD;
warn: BioGuard.Api.Controllers.MedicamentosController[0]&#xD;
      Ownership check failed creating medication - user: other_xyz789, paciente: 123456789012345678901234&#xD;
info: BioGuard.Api.Controllers.MLController[0]&#xD;
      Getting ML predictions for patient pac_ml&#xD;
info: BioGuard.Api.Services.MLService[0]&#xD;
      Obteniendo predicciones ML para paciente pac_ml&#xD;
warn: BioGuard.Api.Services.FCMService[0]&#xD;
      Firebase credentials not configured. FCM disabled.&#xD;
info: BioGuard.Api.Controllers.PacientesController[0]&#xD;
      Generating dashboard summary for patient 123456789012345678901234&#xD;
info: BioGuard.Api.Services.DispositivoService[0]&#xD;
      Buscando dispositivo para paciente 123456789012345678901234&#xD;
warn: BioGuard.Api.Services.FCMService[0]&#xD;
      Firebase credentials not configured. FCM disabled.&#xD;
warn: BioGuard.Api.Services.FCMService[0]&#xD;
      Firebase credentials not configured. FCM disabled.&#xD;
warn: BioGuard.Api.Controllers.MedicamentosController[0]&#xD;
      Ownership check failed on ML trigger - user: other_xyz789, paciente: 123456789012345678901234&#xD;
info: BioGuard.Api.Controllers.SensoresController[0]&#xD;
      Receiving sensor reading for paciente: pac_ml&#xD;
info: BioGuard.Api.Services.SensorService[0]&#xD;
      Sensor reading inserted for patient: pac_ml&#xD;
fail: BioGuard.Api.Services.SensorService[0]&#xD;
      Error calculating IRME for patient pac_ml&#xD;
      System.NullReferenceException: Object reference not set to an instance of an object.&#xD;
         at BioGuard.Api.Services.RiesgoMetabolicoService.CalcularHistorialPersonalAsync(String pacienteId, LecturaSensor lecturaActual) in C:\Users\alexi\OneDrive\Pictures\POKEMON\EDEL2.0\Backend-BioGuard-master\BioGuard.Api\Services\RiesgoMetabolicoService.cs:line 161&#xD;
         at BioGuard.Api.Services.RiesgoMetabolicoService.CalculateComponentsAsync(String pacienteId, LecturaSensor lectura, PacienteBaseline baseline, Boolean isSleepTime) in C:\Users\alexi\OneDrive\Pictures\POKEMON\EDEL2.0\Backend-BioGuard-master\BioGuard.Api\Services\RiesgoMetabolicoService.cs:line 83&#xD;
         at BioGuard.Api.Services.RiesgoMetabolicoService.CalculateAsync(String pacienteId, LecturaSensor lectura, Boolean isSleepTime) in C:\Users\alexi\OneDrive\Pictures\POKEMON\EDEL2.0\Backend-BioGuard-master\BioGuard.Api\Services\RiesgoMetabolicoService.cs:line 38&#xD;
         at BioGuard.Api.Services.SensorService.InsertarLecturaAsync(String pacienteId, String dispositivoMac, Int32 pulsoBpm, Double temperaturaC, Double sudoracionGsr, Nullable`1 hrv, Nullable`1 spo2, Nullable`1 timestamp, Int32 diasHistorial, Boolean bypassRateLimit, Nullable`1 esSimulado) in C:\Users\alexi\OneDrive\Pictures\POKEMON\EDEL2.0\Backend-BioGuard-master\BioGuard.Api\Services\SensorService.cs:line 151&#xD;
info: BioGuard.Api.Services.AuditoriaService[0]&#xD;
      Registrando auditor�a: insertar_lectura en lecturas_sensores, registro &#xD;
warn: BioGuard.Api.Services.FCMService[0]&#xD;
      Firebase credentials not configured. FCM disabled.&#xD;
info: BioGuard.Api.Controllers.PacientesController[0]&#xD;
      Fetching mi-paciente for user: other_xyz789&#xD;
warn: BioGuard.Api.Controllers.PacientesController[0]&#xD;
      No patient found for user: other_xyz789&#xD;
info: BioGuard.Api.Controllers.MLController[0]&#xD;
      Running ML diagnosis for patient pac_ml&#xD;
info: BioGuard.Api.Services.MLService[0]&#xD;
      Obteniendo predicciones ML para paciente pac_ml&#xD;
warn: BioGuard.Api.Services.FCMService[0]&#xD;
      Firebase credentials not configured. FCM disabled.&#xD;
warn: BioGuard.Api.Services.FCMService[0]&#xD;
      Firebase credentials not configured. FCM disabled.&#xD;
info: BioGuard.Api.Controllers.MedicamentosController[0]&#xD;
      Creating medication for paciente: pac_ml, name: Paracetamol&#xD;
info: BioGuard.Api.Services.MedicamentoService[0]&#xD;
      Medication created for patient: pac_ml&#xD;
info: BioGuard.Api.Controllers.MedicamentosController[0]&#xD;
      Medication created successfully: &#xD;
info: BioGuard.Api.Services.AuditoriaService[0]&#xD;
      Registrando auditor�a: crear en medicamentos, registro &#xD;
info: BioGuard.Api.Controllers.PacientesController[0]&#xD;
      Fetching device for paciente: 123456789012345678901234&#xD;
info: BioGuard.Api.Services.DispositivoService[0]&#xD;
      Buscando dispositivo para paciente 123456789012345678901234&#xD;
info: BioGuard.Api.Controllers.AuthController[0]&#xD;
      Web login attempt for email: t***@test.com&#xD;
warn: BioGuard.Api.Services.FCMService[0]&#xD;
      Firebase credentials not configured. FCM disabled.&#xD;
info: BioGuard.Api.Controllers.PacientesController[0]&#xD;
      Fetching mi-paciente for user: user123&#xD;
warn: BioGuard.Api.Controllers.PacientesController[0]&#xD;
      No patient found for user: user123&#xD;
warn: BioGuard.Api.Services.FCMService[0]&#xD;
      Firebase credentials not configured. FCM disabled.&#xD;
info: BioGuard.Api.Controllers.ReportesController[0]&#xD;
      Generating report summary for paciente: 222222222222222222222222&#xD;
warn: BioGuard.Api.Services.FCMService[0]&#xD;
      Firebase credentials not configured. FCM disabled.&#xD;
info: BioGuard.Api.Controllers.MedicamentosController[0]&#xD;
      Fetching medications for paciente: pac_ml&#xD;
warn: BioGuard.Api.Services.FCMService[0]&#xD;
      Firebase credentials not configured. FCM disabled.&#xD;
info: BioGuard.Api.Controllers.MedicamentosController[0]&#xD;
      Registering medication intake: med_ml1&#xD;
info: BioGuard.Api.Controllers.PacientesController[0]&#xD;
      Regenerating QR for paciente: 123456789012345678901234 (revocarSesiones=False)&#xD;
info: BioGuard.Api.Services.MedicamentoService[0]&#xD;
      Medication dose recorded: med_ml1&#xD;
info: BioGuard.Api.Controllers.MedicamentosController[0]&#xD;
      Medication intake registered: med_ml1&#xD;
info: BioGuard.Api.Services.PacienteService[0]&#xD;
      QR code regenerated for paciente: 123456789012345678901234&#xD;
info: BioGuard.Api.Controllers.PacientesController[0]&#xD;
      QR regenerated for paciente: 123456789012345678901234&#xD;
warn: BioGuard.Api.Services.FCMService[0]&#xD;
      Firebase credentials not configured. FCM disabled.&#xD;
info: BioGuard.Api.Controllers.MedicamentosController[0]&#xD;
      Fetching adherence for paciente: pac_ml&#xD;
warn: BioGuard.Api.Services.FCMService[0]&#xD;
      Firebase credentials not configured. FCM disabled.&#xD;
info: BioGuard.Api.Controllers.PacientesController[0]&#xD;
      Editing paciente: 123456789012345678901234, new name: Nuevo Nombre&#xD;
info: BioGuard.Api.Services.PacienteService[0]&#xD;
      Patient name updated: 123456789012345678901234&#xD;
info: BioGuard.Api.Controllers.PacientesController[0]&#xD;
      Paciente edited successfully: 123456789012345678901234&#xD;
info: BioGuard.Api.Services.AuditoriaService[0]&#xD;
      Registrando auditor�a: editar en pacientes, registro 123456789012345678901234&#xD;
info: BioGuard.Api.Services.MedicamentoService[0]&#xD;
      Adherence calculated for paciente pac_ml: 0%&#xD;
warn: BioGuard.Api.Services.FCMService[0]&#xD;
      Firebase credentials not configured. FCM disabled.&#xD;
warn: BioGuard.Api.Services.FCMService[0]&#xD;
      Firebase credentials not configured. FCM disabled.&#xD;
warn: BioGuard.Api.Services.FCMService[0]&#xD;
      Firebase credentials not configured. FCM disabled.&#xD;
info: BioGuard.Api.Controllers.PacientesController[0]&#xD;
      Updating biometria for paciente: 123456789012345678901234&#xD;
info: BioGuard.Api.Services.PacienteService[0]&#xD;
      Biometrics updated for patient: 123456789012345678901234&#xD;
info: BioGuard.Api.Controllers.PacientesController[0]&#xD;
      Biometria updated for paciente: 123456789012345678901234&#xD;
warn: BioGuard.Api.Services.FCMService[0]&#xD;
      Firebase credentials not configured. FCM disabled.&#xD;
info: BioGuard.Api.Controllers.PacientesController[0]&#xD;
      Listing patients for user: user123&#xD;
info: BioGuard.Api.Services.AuthService[0]&#xD;
      Refresh token created for user: user123&#xD;
info: BioGuard.Api.Services.AuthService[0]&#xD;
      User logged in successfully: user123&#xD;
info: BioGuard.Api.Controllers.AuthController[0]&#xD;
      Web login successful for email: t***@test.com&#xD;
info: BioGuard.Api.Services.AuditoriaService[0]&#xD;
      Registrando auditor�a: login en usuarios_web, registro user123&#xD;
warn: BioGuard.Api.Services.FCMService[0]&#xD;
      Firebase credentials not configured. FCM disabled.&#xD;
info: BioGuard.Api.Controllers.AuthController[0]&#xD;
      Register attempt for email: j***@test.com&#xD;
info: BioGuard.Api.Controllers.AuthController[0]&#xD;
      Login by codigo attempt: 861d23c0c19a&#xD;
warn: BioGuard.Api.Services.AuthService[0]&#xD;
      Login by code failed: code not found&#xD;
warn: BioGuard.Api.Controllers.AuthController[0]&#xD;
      Login by codigo failed: 861d23c0c19a&#xD;
info: BioGuard.Api.Controllers.MedicamentosController[0]&#xD;
      Fetching medications for paciente: 222222222222222222222222&#xD;
warn: BioGuard.Api.Services.FCMService[0]&#xD;
      Firebase credentials not configured. FCM disabled.&#xD;
info: BioGuard.Api.Controllers.ReportesController[0]&#xD;
      Generating shareable report link for paciente: 222222222222222222222222, days: 7&#xD;
info: BioGuard.Api.Services.AuditoriaService[0]&#xD;
      Registrando auditor�a: compartir_reporte en reportes_compartidos, registro rep1&#xD;
warn: BioGuard.Api.Services.FCMService[0]&#xD;
      Firebase credentials not configured. FCM disabled.&#xD;
warn: BioGuard.Api.Services.FCMService[0]&#xD;
      Firebase credentials not configured. FCM disabled.&#xD;
info: BioGuard.Api.Controllers.MedicamentosController[0]&#xD;
      Fetching medications for paciente: 111111111111111111111111&#xD;
warn: BioGuard.Api.Controllers.MedicamentosController[0]&#xD;
      Ownership check failed fetching medications - user: 111111111111111111111111, paciente: 222222222222222222222222&#xD;
info: BioGuard.Api.Services.AuthService[0]&#xD;
      User registered (pending verification): user_new&#xD;
info: BioGuard.Api.Controllers.AuthController[0]&#xD;
      Register successful for email: j***@test.com&#xD;
info: BioGuard.Api.Services.AuditoriaService[0]&#xD;
      Registrando auditor�a: registro en usuarios_web, registro user_new&#xD;
info: BioGuard.Api.Controllers.AuthController[0]&#xD;
      Password change attempt for user: user123&#xD;
info: BioGuard.Api.Controllers.AlertasController[0]&#xD;
      Fetching alerts for paciente: 222222222222222222222222, limit: 50&#xD;
warn: BioGuard.Api.Services.FCMService[0]&#xD;
      Firebase credentials not configured. FCM disabled.&#xD;
warn: BioGuard.Api.Services.FCMService[0]&#xD;
      Firebase credentials not configured. FCM disabled.&#xD;
info: BioGuard.Api.Controllers.AuthController[0]&#xD;
      Web login attempt for email: j***@test.com&#xD;
info: BioGuard.Api.Services.AuthService[0]&#xD;
      Refresh token created for user: user_new&#xD;
info: BioGuard.Api.Services.AuthService[0]&#xD;
      User logged in successfully: user_new&#xD;
info: BioGuard.Api.Controllers.AuthController[0]&#xD;
      Web login successful for email: j***@test.com&#xD;
info: BioGuard.Api.Services.AuditoriaService[0]&#xD;
      Registrando auditor�a: login en usuarios_web, registro user_new&#xD;
info: BioGuard.Api.Services.AuthService[0]&#xD;
      Password changed successfully for user: user123&#xD;
warn: BioGuard.Api.Services.AuthService[0]&#xD;
      All refresh tokens revoked for user: user123&#xD;
info: BioGuard.Api.Controllers.AuthController[0]&#xD;
      Password changed successfully for user: user123&#xD;
info: BioGuard.Api.Services.AuditoriaService[0]&#xD;
      Registrando auditor�a: cambiar_password en usuarios_web, registro user123&#xD;
info: BioGuard.Api.Controllers.AuthController[0]&#xD;
      Password reset attempt&#xD;
info: BioGuard.Api.Controllers.UsuariosWebController[0]&#xD;
      Getting profile for user user_new&#xD;
warn: BioGuard.Api.Services.FCMService[0]&#xD;
      Firebase credentials not configured. FCM disabled.&#xD;
info: BioGuard.Api.Controllers.UsuariosWebController[0]&#xD;
      Updating profile for user user_new&#xD;
info: BioGuard.Api.Services.UsuariosWebService[0]&#xD;
      Profile updated: user_new&#xD;
info: BioGuard.Api.Controllers.SensoresController[0]&#xD;
      Marking event as attended: evt1234567890123456789, cuidador: cuidador1&#xD;
info: BioGuard.Api.Services.SensorService[0]&#xD;
      Event attended: evt1234567890123456789 by caregiver: cuidador1&#xD;
warn: BioGuard.Api.Services.FCMService[0]&#xD;
      Firebase credentials not configured. FCM disabled.&#xD;
info: BioGuard.Api.Controllers.PacientesController[0]&#xD;
      Creating paciente for user: user_new, name: Ana Perez&#xD;
info: BioGuard.Api.Services.PacienteService[0]&#xD;
      Patient created: pac_flujo1 for user: user_new&#xD;
info: BioGuard.Api.Controllers.PacientesController[0]&#xD;
      Paciente created successfully for user: user_new&#xD;
info: BioGuard.Api.Services.AuditoriaService[0]&#xD;
      Registrando auditor�a: crear en pacientes, registro XFVTUWCT&#xD;
warn: BioGuard.Api.Services.FCMService[0]&#xD;
      Firebase credentials not configured. FCM disabled.&#xD;
info: BioGuard.Api.Controllers.PacientesController[0]&#xD;
      Updating biometria for paciente: pac_flujo1&#xD;
info: BioGuard.Api.Services.PacienteService[0]&#xD;
      Biometrics updated for patient: pac_flujo1&#xD;
info: BioGuard.Api.Controllers.PacientesController[0]&#xD;
      Biometria updated for paciente: pac_flujo1&#xD;
warn: BioGuard.Api.Services.FCMService[0]&#xD;
      Firebase credentials not configured. FCM disabled.&#xD;
info: BioGuard.Api.Controllers.PacientesController[0]&#xD;
      Listing patients for user: user_new&#xD;
warn: BioGuard.Api.Services.FCMService[0]&#xD;
      Firebase credentials not configured. FCM disabled.&#xD;
info: BioGuard.Api.Controllers.SensoresController[0]&#xD;
      Receiving sensor reading for paciente: pac_flujo1&#xD;
info: BioGuard.Api.Services.SensorService[0]&#xD;
      Sensor reading inserted for patient: pac_flujo1&#xD;
fail: BioGuard.Api.Services.SensorService[0]&#xD;
      Error calculating IRME for patient pac_flujo1&#xD;
      System.NullReferenceException: Object reference not set to an instance of an object.&#xD;
         at BioGuard.Api.Services.RiesgoMetabolicoService.CalcularHistorialPersonalAsync(String pacienteId, LecturaSensor lecturaActual) in C:\Users\alexi\OneDrive\Pictures\POKEMON\EDEL2.0\Backend-BioGuard-master\BioGuard.Api\Services\RiesgoMetabolicoService.cs:line 161&#xD;
         at BioGuard.Api.Services.RiesgoMetabolicoService.CalculateComponentsAsync(String pacienteId, LecturaSensor lectura, PacienteBaseline baseline, Boolean isSleepTime) in C:\Users\alexi\OneDrive\Pictures\POKEMON\EDEL2.0\Backend-BioGuard-master\BioGuard.Api\Services\RiesgoMetabolicoService.cs:line 83&#xD;
         at BioGuard.Api.Services.RiesgoMetabolicoService.CalculateAsync(String pacienteId, LecturaSensor lectura, Boolean isSleepTime) in C:\Users\alexi\OneDrive\Pictures\POKEMON\EDEL2.0\Backend-BioGuard-master\BioGuard.Api\Services\RiesgoMetabolicoService.cs:line 38&#xD;
         at BioGuard.Api.Services.SensorService.InsertarLecturaAsync(String pacienteId, String dispositivoMac, Int32 pulsoBpm, Double temperaturaC, Double sudoracionGsr, Nullable`1 hrv, Nullable`1 spo2, Nullable`1 timestamp, Int32 diasHistorial, Boolean bypassRateLimit, Nullable`1 esSimulado) in C:\Users\alexi\OneDrive\Pictures\POKEMON\EDEL2.0\Backend-BioGuard-master\BioGuard.Api\Services\SensorService.cs:line 151&#xD;
info: BioGuard.Api.Services.AuditoriaService[0]&#xD;
      Registrando auditor�a: insertar_lectura en lecturas_sensores, registro &#xD;
warn: BioGuard.Api.Services.FCMService[0]&#xD;
      Firebase credentials not configured. FCM disabled.&#xD;
info: BioGuard.Api.Controllers.SensoresController[0]&#xD;
      Fetching statistics for paciente: pac_flujo1&#xD;
info: BioGuard.Api.Services.AuthService[0]&#xD;
      Password reset successfully for user: user123&#xD;
warn: BioGuard.Api.Services.AuthService[0]&#xD;
      All refresh tokens revoked for user: user123&#xD;
info: BioGuard.Api.Controllers.AuthController[0]&#xD;
      Password reset successful&#xD;
[xUnit.net 00:00:11.24]   Finished:    Test1BioGuard&#xD;
</StdOut>
    </Output>
    <CollectorDataEntries>
      <Collector agentName="CAISSA" uri="datacollector://microsoft/CoverletCodeCoverage/1.0" collectorDisplayName="XPlat code coverage">
        <UriAttachments>
          <UriAttachment>
            <A href="CAISSA\coverage.cobertura.xml"></A>
          </UriAttachment>
        </UriAttachments>
      </Collector>
    </CollectorDataEntries>
  </ResultSummary>
</TestRun>