<?xml version="1.0" encoding="utf-8"?>
<TestRun id="21f27fd4-4006-4133-92db-71387366ed35" name="alexi@CAISSA 2026-08-07 06:10:30" runUser="CAISSA\alexi" xmlns="http://microsoft.com/schemas/VisualStudio/TeamTest/2010">
  <Times creation="2026-08-07T06:10:30.9061148-06:00" queuing="2026-08-07T06:10:30.9061154-06:00" start="2026-08-07T06:10:22.2549440-06:00" finish="2026-08-07T06:10:39.3254316-06:00" />
  <TestSettings name="default" id="d31259da-5d8f-40d4-86e8-855446308802">
    <Deployment runDeploymentRoot="alexi_CAISSA_2026-08-07_06_10_30" />
  </TestSettings>
  <Results>
    <UnitTestResult executionId="43677c03-657c-4309-8490-e442df532bd8" testId="823f9dcf-5724-c035-2958-1e48515ad18e" testName="Test1BioGuard.IntegrationTests.SensoresIntegrationTests.TrackingActual_SinUbicacion_Retorna404" computerName="CAISSA" duration="00:00:00.0290879" startTime="2026-08-07T06:10:36.7217353-06:00" endTime="2026-08-07T06:10:36.7498424-06:00" testType="13cdc9d9-ddb5-4fa4-a97d-d965ccfc6d4b" outcome="Passed" testListId="8c84fa94-04c1-424b-9868-57a2d4851a1d" relativeResultsDirectory="43677c03-657c-4309-8490-e442df532bd8" />
    <UnitTestResult executionId="1936b773-8892-433b-9dc1-fad00873125b" testId="0fbf6832-d9cd-ce2b-5512-b7145101a051" testName="Test1BioGuard.IntegrationTests.TicketsIntegrationTests.ListarMisTickets_ConTickets_Retorna200" computerName="CAISSA" duration="00:00:00.1068878" startTime="2026-08-07T06:10:33.1664844-06:00" endTime="2026-08-07T06:10:33.2915800-06:00" testType="13cdc9d9-ddb5-4fa4-a97d-d965ccfc6d4b" outcome="Passed" testListId="8c84fa94-04c1-424b-9868-57a2d4851a1d" relativeResultsDirectory="1936b773-8892-433b-9dc1-fad00873125b" />
    <UnitTestResult executionId="2caed16a-c06e-407a-a31a-606812c46284" testId="6114894b-5931-08bc-c5e3-2690bfeeb5fa" testName="Test1BioGuard.SecurityTests.AuthorizationSecurityTests.ML_Reentrenar_PacienteNoPuede_Retorna403" computerName="CAISSA" duration="00:00:00.0373312" startTime="2026-08-07T06:10:36.3979952-06:00" endTime="2026-08-07T06:10:36.4355366-06:00" testType="13cdc9d9-ddb5-4fa4-a97d-d965ccfc6d4b" outcome="Passed" testListId="8c84fa94-04c1-424b-9868-57a2d4851a1d" relativeResultsDirectory="2caed16a-c06e-407a-a31a-606812c46284" />
    <UnitTestResult executionId="f8d666d1-5dd4-4a13-92ba-2f779c639c8c" testId="e37c09de-5dee-7860-ed1f-3dd6e057b02f" testName="Test1BioGuard.IntegrationTests.CuidadoresIntegrationTests.RegenerarQR_CuidadorNoExiste_Retorna404" computerName="CAISSA" duration="00:00:00.0747782" startTime="2026-08-07T06:10:33.7470397-06:00" endTime="2026-08-07T06:10:33.8212812-06:00" testType="13cdc9d9-ddb5-4fa4-a97d-d965ccfc6d4b" outcome="Passed" testListId="8c84fa94-04c1-424b-9868-57a2d4851a1d" relativeResultsDirectory="f8d666d1-5dd4-4a13-92ba-2f779c639c8c" />
    <UnitTestResult executionId="0a3832af-d8a7-46c0-856a-a27f41317a2e" testId="1ba6285a-2e2e-4743-108b-840eea0141ce" testName="Test1BioGuard.SecurityTests.AuthorizationSecurityTests.IDOR_Reportes_DuenoANoPuedeVerResumenPacienteB_Retorna403" computerName="CAISSA" duration="00:00:00.1667499" startTime="2026-08-07T06:10:34.9858502-06:00" endTime="2026-08-07T06:10:35.1635335-06:00" testType="13cdc9d9-ddb5-4fa4-a97d-d965ccfc6d4b" outcome="Passed" testListId="8c84fa94-04c1-424b-9868-57a2d4851a1d" relativeResultsDirectory="0a3832af-d8a7-46c0-856a-a27f41317a2e" />
    <UnitTestResult executionId="b8ff8cd9-594e-4d78-8d4d-c1fb1fdc3a3d" testId="19a49f80-fbdf-db97-9989-f6fe20113ff8" testName="Test1BioGuard.UnitTest.SensorServiceTests.InsertarLecturaAsync_DatosValidos_RetornaLectura" computerName="CAISSA" duration="00:00:00.0309936" startTime="2026-08-07T06:10:31.7389381-06:00" endTime="2026-08-07T06:10:31.7694567-06:00" testType="13cdc9d9-ddb5-4fa4-a97d-d965ccfc6d4b" outcome="Passed" testListId="8c84fa94-04c1-424b-9868-57a2d4851a1d" relativeResultsDirectory="b8ff8cd9-594e-4d78-8d4d-c1fb1fdc3a3d" />
    <UnitTestResult executionId="886d61ea-0931-4ddf-9bc0-2c99ed62e9e4" testId="bad70ca1-c2e1-2398-69b2-dd3969b24c6e" testName="Test1BioGuard.SecurityTests.AuthorizationSecurityTests.IDOR_Alertas_CuidadorPuedeVerPacienteB_Retorna200" computerName="CAISSA" duration="00:00:00.0278503" startTime="2026-08-07T06:10:36.4434573-06:00" endTime="2026-08-07T06:10:36.4741270-06:00" testType="13cdc9d9-ddb5-4fa4-a97d-d965ccfc6d4b" outcome="Passed" testListId="8c84fa94-04c1-424b-9868-57a2d4851a1d" relativeResultsDirectory="886d61ea-0931-4ddf-9bc0-2c99ed62e9e4" />
    <UnitTestResult executionId="1ab7b27e-9ff0-4d7e-a400-312b9848b5f1" testId="26ec513a-3545-4bba-6c4e-619d464afa2a" testName="Test1BioGuard.SecurityTests.AuthorizationSecurityTests.AuthZ_Planes_PacienteNoPuedeSeed_Retorna403" computerName="CAISSA" duration="00:00:00.0829409" startTime="2026-08-07T06:10:34.6803236-06:00" endTime="2026-08-07T06:10:34.7198308-06:00" testType="13cdc9d9-ddb5-4fa4-a97d-d965ccfc6d4b" outcome="Passed" testListId="8c84fa94-04c1-424b-9868-57a2d4851a1d" relativeResultsDirectory="1ab7b27e-9ff0-4d7e-a400-312b9848b5f1" />
    <UnitTestResult executionId="f9ccf928-2345-429f-aa8f-f6c32569e1bb" testId="78c53600-2393-26e7-07ed-b3042815f975" testName="Test1BioGuard.SecurityTests.PasswordHasherTests.Hash_FormatoContieneIteraciones" computerName="CAISSA" duration="00:00:00.1921227" startTime="2026-08-07T06:10:33.0465756-06:00" endTime="2026-08-07T06:10:33.2355747-06:00" testType="13cdc9d9-ddb5-4fa4-a97d-d965ccfc6d4b" outcome="Passed" testListId="8c84fa94-04c1-424b-9868-57a2d4851a1d" relativeResultsDirectory="f9ccf928-2345-429f-aa8f-f6c32569e1bb" />
    <UnitTestResult executionId="b22878ec-b768-4b6b-a2a1-48480472ef71" testId="11e21d34-074c-992d-2b9d-4417fb2869d6" testName="Test1BioGuard.IntegrationTests.AuthIntegrationTests.ForgotPassword_CorreoInvalido_Retorna400" computerName="CAISSA" duration="00:00:00.4963282" startTime="2026-08-07T06:10:34.8454395-06:00" endTime="2026-08-07T06:10:35.3635984-06:00" testType="13cdc9d9-ddb5-4fa4-a97d-d965ccfc6d4b" outcome="Passed" testListId="8c84fa94-04c1-424b-9868-57a2d4851a1d" relativeResultsDirectory="b22878ec-b768-4b6b-a2a1-48480472ef71" />
    <UnitTestResult executionId="05ed5967-f94e-4443-a4f5-bc1ca179fe4e" testId="35f8b44a-9398-4505-cdcd-d7b97e033cac" testName="Test1BioGuard.IntegrationTests.PagosIntegrationTests.Recibo_PagoExiste_Retorna200" computerName="CAISSA" duration="00:00:00.0484728" startTime="2026-08-07T06:10:36.1240604-06:00" endTime="2026-08-07T06:10:36.1740292-06:00" testType="13cdc9d9-ddb5-4fa4-a97d-d965ccfc6d4b" outcome="Passed" testListId="8c84fa94-04c1-424b-9868-57a2d4851a1d" relativeResultsDirectory="05ed5967-f94e-4443-a4f5-bc1ca179fe4e" />
    <UnitTestResult executionId="4e6ac362-3224-4113-9606-3ebaea1016d8" testId="2ba52bf4-7cf8-41ef-11aa-4974e284a2ff" testName="Test1BioGuard.IntegrationTests.PlanesIntegrationTests.Editar_PlanExiste_Retorna200" computerName="CAISSA" duration="00:00:00.1234031" startTime="2026-08-07T06:10:35.2649626-06:00" endTime="2026-08-07T06:10:35.3913232-06:00" testType="13cdc9d9-ddb5-4fa4-a97d-d965ccfc6d4b" outcome="Passed" testListId="8c84fa94-04c1-424b-9868-57a2d4851a1d" relativeResultsDirectory="4e6ac362-3224-4113-9606-3ebaea1016d8" />
    <UnitTestResult executionId="e457ca50-9f93-4265-92be-1cb6476873cd" testId="d16c033e-91e2-4999-04b4-74c47ff30933" testName="Test1BioGuard.SecurityTests.AuthorizationSecurityTests.AuthZ_Dispositivos_SinTokenVincular_Retorna401" computerName="CAISSA" duration="00:00:00.0319220" startTime="2026-08-07T06:10:35.6223110-06:00" endTime="2026-08-07T06:10:35.6566189-06:00" testType="13cdc9d9-ddb5-4fa4-a97d-d965ccfc6d4b" outcome="Passed" testListId="8c84fa94-04c1-424b-9868-57a2d4851a1d" relativeResultsDirectory="e457ca50-9f93-4265-92be-1cb6476873cd" />
    <UnitTestResult executionId="a6722a1f-66e3-498b-b6ec-641208ef46d2" testId="aac70bea-d388-d9b2-d581-b73eec0735e4" testName="Test1BioGuard.IntegrationTests.AlertasIntegrationTests.ObtenerById_SinToken_Retorna401" computerName="CAISSA" duration="00:00:00.0438617" startTime="2026-08-07T06:10:33.4736060-06:00" endTime="2026-08-07T06:10:33.5238725-06:00" testType="13cdc9d9-ddb5-4fa4-a97d-d965ccfc6d4b" outcome="Passed" testListId="8c84fa94-04c1-424b-9868-57a2d4851a1d" relativeResultsDirectory="a6722a1f-66e3-498b-b6ec-641208ef46d2" />
    <UnitTestResult executionId="a392a1ac-8e78-4423-b2ab-e0b34ddd91c1" testId="f6ce5c53-23eb-a7b6-cfa7-628e7d55bedd" testName="Test1BioGuard.IntegrationTests.PagosIntegrationTests.Historial_SinToken_Retorna401" computerName="CAISSA" duration="00:00:00.0451587" startTime="2026-08-07T06:10:35.6618628-06:00" endTime="2026-08-07T06:10:35.7073507-06:00" testType="13cdc9d9-ddb5-4fa4-a97d-d965ccfc6d4b" outcome="Passed" testListId="8c84fa94-04c1-424b-9868-57a2d4851a1d" relativeResultsDirectory="a392a1ac-8e78-4423-b2ab-e0b34ddd91c1" />
    <UnitTestResult executionId="a6c106e2-b87b-465c-b85f-e8ea45ef788d" testId="c4a3e9ff-ae2a-85cd-2688-b1ceac0a0a5f" testName="Test1BioGuard.UnitTest.CuidadorServiceTests.ObtenerPorPacienteAsync_ConCuidadores_RetornaLista" computerName="CAISSA" duration="00:00:00.0031062" startTime="2026-08-07T06:10:31.0249349-06:00" endTime="2026-08-07T06:10:31.0286038-06:00" testType="13cdc9d9-ddb5-4fa4-a97d-d965ccfc6d4b" outcome="Passed" testListId="8c84fa94-04c1-424b-9868-57a2d4851a1d" relativeResultsDirectory="a6c106e2-b87b-465c-b85f-e8ea45ef788d" />
    <UnitTestResult executionId="bd947853-e6a9-46a2-9794-599f82f04dad" testId="251e6cbb-1a6b-0fcf-4bc9-449162603d1e" testName="Test1BioGuard.SecurityTests.IDORSecurityTests.Medicamentos_ObtenerPorPaciente_OtroUsuario_Retorna403" computerName="CAISSA" duration="00:00:00.0664106" startTime="2026-08-07T06:10:33.7700913-06:00" endTime="2026-08-07T06:10:33.8408403-06:00" testType="13cdc9d9-ddb5-4fa4-a97d-d965ccfc6d4b" outcome="Passed" testListId="8c84fa94-04c1-424b-9868-57a2d4851a1d" relativeResultsDirectory="bd947853-e6a9-46a2-9794-599f82f04dad" />
    <UnitTestResult executionId="7e01c784-1643-45cb-a188-0cd208d5ac74" testId="0cdb3b1e-867b-dfcb-a49a-86e88a8419a1" testName="Test1BioGuard.IntegrationTests.PacientesIntegrationTests.ObtenerDashboardSummary_ConTokenValido_RetornaOk" computerName="CAISSA" duration="00:00:00.1631975" startTime="2026-08-07T06:10:33.7619077-06:00" endTime="2026-08-07T06:10:33.9361306-06:00" testType="13cdc9d9-ddb5-4fa4-a97d-d965ccfc6d4b" outcome="Passed" testListId="8c84fa94-04c1-424b-9868-57a2d4851a1d" relativeResultsDirectory="7e01c784-1643-45cb-a188-0cd208d5ac74" />
    <UnitTestResult executionId="1deb6d4e-30e7-4d63-8eaf-45e51ee2c61e" testId="dff86100-f42f-edac-a7e2-6d684b9beae5" testName="Test1BioGuard.SecurityTests.JwtSecurityTests.GenerateToken_ConClaveSecreta" computerName="CAISSA" duration="00:00:00.0147175" startTime="2026-08-07T06:10:33.2537713-06:00" endTime="2026-08-07T06:10:33.2659933-06:00" testType="13cdc9d9-ddb5-4fa4-a97d-d965ccfc6d4b" outcome="Passed" testListId="8c84fa94-04c1-424b-9868-57a2d4851a1d" relativeResultsDirectory="1deb6d4e-30e7-4d63-8eaf-45e51ee2c61e" />
    <UnitTestResult executionId="b0726762-3d04-4b24-a8e8-175a36b8a8ce" testId="888874bc-2863-61a9-9ecf-ff237739084b" testName="Test1BioGuard.IntegrationTests.PacientesIntegrationTests.Crear_DatosValidos_Retorna200" computerName="CAISSA" duration="00:00:02.9780319" startTime="2026-08-07T06:10:30.2559988-06:00" endTime="2026-08-07T06:10:33.2246850-06:00" testType="13cdc9d9-ddb5-4fa4-a97d-d965ccfc6d4b" outcome="Passed" testListId="8c84fa94-04c1-424b-9868-57a2d4851a1d" relativeResultsDirectory="b0726762-3d04-4b24-a8e8-175a36b8a8ce" />
    <UnitTestResult executionId="b2212d48-e90f-4877-bb07-8264a7553c12" testId="66e147da-5c45-e10f-f154-5f1de388a9d5" testName="Test1BioGuard.IntegrationTests.MedicamentosIntegrationTests.Editar_MedicamentoNoExiste_Retorna404" computerName="CAISSA" duration="00:00:00.0216800" startTime="2026-08-07T06:10:35.7881066-06:00" endTime="2026-08-07T06:10:35.8755006-06:00" testType="13cdc9d9-ddb5-4fa4-a97d-d965ccfc6d4b" outcome="Passed" testListId="8c84fa94-04c1-424b-9868-57a2d4851a1d" relativeResultsDirectory="b2212d48-e90f-4877-bb07-8264a7553c12" />
    <UnitTestResult executionId="6a83aa38-f846-4261-9544-a5d4069844dd" testId="54b3cf90-6b43-df6f-b5a0-96496e8efe08" testName="Test1BioGuard.SecurityTests.AuthorizationSecurityTests.IDOR_Alertas_PacienteANoPuedeVerPendientesPacienteB_Retorna403" computerName="CAISSA" duration="00:00:00.0843412" startTime="2026-08-07T06:10:35.9007353-06:00" endTime="2026-08-07T06:10:36.0908148-06:00" testType="13cdc9d9-ddb5-4fa4-a97d-d965ccfc6d4b" outcome="Passed" testListId="8c84fa94-04c1-424b-9868-57a2d4851a1d" relativeResultsDirectory="6a83aa38-f846-4261-9544-a5d4069844dd" />
    <UnitTestResult executionId="ba6a6981-3de0-41cf-9cc7-5e520f3b4e1e" testId="226ae031-eff1-3df3-d0eb-0e9d8065341f" testName="Test1BioGuard.IntegrationTests.UsuariosWebIntegrationTests.GetByEmail_UsuarioExiste_Retorna200" computerName="CAISSA" duration="00:00:00.0472587" startTime="2026-08-07T06:10:35.4943748-06:00" endTime="2026-08-07T06:10:35.5424684-06:00" testType="13cdc9d9-ddb5-4fa4-a97d-d965ccfc6d4b" outcome="Passed" testListId="8c84fa94-04c1-424b-9868-57a2d4851a1d" relativeResultsDirectory="ba6a6981-3de0-41cf-9cc7-5e520f3b4e1e" />
    <UnitTestResult executionId="0e0c2583-582f-4951-92be-1f58babef015" testId="10bd2200-9a8e-9d4d-5460-48a857d886af" testName="Test1BioGuard.IntegrationTests.PagosIntegrationTests.CrearSesion_PlanNoExiste_Retorna400" computerName="CAISSA" duration="00:00:00.0402933" startTime="2026-08-07T06:10:36.1925077-06:00" endTime="2026-08-07T06:10:36.2353832-06:00" testType="13cdc9d9-ddb5-4fa4-a97d-d965ccfc6d4b" outcome="Passed" testListId="8c84fa94-04c1-424b-9868-57a2d4851a1d" relativeResultsDirectory="0e0c2583-582f-4951-92be-1f58babef015" />
    <UnitTestResult executionId="0af7e373-ffd4-49c8-97b6-44c3f9b01b9b" testId="9b209f2d-395f-040b-152c-009fd78e9a81" testName="Test1BioGuard.NonFunctionalTests.ChaosTests.ErrorHandler_TiraExcepcionNoControlada_Retorna500ConError" computerName="CAISSA" duration="00:00:00.2061040" startTime="2026-08-07T06:10:34.2332616-06:00" endTime="2026-08-07T06:10:34.4618221-06:00" testType="13cdc9d9-ddb5-4fa4-a97d-d965ccfc6d4b" outcome="Passed" testListId="8c84fa94-04c1-424b-9868-57a2d4851a1d" relativeResultsDirectory="0af7e373-ffd4-49c8-97b6-44c3f9b01b9b" />
    <UnitTestResult executionId="9dd3ea1d-b81e-4024-b5f5-e868319776d0" testId="1f4b57da-70b2-d8c8-3d3e-3bf3c710e6ae" testName="Test1BioGuard.SecurityTests.InputValidationTests.Login_CampoVacio_Retorna400" computerName="CAISSA" duration="00:00:00.0054738" startTime="2026-08-07T06:10:36.5601325-06:00" endTime="2026-08-07T06:10:36.5657879-06:00" testType="13cdc9d9-ddb5-4fa4-a97d-d965ccfc6d4b" outcome="Passed" testListId="8c84fa94-04c1-424b-9868-57a2d4851a1d" relativeResultsDirectory="9dd3ea1d-b81e-4024-b5f5-e868319776d0" />
    <UnitTestResult executionId="02909d4d-cd96-40bb-8a61-aa0b0aeae1ce" testId="2fc5fe8a-848f-82ef-021c-d80813796fb5" testName="Test1BioGuard.IntegrationTests.NotificacionesIntegrationTests.ObtenerPorUsuario_OtroUsuario_Retorna403" computerName="CAISSA" duration="00:00:00.0607994" startTime="2026-08-07T06:10:36.1130567-06:00" endTime="2026-08-07T06:10:36.1756501-06:00" testType="13cdc9d9-ddb5-4fa4-a97d-d965ccfc6d4b" outcome="Passed" testListId="8c84fa94-04c1-424b-9868-57a2d4851a1d" relativeResultsDirectory="02909d4d-cd96-40bb-8a61-aa0b0aeae1ce" />
    <UnitTestResult executionId="27003935-b3f8-4baa-80d1-5029319ef5fc" testId="c7c7b996-61ca-19c3-759e-4f90137d2c95" testName="Test1BioGuard.NonFunctionalTests.ErrorMessagesTests.SecurityHeaders_XPoweredByEliminado" computerName="CAISSA" duration="00:00:00.0663223" startTime="2026-08-07T06:10:34.6961999-06:00" endTime="2026-08-07T06:10:34.7676884-06:00" testType="13cdc9d9-ddb5-4fa4-a97d-d965ccfc6d4b" outcome="Passed" testListId="8c84fa94-04c1-424b-9868-57a2d4851a1d" relativeResultsDirectory="27003935-b3f8-4baa-80d1-5029319ef5fc" />
    <UnitTestResult executionId="fdc82077-1ff2-471f-9ae5-44261046eaf8" testId="8d9d603d-e8fb-e589-4c20-33cc240d3fc7" testName="Test1BioGuard.UnitTest.SensorServiceTests.AgregarAccionAsync_EventoNoExiste_RetornaFalse" computerName="CAISSA" duration="00:00:00.0262210" startTime="2026-08-07T06:10:31.8046663-06:00" endTime="2026-08-07T06:10:31.8294919-06:00" testType="13cdc9d9-ddb5-4fa4-a97d-d965ccfc6d4b" outcome="Passed" testListId="8c84fa94-04c1-424b-9868-57a2d4851a1d" relativeResultsDirectory="fdc82077-1ff2-471f-9ae5-44261046eaf8" />
    <UnitTestResult executionId="468b2dc8-8dda-4973-926f-8cd18c65b41b" testId="601b46fe-a8ae-623d-bba6-e215ea0b7b08" testName="Test1BioGuard.IntegrationTests.FlujosCompletosTests.Flujo7_ManejoErrores_Seguridad" computerName="CAISSA" duration="00:00:00.3781550" startTime="2026-08-07T06:10:34.1611019-06:00" endTime="2026-08-07T06:10:34.5485578-06:00" testType="13cdc9d9-ddb5-4fa4-a97d-d965ccfc6d4b" outcome="Passed" testListId="8c84fa94-04c1-424b-9868-57a2d4851a1d" relativeResultsDirectory="468b2dc8-8dda-4973-926f-8cd18c65b41b" />
    <UnitTestResult executionId="ec8c07a3-a07b-4843-aef8-754744987292" testId="abb5e469-efd6-17b8-c1af-96111e19c1c6" testName="Test1BioGuard.IntegrationTests.CuidadoresIntegrationTests.Eliminar_CuidadorExiste_Retorna204" computerName="CAISSA" duration="00:00:00.0776156" startTime="2026-08-07T06:10:33.8946939-06:00" endTime="2026-08-07T06:10:33.9836468-06:00" testType="13cdc9d9-ddb5-4fa4-a97d-d965ccfc6d4b" outcome="Passed" testListId="8c84fa94-04c1-424b-9868-57a2d4851a1d" relativeResultsDirectory="ec8c07a3-a07b-4843-aef8-754744987292" />
    <UnitTestResult executionId="60804fd3-3e61-473c-b37d-7dfb2cc23756" testId="d7ac5a24-77a7-cadb-4765-f551a5ed19b7" testName="Test1BioGuard.IntegrationTests.SensoresIntegrationTests.RecibirLectura_LecturaValida_Retorna200" computerName="CAISSA" duration="00:00:00.0298198" startTime="2026-08-07T06:10:36.6199924-06:00" endTime="2026-08-07T06:10:36.6489931-06:00" testType="13cdc9d9-ddb5-4fa4-a97d-d965ccfc6d4b" outcome="Passed" testListId="8c84fa94-04c1-424b-9868-57a2d4851a1d" relativeResultsDirectory="60804fd3-3e61-473c-b37d-7dfb2cc23756" />
    <UnitTestResult executionId="121061f8-ff88-48fd-8309-95029524a87c" testId="f74c0af7-2f50-f3e1-4ddc-f9e1547d0f06" testName="Test1BioGuard.IntegrationTests.DispositivosIntegrationTests.Vincular_SinToken_Retorna401" computerName="CAISSA" duration="00:00:00.0578174" startTime="2026-08-07T06:10:33.3767256-06:00" endTime="2026-08-07T06:10:33.4371979-06:00" testType="13cdc9d9-ddb5-4fa4-a97d-d965ccfc6d4b" outcome="Passed" testListId="8c84fa94-04c1-424b-9868-57a2d4851a1d" relativeResultsDirectory="121061f8-ff88-48fd-8309-95029524a87c" />
    <UnitTestResult executionId="f3dfd49f-ce37-4ae9-afd7-e02f4cfbcc26" testId="c5c1ff66-a96b-ed72-62b0-06e3739302ab" testName="Test1BioGuard.SecurityTests.JwtSecurityTests.GenerateToken_CadaLlamadaEsUnica" computerName="CAISSA" duration="00:00:00.0010053" startTime="2026-08-07T06:10:33.2866024-06:00" endTime="2026-08-07T06:10:33.2868042-06:00" testType="13cdc9d9-ddb5-4fa4-a97d-d965ccfc6d4b" outcome="Passed" testListId="8c84fa94-04c1-424b-9868-57a2d4851a1d" relativeResultsDirectory="f3dfd49f-ce37-4ae9-afd7-e02f4cfbcc26" />
    <UnitTestResult executionId="82097d4c-9c2f-453a-9e7c-f14d11c5fea5" testId="2328c132-9a09-6698-7440-e02bec2754c2" testName="Test1BioGuard.SecurityTests.InputValidationTests.ResetPassword_TokenVacio_Retorna400" computerName="CAISSA" duration="00:00:00.0364060" startTime="2026-08-07T06:10:36.3539741-06:00" endTime="2026-08-07T06:10:36.3803301-06:00" testType="13cdc9d9-ddb5-4fa4-a97d-d965ccfc6d4b" outcome="Passed" testListId="8c84fa94-04c1-424b-9868-57a2d4851a1d" relativeResultsDirectory="82097d4c-9c2f-453a-9e7c-f14d11c5fea5" />
    <UnitTestResult executionId="f517b378-6d93-4bf3-9ab8-306b1e79bf3d" testId="4324dc6b-78bb-d17c-696d-1f3df816400c" testName="Test1BioGuard.SecurityTests.IDORSecurityTests.Reportes_HistorialEventos_OtroUsuario_Retorna403" computerName="CAISSA" duration="00:00:00.0821641" startTime="2026-08-07T06:10:33.6791708-06:00" endTime="2026-08-07T06:10:33.7683048-06:00" testType="13cdc9d9-ddb5-4fa4-a97d-d965ccfc6d4b" outcome="Passed" testListId="8c84fa94-04c1-424b-9868-57a2d4851a1d" relativeResultsDirectory="f517b378-6d93-4bf3-9ab8-306b1e79bf3d" />
    <UnitTestResult executionId="dff099e8-49fa-417a-8aa0-d331985928f6" testId="a3224c43-ccc4-0d4d-1cb2-8cb1c8e2967c" testName="Test1BioGuard.NonFunctionalTests.IaCTests.PipelineTieneSmokeTestPostDeploy" computerName="CAISSA" duration="00:00:00.0008240" startTime="2026-08-07T06:10:34.3750693-06:00" endTime="2026-08-07T06:10:34.3752190-06:00" testType="13cdc9d9-ddb5-4fa4-a97d-d965ccfc6d4b" outcome="Passed" testListId="8c84fa94-04c1-424b-9868-57a2d4851a1d" relativeResultsDirectory="dff099e8-49fa-417a-8aa0-d331985928f6" />
    <UnitTestResult executionId="b5d51f2f-0330-46b1-bbbd-f7151ba7ae36" testId="0abd8855-d0af-8cd8-7eb6-cc84869a00f2" testName="Test1BioGuard.SecurityTests.InputValidationTests.CrearMedicamento_HorarioVacio_Retorna400" computerName="CAISSA" duration="00:00:00.0102104" startTime="2026-08-07T06:10:36.3818092-06:00" endTime="2026-08-07T06:10:36.3898574-06:00" testType="13cdc9d9-ddb5-4fa4-a97d-d965ccfc6d4b" outcome="Passed" testListId="8c84fa94-04c1-424b-9868-57a2d4851a1d" relativeResultsDirectory="b5d51f2f-0330-46b1-bbbd-f7151ba7ae36" />
    <UnitTestResult executionId="a3323a3a-fa6e-42e8-821c-067c1257a5db" testId="c163b40c-872a-8282-6325-93c9f7918ae5" testName="Test1BioGuard.SecurityTests.AuthorizationSecurityTests.AuthZ_Alertas_SinTokenCrear_Retorna401" computerName="CAISSA" duration="00:00:00.0620474" startTime="2026-08-07T06:10:34.5286898-06:00" endTime="2026-08-07T06:10:34.6038123-06:00" testType="13cdc9d9-ddb5-4fa4-a97d-d965ccfc6d4b" outcome="Passed" testListId="8c84fa94-04c1-424b-9868-57a2d4851a1d" relativeResultsDirectory="a3323a3a-fa6e-42e8-821c-067c1257a5db" />
    <UnitTestResult executionId="67de15f9-b664-4610-85e9-44efc8001698" testId="8fc4a767-d396-c107-e9c1-6206fb753ff5" testName="Test1BioGuard.UnitTest.CuidadorServiceTests.ContarPorPacienteAsync_ConCuidadores_RetornaCantidad" computerName="CAISSA" duration="00:00:00.0105123" startTime="2026-08-07T06:10:30.9802851-06:00" endTime="2026-08-07T06:10:30.9894379-06:00" testType="13cdc9d9-ddb5-4fa4-a97d-d965ccfc6d4b" outcome="Passed" testListId="8c84fa94-04c1-424b-9868-57a2d4851a1d" relativeResultsDirectory="67de15f9-b664-4610-85e9-44efc8001698" />
    <UnitTestResult executionId="b467f6cd-1f94-4c43-9b1a-bb56f5b8b4a8" testId="390cca7b-832c-45d6-d0e6-aec1ba4c6e68" testName="Test1BioGuard.NonFunctionalTests.ErrorMessagesTests.Admin_PausarUsuario_SinMotivo_Retorna400ConMessage" computerName="CAISSA" duration="00:00:00.0484755" startTime="2026-08-07T06:10:36.2348413-06:00" endTime="2026-08-07T06:10:36.2880370-06:00" testType="13cdc9d9-ddb5-4fa4-a97d-d965ccfc6d4b" outcome="Passed" testListId="8c84fa94-04c1-424b-9868-57a2d4851a1d" relativeResultsDirectory="b467f6cd-1f94-4c43-9b1a-bb56f5b8b4a8" />
    <UnitTestResult executionId="c77dd77f-5246-451d-a9f4-69185bb3c0c5" testId="3b2797cb-a534-4a20-6207-9c6bf5f06751" testName="Test1BioGuard.UnitTest.SensorServiceTests.ObtenerLecturasRangoAsync_ConLecturas_RetornaLista" computerName="CAISSA" duration="00:00:00.0128065" startTime="2026-08-07T06:10:31.7916447-06:00" endTime="2026-08-07T06:10:31.8030466-06:00" testType="13cdc9d9-ddb5-4fa4-a97d-d965ccfc6d4b" outcome="Passed" testListId="8c84fa94-04c1-424b-9868-57a2d4851a1d" relativeResultsDirectory="c77dd77f-5246-451d-a9f4-69185bb3c0c5" />
    <UnitTestResult executionId="dc904f3a-089a-402f-b58a-bd971dbe9015" testId="98cd8c81-f3ee-8a17-40c7-a2844fd508ae" testName="Test1BioGuard.IntegrationTests.MLIntegrationTests.ObtenerModelos_SinToken_Retorna401" computerName="CAISSA" duration="00:00:00.0585774" startTime="2026-08-07T06:10:33.2810587-06:00" endTime="2026-08-07T06:10:33.3455902-06:00" testType="13cdc9d9-ddb5-4fa4-a97d-d965ccfc6d4b" outcome="Passed" testListId="8c84fa94-04c1-424b-9868-57a2d4851a1d" relativeResultsDirectory="dc904f3a-089a-402f-b58a-bd971dbe9015" />
    <UnitTestResult executionId="1f6a4ab6-7a76-458e-b1bd-9ef9aff26a7e" testId="d7d8d83f-0020-ce33-be31-0f2c7859899c" testName="Test1BioGuard.UnitTest.MLServiceTests.ObtenerPrediccionesAsync_SinPredicciones_RetornaListaVacia" computerName="CAISSA" duration="00:00:00.0162507" startTime="2026-08-07T06:10:30.9472048-06:00" endTime="2026-08-07T06:10:30.9511315-06:00" testType="13cdc9d9-ddb5-4fa4-a97d-d965ccfc6d4b" outcome="Passed" testListId="8c84fa94-04c1-424b-9868-57a2d4851a1d" relativeResultsDirectory="1f6a4ab6-7a76-458e-b1bd-9ef9aff26a7e" />
    <UnitTestResult executionId="b86bf3bb-04a7-4e10-804b-ffae043ab386" testId="b289b6d8-5a24-527c-1879-67c0c23e87d0" testName="Test1BioGuard.UnitTest.NotificacionServiceTests.ObtenerPorUsuarioAsync_SinNotificaciones_RetornaListaVacia" computerName="CAISSA" duration="00:00:00.0065744" startTime="2026-08-07T06:10:31.2648290-06:00" endTime="2026-08-07T06:10:31.2701110-06:00" testType="13cdc9d9-ddb5-4fa4-a97d-d965ccfc6d4b" outcome="Passed" testListId="8c84fa94-04c1-424b-9868-57a2d4851a1d" relativeResultsDirectory="b86bf3bb-04a7-4e10-804b-ffae043ab386" />
    <UnitTestResult executionId="02583917-c370-4d56-aaf4-e3e25fa8f511" testId="7b37cb6f-8a87-1a16-483c-d2bb911979b1" testName="Test1BioGuard.SecurityTests.IDORSecurityTests.Reportes_Resumen_OtroUsuario_Retorna403" computerName="CAISSA" duration="00:00:00.0784155" startTime="2026-08-07T06:10:35.7164668-06:00" endTime="2026-08-07T06:10:35.8302899-06:00" testType="13cdc9d9-ddb5-4fa4-a97d-d965ccfc6d4b" outcome="Passed" testListId="8c84fa94-04c1-424b-9868-57a2d4851a1d" relativeResultsDirectory="02583917-c370-4d56-aaf4-e3e25fa8f511" />
    <UnitTestResult executionId="8e0e9a8c-6dc5-4b24-a9e7-ea00669812af" testId="9ffa1240-ea00-98b9-7d46-d3de95647d66" testName="Test1BioGuard.UnitTest.NotificacionServiceTests.CrearAsync_DatosValidos_RetornaNotificacion" computerName="CAISSA" duration="00:00:00.0078933" startTime="2026-08-07T06:10:31.2244132-06:00" endTime="2026-08-07T06:10:31.2293118-06:00" testType="13cdc9d9-ddb5-4fa4-a97d-d965ccfc6d4b" outcome="Passed" testListId="8c84fa94-04c1-424b-9868-57a2d4851a1d" relativeResultsDirectory="8e0e9a8c-6dc5-4b24-a9e7-ea00669812af" />
    <UnitTestResult executionId="3962bfa0-7d2d-400a-850a-77deb84adad7" testId="4cc2635b-dbf1-e517-2270-48ed8d19799f" testName="Test1BioGuard.UnitTest.DispositivoServiceTests.VincularAsync_YaTieneDispositivo_RetornaNull" computerName="CAISSA" duration="00:00:00.0036544" startTime="2026-08-07T06:10:30.9109238-06:00" endTime="2026-08-07T06:10:30.9110353-06:00" testType="13cdc9d9-ddb5-4fa4-a97d-d965ccfc6d4b" outcome="Passed" testListId="8c84fa94-04c1-424b-9868-57a2d4851a1d" relativeResultsDirectory="3962bfa0-7d2d-400a-850a-77deb84adad7" />
    <UnitTestResult executionId="4be9bf88-207e-4417-b194-99f846c48a29" testId="a90f939a-6e9a-3d4d-05d3-960e6c824232" testName="Test1BioGuard.SecurityTests.InputValidationTests.CrearAlerta_TituloVacio_Retorna400" computerName="CAISSA" duration="00:00:00.0265199" startTime="2026-08-07T06:10:36.4898252-06:00" endTime="2026-08-07T06:10:36.5163654-06:00" testType="13cdc9d9-ddb5-4fa4-a97d-d965ccfc6d4b" outcome="Passed" testListId="8c84fa94-04c1-424b-9868-57a2d4851a1d" relativeResultsDirectory="4be9bf88-207e-4417-b194-99f846c48a29" />
    <UnitTestResult executionId="cd23bbd5-7eae-4009-b5bf-bc7d98add9ee" testId="c84c095f-0229-fc97-62ce-559022bd3e7e" testName="Test1BioGuard.SecurityTests.IDORSecurityTests.Sensores_ResumenEventos_OtroUsuario_Retorna403" computerName="CAISSA" duration="00:00:00.0495893" startTime="2026-08-07T06:10:34.5854867-06:00" endTime="2026-08-07T06:10:34.6856327-06:00" testType="13cdc9d9-ddb5-4fa4-a97d-d965ccfc6d4b" outcome="Passed" testListId="8c84fa94-04c1-424b-9868-57a2d4851a1d" relativeResultsDirectory="cd23bbd5-7eae-4009-b5bf-bc7d98add9ee" />
    <UnitTestResult executionId="0ac7ee7c-91a9-4d6a-9217-91801bcd6eb9" testId="0741edb9-f839-ac4e-e5f4-34fae9a26830" testName="Test1BioGuard.UnitTest.UsuariosWebServiceTests.UpdatePerfilAsync_DatosValidos_RetornaTrue" computerName="CAISSA" duration="00:00:00.0112888" startTime="2026-08-07T06:10:34.8986443-06:00" endTime="2026-08-07T06:10:34.9083236-06:00" testType="13cdc9d9-ddb5-4fa4-a97d-d965ccfc6d4b" outcome="Passed" testListId="8c84fa94-04c1-424b-9868-57a2d4851a1d" relativeResultsDirectory="0ac7ee7c-91a9-4d6a-9217-91801bcd6eb9" />
    <UnitTestResult executionId="6ee185dc-8447-4cc0-8216-7499d3d8117b" testId="0d2af638-4566-5c18-6d6f-48e276cf2565" testName="Test1BioGuard.IntegrationTests.AlertasIntegrationTests.GetById_AlertaNoExiste_Retorna404" computerName="CAISSA" duration="00:00:00.0839241" startTime="2026-08-07T06:10:33.5255916-06:00" endTime="2026-08-07T06:10:33.6104585-06:00" testType="13cdc9d9-ddb5-4fa4-a97d-d965ccfc6d4b" outcome="Passed" testListId="8c84fa94-04c1-424b-9868-57a2d4851a1d" relativeResultsDirectory="6ee185dc-8447-4cc0-8216-7499d3d8117b" />
    <UnitTestResult executionId="bbb1dab2-e372-4ac6-836a-c8a0a6a76a8e" testId="60a55ca6-3900-0eaf-2599-4a11990e5202" testName="Test1BioGuard.IntegrationTests.DispositivosIntegrationTests.Desvincular_DispositivoExiste_Retorna204" computerName="CAISSA" duration="00:00:00.0919985" startTime="2026-08-07T06:10:33.2738482-06:00" endTime="2026-08-07T06:10:33.3751924-06:00" testType="13cdc9d9-ddb5-4fa4-a97d-d965ccfc6d4b" outcome="Passed" testListId="8c84fa94-04c1-424b-9868-57a2d4851a1d" relativeResultsDirectory="bbb1dab2-e372-4ac6-836a-c8a0a6a76a8e" />
    <UnitTestResult executionId="b391e04d-2364-4ffe-96a2-b5922114a62f" testId="f216cf85-a82c-3e23-d5a8-f30c9e7e5a30" testName="Test1BioGuard.UnitTest.AuditoriaServiceTests.ObtenerAsync_ConEntidadId_FiltraPorEntidad" computerName="CAISSA" duration="00:00:00.0103446" startTime="2026-08-07T06:10:34.2821290-06:00" endTime="2026-08-07T06:10:34.2903290-06:00" testType="13cdc9d9-ddb5-4fa4-a97d-d965ccfc6d4b" outcome="Passed" testListId="8c84fa94-04c1-424b-9868-57a2d4851a1d" relativeResultsDirectory="b391e04d-2364-4ffe-96a2-b5922114a62f" />
    <UnitTestResult executionId="d2570042-4a21-4677-a8d2-071566eb4cd6" testId="045909d9-b7e0-e588-f8a0-c7dc8be627c6" testName="Test1BioGuard.IntegrationTests.PagosIntegrationTests.Cancelar_SinToken_Retorna401" computerName="CAISSA" duration="00:00:00.0293473" startTime="2026-08-07T06:10:36.2524187-06:00" endTime="2026-08-07T06:10:36.2860087-06:00" testType="13cdc9d9-ddb5-4fa4-a97d-d965ccfc6d4b" outcome="Passed" testListId="8c84fa94-04c1-424b-9868-57a2d4851a1d" relativeResultsDirectory="d2570042-4a21-4677-a8d2-071566eb4cd6" />
    <UnitTestResult executionId="27e4d519-3942-406c-8921-61e7b24516fd" testId="80a2ae77-6dc9-4c14-dea1-11299f774de4" testName="Test1BioGuard.NonFunctionalTests.IaCTests.Dockerfile_AspNetImageVersionEspecifica" computerName="CAISSA" duration="00:00:00.0006493" startTime="2026-08-07T06:10:34.4561104-06:00" endTime="2026-08-07T06:10:34.4577397-06:00" testType="13cdc9d9-ddb5-4fa4-a97d-d965ccfc6d4b" outcome="Passed" testListId="8c84fa94-04c1-424b-9868-57a2d4851a1d" relativeResultsDirectory="27e4d519-3942-406c-8921-61e7b24516fd" />
    <UnitTestResult executionId="68d627c9-8469-4bdd-9952-a3bb4771bd80" testId="dd057fd0-277c-0d50-6827-f424ac31f616" testName="Test1BioGuard.SecurityTests.InputValidationTests.CrearMedicamento_NombreVacio_Retorna400" computerName="CAISSA" duration="00:00:00.4545853" startTime="2026-08-07T06:10:35.8301558-06:00" endTime="2026-08-07T06:10:36.2526058-06:00" testType="13cdc9d9-ddb5-4fa4-a97d-d965ccfc6d4b" outcome="Passed" testListId="8c84fa94-04c1-424b-9868-57a2d4851a1d" relativeResultsDirectory="68d627c9-8469-4bdd-9952-a3bb4771bd80" />
    <UnitTestResult executionId="1af1aba6-c201-466a-ae72-03316ea445a9" testId="be6724b6-c4c2-883e-7434-c75404e7b696" testName="Test1BioGuard.SecurityTests.AuthorizationSecurityTests.AuthZ_Planes_SinTokenCrear_Retorna401" computerName="CAISSA" duration="00:00:00.0404042" startTime="2026-08-07T06:10:35.5690846-06:00" endTime="2026-08-07T06:10:35.6205439-06:00" testType="13cdc9d9-ddb5-4fa4-a97d-d965ccfc6d4b" outcome="Passed" testListId="8c84fa94-04c1-424b-9868-57a2d4851a1d" relativeResultsDirectory="1af1aba6-c201-466a-ae72-03316ea445a9" />
    <UnitTestResult executionId="37e2ebe2-a61b-4f05-af37-923d71da0513" testId="ec27770c-19c9-1488-49be-b848a724a90a" testName="Test1BioGuard.NonFunctionalTests.ChaosTests.MongoDbUnavailable_MiPaciente_Retorna500" computerName="CAISSA" duration="00:00:00.0725597" startTime="2026-08-07T06:10:34.7663598-06:00" endTime="2026-08-07T06:10:34.8416785-06:00" testType="13cdc9d9-ddb5-4fa4-a97d-d965ccfc6d4b" outcome="Passed" testListId="8c84fa94-04c1-424b-9868-57a2d4851a1d" relativeResultsDirectory="37e2ebe2-a61b-4f05-af37-923d71da0513" />
    <UnitTestResult executionId="2269fe32-ede0-4664-abfe-27c9faead1ca" testId="764b69a3-785a-b4dd-9fc9-03fbde3e1811" testName="Test1BioGuard.UnitTest.AlertaServiceTests.EliminarPorPacienteAsync_DatosValidos_RetornaTrue" computerName="CAISSA" duration="00:00:00.0070894" startTime="2026-08-07T06:10:30.8949742-06:00" endTime="2026-08-07T06:10:30.8971710-06:00" testType="13cdc9d9-ddb5-4fa4-a97d-d965ccfc6d4b" outcome="Passed" testListId="8c84fa94-04c1-424b-9868-57a2d4851a1d" relativeResultsDirectory="2269fe32-ede0-4664-abfe-27c9faead1ca" />
    <UnitTestResult executionId="d325c1fe-08a4-42bb-9a09-6e405f8dab49" testId="4c845060-25d4-f701-bcc6-a6d9b42820f6" testName="Test1BioGuard.IntegrationTests.UsuariosWebIntegrationTests.EliminarCuenta_SinToken_Retorna401" computerName="CAISSA" duration="00:00:00.0047506" startTime="2026-08-07T06:10:36.3686734-06:00" endTime="2026-08-07T06:10:36.3722252-06:00" testType="13cdc9d9-ddb5-4fa4-a97d-d965ccfc6d4b" outcome="Passed" testListId="8c84fa94-04c1-424b-9868-57a2d4851a1d" relativeResultsDirectory="d325c1fe-08a4-42bb-9a09-6e405f8dab49" />
    <UnitTestResult executionId="ba2d59ef-af41-4d1e-a8b1-b0dffc2ddaf4" testId="2d95e97b-280f-ba37-9aa7-37a4c74917fb" testName="Test1BioGuard.NonFunctionalTests.ErrorMessagesTests.Planes_Seed_YaExisten_Retorna400ConMessage" computerName="CAISSA" duration="00:00:00.0529982" startTime="2026-08-07T06:10:35.1563856-06:00" endTime="2026-08-07T06:10:35.2318220-06:00" testType="13cdc9d9-ddb5-4fa4-a97d-d965ccfc6d4b" outcome="Passed" testListId="8c84fa94-04c1-424b-9868-57a2d4851a1d" relativeResultsDirectory="ba2d59ef-af41-4d1e-a8b1-b0dffc2ddaf4" />
    <UnitTestResult executionId="2ed65e6b-df5f-48a2-ab9e-1649c0c7c742" testId="8bb07171-206a-622b-6edc-8eb60729391f" testName="Test1BioGuard.UnitTest.MLServiceTests.ObtenerMetricasAsync_ModeloNoExiste_RetornaNull" computerName="CAISSA" duration="00:00:00.0043802" startTime="2026-08-07T06:10:30.8828432-06:00" endTime="2026-08-07T06:10:30.8830953-06:00" testType="13cdc9d9-ddb5-4fa4-a97d-d965ccfc6d4b" outcome="Passed" testListId="8c84fa94-04c1-424b-9868-57a2d4851a1d" relativeResultsDirectory="2ed65e6b-df5f-48a2-ab9e-1649c0c7c742" />
    <UnitTestResult executionId="0380f0e8-3d04-40c0-9264-08737476b1a5" testId="fd01ba81-ea9f-ea56-19b0-252c6f48f874" testName="Test1BioGuard.SecurityTests.JwtSecurityTests.GenerateToken_ConClaveIncorrecta_LanzaExcepcion" computerName="CAISSA" duration="00:00:00.1293690" startTime="2026-08-07T06:10:33.1181419-06:00" endTime="2026-08-07T06:10:33.2474527-06:00" testType="13cdc9d9-ddb5-4fa4-a97d-d965ccfc6d4b" outcome="Passed" testListId="8c84fa94-04c1-424b-9868-57a2d4851a1d" relativeResultsDirectory="0380f0e8-3d04-40c0-9264-08737476b1a5" />
    <UnitTestResult executionId="5c6ef417-6add-4837-a9cf-3e617ac9e930" testId="b1fe799f-7c14-aa77-b76b-bee33d10f9ce" testName="Test1BioGuard.UnitTest.AuthServiceTests.LoginByCodigoAsync_CodigoPaciente_RetornaAuthResponse" computerName="CAISSA" duration="00:00:00.0107102" startTime="2026-08-07T06:10:35.4820150-06:00" endTime="2026-08-07T06:10:35.4945181-06:00" testType="13cdc9d9-ddb5-4fa4-a97d-d965ccfc6d4b" outcome="Passed" testListId="8c84fa94-04c1-424b-9868-57a2d4851a1d" relativeResultsDirectory="5c6ef417-6add-4837-a9cf-3e617ac9e930" />
    <UnitTestResult executionId="c6095521-e8ee-4e95-988e-fd03638791ac" testId="01f8faad-77a8-c043-3779-38cd55dcf05e" testName="Test1BioGuard.IntegrationTests.NotificacionesIntegrationTests.ObtenerPorPaciente_SinToken_Retorna401" computerName="CAISSA" duration="00:00:00.0047345" startTime="2026-08-07T06:10:36.4029116-06:00" endTime="2026-08-07T06:10:36.4169013-06:00" testType="13cdc9d9-ddb5-4fa4-a97d-d965ccfc6d4b" outcome="Passed" testListId="8c84fa94-04c1-424b-9868-57a2d4851a1d" relativeResultsDirectory="c6095521-e8ee-4e95-988e-fd03638791ac" />
    <UnitTestResult executionId="2fade57d-f5df-4372-9b88-c649d21513f8" testId="69e235b0-96d3-d8e8-7598-054b0b16efff" testName="Test1BioGuard.UnitTest.PagosServiceTests.ActualizarPagoCompletadoAsync_ActualizaEstado" computerName="CAISSA" duration="00:00:00.0245687" startTime="2026-08-07T06:10:33.3988630-06:00" endTime="2026-08-07T06:10:33.4248067-06:00" testType="13cdc9d9-ddb5-4fa4-a97d-d965ccfc6d4b" outcome="Passed" testListId="8c84fa94-04c1-424b-9868-57a2d4851a1d" relativeResultsDirectory="2fade57d-f5df-4372-9b88-c649d21513f8" />
    <UnitTestResult executionId="dc99088a-5751-477b-9124-0e7feafe8d50" testId="7ada5699-1a93-21ab-4962-83fbd7b3ee05" testName="Test1BioGuard.IntegrationTests.ReportesIntegrationTests.HistorialLecturas_SinToken_Retorna401" computerName="CAISSA" duration="00:00:00.0378128" startTime="2026-08-07T06:10:35.6601207-06:00" endTime="2026-08-07T06:10:35.7006355-06:00" testType="13cdc9d9-ddb5-4fa4-a97d-d965ccfc6d4b" outcome="Passed" testListId="8c84fa94-04c1-424b-9868-57a2d4851a1d" relativeResultsDirectory="dc99088a-5751-477b-9124-0e7feafe8d50" />
    <UnitTestResult executionId="43ec2d67-fb16-4ed1-bed3-a642095d9463" testId="2f3fb132-1339-8568-97b0-9cdc07d2aab8" testName="Test1BioGuard.IntegrationTests.MedicamentosIntegrationTests.CambiarActivo_MedicamentoExiste_Retorna200" computerName="CAISSA" duration="00:00:00.1217184" startTime="2026-08-07T06:10:35.3382680-06:00" endTime="2026-08-07T06:10:35.4639668-06:00" testType="13cdc9d9-ddb5-4fa4-a97d-d965ccfc6d4b" outcome="Passed" testListId="8c84fa94-04c1-424b-9868-57a2d4851a1d" relativeResultsDirectory="43ec2d67-fb16-4ed1-bed3-a642095d9463" />
    <UnitTestResult executionId="cd4773cc-5365-404f-9d1d-e17684c7f0f1" testId="b22faf1f-6bc8-6e6f-f7d9-f6400a14f1c9" testName="Test1BioGuard.IntegrationTests.FlujosCompletosTests.Flujo1_RegistroCompleto_Exitoso" computerName="CAISSA" duration="00:00:00.9946383" startTime="2026-08-07T06:10:35.6491592-06:00" endTime="2026-08-07T06:10:36.6430293-06:00" testType="13cdc9d9-ddb5-4fa4-a97d-d965ccfc6d4b" outcome="Passed" testListId="8c84fa94-04c1-424b-9868-57a2d4851a1d" relativeResultsDirectory="cd4773cc-5365-404f-9d1d-e17684c7f0f1" />
    <UnitTestResult executionId="dc33ae03-f2ed-4e7e-a8a6-850fdec35999" testId="96be8123-e02a-128f-f45f-d12efbb20a01" testName="Test1BioGuard.IntegrationTests.UsuariosWebIntegrationTests.CambiarPlan_PlanValido_Retorna200" computerName="CAISSA" duration="00:00:00.0983981" startTime="2026-08-07T06:10:35.1961215-06:00" endTime="2026-08-07T06:10:35.2931455-06:00" testType="13cdc9d9-ddb5-4fa4-a97d-d965ccfc6d4b" outcome="Passed" testListId="8c84fa94-04c1-424b-9868-57a2d4851a1d" relativeResultsDirectory="dc33ae03-f2ed-4e7e-a8a6-850fdec35999" />
    <UnitTestResult executionId="96d8bb69-3efd-40c0-a806-740ee4f1639c" testId="2d6e900f-c64c-971f-07c9-e29af8cb5486" testName="Test1BioGuard.UnitTest.SensorServiceTests.ObtenerUltimaUbicacionAsync_ConUbicacion_RetornaUbicacion" computerName="CAISSA" duration="00:00:00.0062091" startTime="2026-08-07T06:10:31.9095527-06:00" endTime="2026-08-07T06:10:31.9147820-06:00" testType="13cdc9d9-ddb5-4fa4-a97d-d965ccfc6d4b" outcome="Passed" testListId="8c84fa94-04c1-424b-9868-57a2d4851a1d" relativeResultsDirectory="96d8bb69-3efd-40c0-a806-740ee4f1639c" />
    <UnitTestResult executionId="c5037fa8-f876-48a1-b2bf-12aaf4defd24" testId="8cdc22af-77fc-67b1-7dad-4f265fa34d58" testName="Test1BioGuard.SecurityTests.InputValidationTests.CrearMedicamento_DosisVacia_Retorna400" computerName="CAISSA" duration="00:00:00.0058932" startTime="2026-08-07T06:10:36.5536907-06:00" endTime="2026-08-07T06:10:36.5587015-06:00" testType="13cdc9d9-ddb5-4fa4-a97d-d965ccfc6d4b" outcome="Passed" testListId="8c84fa94-04c1-424b-9868-57a2d4851a1d" relativeResultsDirectory="c5037fa8-f876-48a1-b2bf-12aaf4defd24" />
    <UnitTestResult executionId="8fdef49f-29f0-4262-8137-45701e274a94" testId="a1bc128b-860f-4a60-0549-1cc2aa824f8b" testName="Test1BioGuard.SecurityTests.IDORSecurityTests.Sensores_TrackingActual_OtroUsuario_Retorna403" computerName="CAISSA" duration="00:00:00.1200828" startTime="2026-08-07T06:10:33.1377709-06:00" endTime="2026-08-07T06:10:33.2581879-06:00" testType="13cdc9d9-ddb5-4fa4-a97d-d965ccfc6d4b" outcome="Passed" testListId="8c84fa94-04c1-424b-9868-57a2d4851a1d" relativeResultsDirectory="8fdef49f-29f0-4262-8137-45701e274a94" />
    <UnitTestResult executionId="e18c830e-f899-4819-aeae-903d976d1ddd" testId="5c53ef2d-d98c-6982-c29e-d7b607fec750" testName="Test1BioGuard.UnitTest.AuthServiceTests.ResetPasswordAsync_TokenValido_RetornaTrue" computerName="CAISSA" duration="00:00:00.2683253" startTime="2026-08-07T06:10:33.9952980-06:00" endTime="2026-08-07T06:10:34.2612446-06:00" testType="13cdc9d9-ddb5-4fa4-a97d-d965ccfc6d4b" outcome="Passed" testListId="8c84fa94-04c1-424b-9868-57a2d4851a1d" relativeResultsDirectory="e18c830e-f899-4819-aeae-903d976d1ddd" />
    <UnitTestResult executionId="1cb2a96b-b473-4606-aa90-4310a5177865" testId="dbba6663-1099-1551-4cc5-df74187ef0b6" testName="Test1BioGuard.IntegrationTests.PacientesIntegrationTests.ObtenerQR_PacienteExiste_RetornaCodigo" computerName="CAISSA" duration="00:00:00.0596239" startTime="2026-08-07T06:10:33.4529924-06:00" endTime="2026-08-07T06:10:33.5171027-06:00" testType="13cdc9d9-ddb5-4fa4-a97d-d965ccfc6d4b" outcome="Passed" testListId="8c84fa94-04c1-424b-9868-57a2d4851a1d" relativeResultsDirectory="1cb2a96b-b473-4606-aa90-4310a5177865" />
    <UnitTestResult executionId="14bf902e-c6bd-4296-9703-8350be46a2d6" testId="88ded2d9-d9eb-1f6d-d152-fcff19b5642a" testName="Test1BioGuard.SecurityTests.AuthorizationSecurityTests.IDOR_Reportes_CuidadorPuedeVerResumenPacienteB_Retorna200" computerName="CAISSA" duration="00:00:00.1295393" startTime="2026-08-07T06:10:35.3361409-06:00" endTime="2026-08-07T06:10:35.4667725-06:00" testType="13cdc9d9-ddb5-4fa4-a97d-d965ccfc6d4b" outcome="Passed" testListId="8c84fa94-04c1-424b-9868-57a2d4851a1d" relativeResultsDirectory="14bf902e-c6bd-4296-9703-8350be46a2d6" />
    <UnitTestResult executionId="7bdc1328-05fd-47d7-a27b-64f24d2b542d" testId="0dad960b-6395-7905-d767-d9a98c3bab58" testName="Test1BioGuard.NonFunctionalTests.IaCTests.AppProductionYaml_UsaVariablesProduccion" computerName="CAISSA" duration="00:00:00.0011776" startTime="2026-08-07T06:10:34.3663129-06:00" endTime="2026-08-07T06:10:34.3711882-06:00" testType="13cdc9d9-ddb5-4fa4-a97d-d965ccfc6d4b" outcome="Passed" testListId="8c84fa94-04c1-424b-9868-57a2d4851a1d" relativeResultsDirectory="7bdc1328-05fd-47d7-a27b-64f24d2b542d" />
    <UnitTestResult executionId="bd3de8a4-b438-44e5-af1f-c283c15703cc" testId="9c4e0022-fa32-a645-3f9c-32fb5a9348d6" testName="Test1BioGuard.SecurityTests.SecurityHeadersTests.Headers_HSTS_EsConfigurado" computerName="CAISSA" duration="00:00:00.0936710" startTime="2026-08-07T06:10:34.7023368-06:00" endTime="2026-08-07T06:10:34.8250061-06:00" testType="13cdc9d9-ddb5-4fa4-a97d-d965ccfc6d4b" outcome="Passed" testListId="8c84fa94-04c1-424b-9868-57a2d4851a1d" relativeResultsDirectory="bd3de8a4-b438-44e5-af1f-c283c15703cc" />
    <UnitTestResult executionId="2e3f1cd7-5eeb-4e93-b122-5a1a753abcf6" testId="4fa4c4da-c418-c509-76ec-aa72309a4590" testName="Test1BioGuard.IntegrationTests.UsuariosWebIntegrationTests.MiPerfil_SinToken_Retorna401" computerName="CAISSA" duration="00:00:00.0211586" startTime="2026-08-07T06:10:35.6453851-06:00" endTime="2026-08-07T06:10:35.6688126-06:00" testType="13cdc9d9-ddb5-4fa4-a97d-d965ccfc6d4b" outcome="Passed" testListId="8c84fa94-04c1-424b-9868-57a2d4851a1d" relativeResultsDirectory="2e3f1cd7-5eeb-4e93-b122-5a1a753abcf6" />
    <UnitTestResult executionId="0f834a15-c21a-44e4-a9eb-204e38675e77" testId="e5dcd054-778f-f817-2d58-8f4266357b5e" testName="Test1BioGuard.IntegrationTests.SensoresIntegrationTests.ObtenerLecturasRango_ConRango_Retorna200" computerName="CAISSA" duration="00:00:00.4833478" startTime="2026-08-07T06:10:35.8753383-06:00" endTime="2026-08-07T06:10:36.2896979-06:00" testType="13cdc9d9-ddb5-4fa4-a97d-d965ccfc6d4b" outcome="Passed" testListId="8c84fa94-04c1-424b-9868-57a2d4851a1d" relativeResultsDirectory="0f834a15-c21a-44e4-a9eb-204e38675e77" />
    <UnitTestResult executionId="53286ac2-760a-4f84-97a6-4b3c277f336e" testId="78d19588-0f3c-ec7c-f9e7-273498011eda" testName="Test1BioGuard.IntegrationTests.ReportesIntegrationTests.Resumen_PacienteConDatos_Retorna200" computerName="CAISSA" duration="00:00:00.1014327" startTime="2026-08-07T06:10:35.5512799-06:00" endTime="2026-08-07T06:10:35.6584141-06:00" testType="13cdc9d9-ddb5-4fa4-a97d-d965ccfc6d4b" outcome="Passed" testListId="8c84fa94-04c1-424b-9868-57a2d4851a1d" relativeResultsDirectory="53286ac2-760a-4f84-97a6-4b3c277f336e" />
    <UnitTestResult executionId="7ac4d9ad-a69b-487c-9094-fd47adeb1a85" testId="9baa591a-96c4-ac82-3fc8-d02c1e8d164e" testName="Test1BioGuard.IntegrationTests.SensoresIntegrationTests.CrearEvento_SinToken_Retorna401" computerName="CAISSA" duration="00:00:00.0084943" startTime="2026-08-07T06:10:36.7116524-06:00" endTime="2026-08-07T06:10:36.7197887-06:00" testType="13cdc9d9-ddb5-4fa4-a97d-d965ccfc6d4b" outcome="Passed" testListId="8c84fa94-04c1-424b-9868-57a2d4851a1d" relativeResultsDirectory="7ac4d9ad-a69b-487c-9094-fd47adeb1a85" />
    <UnitTestResult executionId="5f0f631b-1628-4263-b68e-767b527dab95" testId="81e53a12-a4de-fa67-c4ad-fbfdccb49381" testName="Test1BioGuard.IntegrationTests.UsuariosWebIntegrationTests.CambiarCorreo_CorreoExistente_Retorna400" computerName="CAISSA" duration="00:00:00.9129547" startTime="2026-08-07T06:10:34.0801656-06:00" endTime="2026-08-07T06:10:34.9939177-06:00" testType="13cdc9d9-ddb5-4fa4-a97d-d965ccfc6d4b" outcome="Passed" testListId="8c84fa94-04c1-424b-9868-57a2d4851a1d" relativeResultsDirectory="5f0f631b-1628-4263-b68e-767b527dab95" />
    <UnitTestResult executionId="ef2a7988-27d5-44aa-9f1d-4e155f5cffe1" testId="f650c574-7af3-2d5d-af63-f8bbab279f33" testName="Test1BioGuard.UnitTest.PagosServiceTests.EventoYaProcesadoAsync_EventoExistente_RetornaTrue" computerName="CAISSA" duration="00:00:00.0060094" startTime="2026-08-07T06:10:33.3862378-06:00" endTime="2026-08-07T06:10:33.3911435-06:00" testType="13cdc9d9-ddb5-4fa4-a97d-d965ccfc6d4b" outcome="Passed" testListId="8c84fa94-04c1-424b-9868-57a2d4851a1d" relativeResultsDirectory="ef2a7988-27d5-44aa-9f1d-4e155f5cffe1" />
    <UnitTestResult executionId="934fbe4f-0f79-4955-b96a-b4b5b82053ec" testId="0de92d1a-c8e5-b091-e233-bf22820ce580" testName="Test1BioGuard.IntegrationTests.AdminIntegrationTests.PausarUsuario_Reactivar_Retorna200" computerName="CAISSA" duration="00:00:00.0588415" startTime="2026-08-07T06:10:34.1380299-06:00" endTime="2026-08-07T06:10:34.1979958-06:00" testType="13cdc9d9-ddb5-4fa4-a97d-d965ccfc6d4b" outcome="Passed" testListId="8c84fa94-04c1-424b-9868-57a2d4851a1d" relativeResultsDirectory="934fbe4f-0f79-4955-b96a-b4b5b82053ec" />
    <UnitTestResult executionId="788cef39-9272-4a9a-8bfc-15d0a39219e5" testId="9a78c275-8c8e-be41-1043-28d99ad3959c" testName="Test1BioGuard.IntegrationTests.MedicamentosIntegrationTests.ObtenerPorPaciente_ConMedicamentos_Retorna200" computerName="CAISSA" duration="00:00:00.0743919" startTime="2026-08-07T06:10:35.4657247-06:00" endTime="2026-08-07T06:10:35.5456578-06:00" testType="13cdc9d9-ddb5-4fa4-a97d-d965ccfc6d4b" outcome="Passed" testListId="8c84fa94-04c1-424b-9868-57a2d4851a1d" relativeResultsDirectory="788cef39-9272-4a9a-8bfc-15d0a39219e5" />
    <UnitTestResult executionId="601e22d5-f40c-44ff-a917-70aceb93204a" testId="9fbee698-f07e-ba03-87fe-d1884f155b7f" testName="Test1BioGuard.UnitTest.AlertaServiceTests.ObtenerPorPacienteAsync_ConAlertas_RetornaLista" computerName="CAISSA" duration="00:00:00.0062507" startTime="2026-08-07T06:10:30.8982859-06:00" endTime="2026-08-07T06:10:30.8994750-06:00" testType="13cdc9d9-ddb5-4fa4-a97d-d965ccfc6d4b" outcome="Passed" testListId="8c84fa94-04c1-424b-9868-57a2d4851a1d" relativeResultsDirectory="601e22d5-f40c-44ff-a917-70aceb93204a" />
    <UnitTestResult executionId="fd8e01b4-444b-4b2b-9d8e-5f1045ae2324" testId="f5f9e0ba-f289-9695-e67b-ff82b2e0ae93" testName="Test1BioGuard.IntegrationTests.PacientesIntegrationTests.Editar_SinToken_Retorna401" computerName="CAISSA" duration="00:00:00.0662974" startTime="2026-08-07T06:10:33.6881285-06:00" endTime="2026-08-07T06:10:33.7593197-06:00" testType="13cdc9d9-ddb5-4fa4-a97d-d965ccfc6d4b" outcome="Passed" testListId="8c84fa94-04c1-424b-9868-57a2d4851a1d" relativeResultsDirectory="fd8e01b4-444b-4b2b-9d8e-5f1045ae2324" />
    <UnitTestResult executionId="c88d7686-3527-40b1-aa96-a15d93b23e1e" testId="38d5affd-1b3e-2cc0-2197-14131f038a32" testName="Test1BioGuard.IntegrationTests.MedicamentosIntegrationTests.Crear_DatosValidos_Retorna200" computerName="CAISSA" duration="00:00:00.0880970" startTime="2026-08-07T06:10:35.2452789-06:00" endTime="2026-08-07T06:10:35.3366317-06:00" testType="13cdc9d9-ddb5-4fa4-a97d-d965ccfc6d4b" outcome="Passed" testListId="8c84fa94-04c1-424b-9868-57a2d4851a1d" relativeResultsDirectory="c88d7686-3527-40b1-aa96-a15d93b23e1e" />
    <UnitTestResult executionId="7c1bf2ed-b5c8-4918-9296-b4de32c911db" testId="44a6d994-8452-f751-610e-a84e7176f829" testName="Test1BioGuard.NonFunctionalTests.ErrorMessagesTests.Alertas_Crear_NivelRiesgoInvalido_Retorna400ConMessage" computerName="CAISSA" duration="00:00:00.0703642" startTime="2026-08-07T06:10:35.5410732-06:00" endTime="2026-08-07T06:10:35.6124347-06:00" testType="13cdc9d9-ddb5-4fa4-a97d-d965ccfc6d4b" outcome="Passed" testListId="8c84fa94-04c1-424b-9868-57a2d4851a1d" relativeResultsDirectory="7c1bf2ed-b5c8-4918-9296-b4de32c911db" />
    <UnitTestResult executionId="0e2ecf96-a9ff-40b7-ba24-fbdc29161090" testId="baa9dba3-17ef-1c0a-4df8-a645d737d451" testName="Test1BioGuard.SecurityTests.AuthorizationSecurityTests.AuthZ_Dispositivos_DuenoNoPuedeVincular_Retorna401" computerName="CAISSA" duration="00:00:00.0798638" startTime="2026-08-07T06:10:33.7548141-06:00" endTime="2026-08-07T06:10:33.8351188-06:00" testType="13cdc9d9-ddb5-4fa4-a97d-d965ccfc6d4b" outcome="Passed" testListId="8c84fa94-04c1-424b-9868-57a2d4851a1d" relativeResultsDirectory="0e2ecf96-a9ff-40b7-ba24-fbdc29161090" />
    <UnitTestResult executionId="2495c297-c5fb-4f2d-b917-ff161cc24312" testId="93b74a92-c442-4490-5f55-eee3b0f73e6d" testName="Test1BioGuard.IntegrationTests.DispositivosIntegrationTests.Vincular_YaTieneDispositivo_Retorna400" computerName="CAISSA" duration="00:00:00.0876525" startTime="2026-08-07T06:10:33.1691878-06:00" endTime="2026-08-07T06:10:33.2722384-06:00" testType="13cdc9d9-ddb5-4fa4-a97d-d965ccfc6d4b" outcome="Passed" testListId="8c84fa94-04c1-424b-9868-57a2d4851a1d" relativeResultsDirectory="2495c297-c5fb-4f2d-b917-ff161cc24312" />
    <UnitTestResult executionId="107a3003-c344-4292-81ce-cbcc0d79adcd" testId="751ca19b-ba57-a728-2669-c6999e4b0f6d" testName="Test1BioGuard.IntegrationTests.AdminIntegrationTests.PausarUsuario_UsuarioNoExiste_Retorna404" computerName="CAISSA" duration="00:00:00.0361943" startTime="2026-08-07T06:10:33.9894065-06:00" endTime="2026-08-07T06:10:34.0581596-06:00" testType="13cdc9d9-ddb5-4fa4-a97d-d965ccfc6d4b" outcome="Passed" testListId="8c84fa94-04c1-424b-9868-57a2d4851a1d" relativeResultsDirectory="107a3003-c344-4292-81ce-cbcc0d79adcd" />
    <UnitTestResult executionId="aa7f3245-b44c-43df-bee5-21cd5ed7bd56" testId="9cc084ac-f3ea-2ded-96db-ad4483d3fa9d" testName="Test1BioGuard.SecurityTests.AuthorizationSecurityTests.Health_Get_Retorna200ConStatus" computerName="CAISSA" duration="00:00:00.0151019" startTime="2026-08-07T06:10:36.5770988-06:00" endTime="2026-08-07T06:10:36.5919458-06:00" testType="13cdc9d9-ddb5-4fa4-a97d-d965ccfc6d4b" outcome="Passed" testListId="8c84fa94-04c1-424b-9868-57a2d4851a1d" relativeResultsDirectory="aa7f3245-b44c-43df-bee5-21cd5ed7bd56" />
    <UnitTestResult executionId="b80e7e51-39db-43b2-a1eb-72c419827b48" testId="9c08eb0a-c6f5-4a8d-a2c7-f4520a114c3d" testName="Test1BioGuard.IntegrationTests.DispositivosIntegrationTests.ObtenerPorPaciente_SinDispositivo_RetornaVinculadoFalse" computerName="CAISSA" duration="00:00:00.0581217" startTime="2026-08-07T06:10:33.6905315-06:00" endTime="2026-08-07T06:10:33.7561637-06:00" testType="13cdc9d9-ddb5-4fa4-a97d-d965ccfc6d4b" outcome="Passed" testListId="8c84fa94-04c1-424b-9868-57a2d4851a1d" relativeResultsDirectory="b80e7e51-39db-43b2-a1eb-72c419827b48" />
    <UnitTestResult executionId="4addd0ae-e136-40d9-953f-e7c310ab2fc3" testId="dbe525b4-e235-f0d3-fea6-a515f590b2db" testName="Test1BioGuard.UnitTest.SensorServiceTests.AtenderEventoAsync_EventoExiste_RetornaTrue" computerName="CAISSA" duration="00:00:00.0077952" startTime="2026-08-07T06:10:31.8685785-06:00" endTime="2026-08-07T06:10:31.8750638-06:00" testType="13cdc9d9-ddb5-4fa4-a97d-d965ccfc6d4b" outcome="Passed" testListId="8c84fa94-04c1-424b-9868-57a2d4851a1d" relativeResultsDirectory="4addd0ae-e136-40d9-953f-e7c310ab2fc3" />
    <UnitTestResult executionId="db72b9c0-1fe8-497f-8545-807a4ab2b277" testId="1c3ac72a-abe3-de00-bf50-1d8c8c60c2d9" testName="Test1BioGuard.IntegrationTests.AuditoriaIntegrationTests.Listar_PorPaginaExcedeLimite_Retorna200ConLimiteAplicado" computerName="CAISSA" duration="00:00:00.0608741" startTime="2026-08-07T06:10:34.0125563-06:00" endTime="2026-08-07T06:10:34.0779526-06:00" testType="13cdc9d9-ddb5-4fa4-a97d-d965ccfc6d4b" outcome="Passed" testListId="8c84fa94-04c1-424b-9868-57a2d4851a1d" relativeResultsDirectory="db72b9c0-1fe8-497f-8545-807a4ab2b277" />
    <UnitTestResult executionId="c8f9803a-fb30-49f2-8703-1b6592a87975" testId="77a5e22e-ab78-bb51-8453-ebf287075f3d" testName="Test1BioGuard.SecurityTests.InputValidationTests.CrearAlerta_MensajeVacio_Retorna400" computerName="CAISSA" duration="00:00:00.0086496" startTime="2026-08-07T06:10:36.5250270-06:00" endTime="2026-08-07T06:10:36.5325140-06:00" testType="13cdc9d9-ddb5-4fa4-a97d-d965ccfc6d4b" outcome="Passed" testListId="8c84fa94-04c1-424b-9868-57a2d4851a1d" relativeResultsDirectory="c8f9803a-fb30-49f2-8703-1b6592a87975" />
    <UnitTestResult executionId="2706e3b3-b063-47ab-9536-40a0de71e4da" testId="4f12ea6d-43a4-5c65-50ef-64b684a4a951" testName="Test1BioGuard.UnitTest.UsuariosWebServiceTests.CambiarCorreoAsync_CorreoYaExiste_RetornaFalse" computerName="CAISSA" duration="00:00:00.3891453" startTime="2026-08-07T06:10:34.9169261-06:00" endTime="2026-08-07T06:10:35.3042718-06:00" testType="13cdc9d9-ddb5-4fa4-a97d-d965ccfc6d4b" outcome="Passed" testListId="8c84fa94-04c1-424b-9868-57a2d4851a1d" relativeResultsDirectory="2706e3b3-b063-47ab-9536-40a0de71e4da" />
    <UnitTestResult executionId="00d45e6e-846a-4342-a2d6-d4a8158501c3" testId="dfa1bb2e-324d-82ec-b23e-0a8710f8799f" testName="Test1BioGuard.UnitTest.PagosServiceTests.ObtenerHistorialAsync_ConPagos_RetornaLista" computerName="CAISSA" duration="00:00:00.0131517" startTime="2026-08-07T06:10:33.4262010-06:00" endTime="2026-08-07T06:10:33.4351932-06:00" testType="13cdc9d9-ddb5-4fa4-a97d-d965ccfc6d4b" outcome="Passed" testListId="8c84fa94-04c1-424b-9868-57a2d4851a1d" relativeResultsDirectory="00d45e6e-846a-4342-a2d6-d4a8158501c3" />
    <UnitTestResult executionId="ef367f83-7334-4795-8968-3e3a76280979" testId="c2f0f9a1-dab0-29bf-3abf-8ec7dd7b56c2" testName="Test1BioGuard.IntegrationTests.MLIntegrationTests.Diagnosticar_SinPredicciones_RetornaSinDatos" computerName="CAISSA" duration="00:00:02.2416283" startTime="2026-08-07T06:10:30.9097668-06:00" endTime="2026-08-07T06:10:33.1404417-06:00" testType="13cdc9d9-ddb5-4fa4-a97d-d965ccfc6d4b" outcome="Passed" testListId="8c84fa94-04c1-424b-9868-57a2d4851a1d" relativeResultsDirectory="ef367f83-7334-4795-8968-3e3a76280979" />
    <UnitTestResult executionId="fe86429c-1381-4fb5-adad-29803c41f72e" testId="107dda21-6664-e646-26fc-f3811e222235" testName="Test1BioGuard.SecurityTests.PasswordHasherTests.Hash_UsaPBKDF2_ConFormatoCorrecto" computerName="CAISSA" duration="00:00:00.1576049" startTime="2026-08-07T06:10:32.8881637-06:00" endTime="2026-08-07T06:10:33.0432618-06:00" testType="13cdc9d9-ddb5-4fa4-a97d-d965ccfc6d4b" outcome="Passed" testListId="8c84fa94-04c1-424b-9868-57a2d4851a1d" relativeResultsDirectory="fe86429c-1381-4fb5-adad-29803c41f72e" />
    <UnitTestResult executionId="c93c414c-573c-40f0-b1a6-722d28be34a5" testId="e192db7e-acab-0036-0571-192d7e829c53" testName="Test1BioGuard.NonFunctionalTests.IaCTests.AppYaml_InstanceSizeNoMayorABasicXxs" computerName="CAISSA" duration="00:00:00.0006651" startTime="2026-08-07T06:10:34.3586144-06:00" endTime="2026-08-07T06:10:34.3587553-06:00" testType="13cdc9d9-ddb5-4fa4-a97d-d965ccfc6d4b" outcome="Passed" testListId="8c84fa94-04c1-424b-9868-57a2d4851a1d" relativeResultsDirectory="c93c414c-573c-40f0-b1a6-722d28be34a5" />
    <UnitTestResult executionId="93560cd3-1fcb-439d-8b7c-21a2dc71d911" testId="68880f52-1032-57e0-6af5-c656e3f1cfc9" testName="Test1BioGuard.UnitTest.UsuariosWebServiceTests.GetPlanAsync_UsuarioConPlan_RetornaPlan" computerName="CAISSA" duration="00:00:00.0081454" startTime="2026-08-07T06:10:35.3062893-06:00" endTime="2026-08-07T06:10:35.3137572-06:00" testType="13cdc9d9-ddb5-4fa4-a97d-d965ccfc6d4b" outcome="Passed" testListId="8c84fa94-04c1-424b-9868-57a2d4851a1d" relativeResultsDirectory="93560cd3-1fcb-439d-8b7c-21a2dc71d911" />
    <UnitTestResult executionId="2f6ac777-07bc-4ebf-8c70-c286837b0089" testId="837054d8-b96b-688d-61b2-47bed6ca82cc" testName="Test1BioGuard.NonFunctionalTests.IaCTests.Dockerfile_UsaMultiStageBuild" computerName="CAISSA" duration="00:00:00.0025663" startTime="2026-08-07T06:10:34.4477820-06:00" endTime="2026-08-07T06:10:34.4479236-06:00" testType="13cdc9d9-ddb5-4fa4-a97d-d965ccfc6d4b" outcome="Passed" testListId="8c84fa94-04c1-424b-9868-57a2d4851a1d" relativeResultsDirectory="2f6ac777-07bc-4ebf-8c70-c286837b0089" />
    <UnitTestResult executionId="3cd8b70b-2d87-49ab-a633-377f4a9af444" testId="7f838160-6bc8-6f7f-ecd9-8532d9882bbd" testName="Test1BioGuard.UnitTest.PacienteServiceTests.GetByIdAsync_PacienteNoExiste_RetornaNull" computerName="CAISSA" duration="00:00:00.0040564" startTime="2026-08-07T06:10:35.9899258-06:00" endTime="2026-08-07T06:10:35.9921374-06:00" testType="13cdc9d9-ddb5-4fa4-a97d-d965ccfc6d4b" outcome="Passed" testListId="8c84fa94-04c1-424b-9868-57a2d4851a1d" relativeResultsDirectory="3cd8b70b-2d87-49ab-a633-377f4a9af444" />
    <UnitTestResult executionId="5e3f5b2b-c694-4a1a-887e-35b3533e8eee" testId="14af1473-0ab0-69dd-d5ff-e6d8f473becb" testName="Test1BioGuard.IntegrationTests.AlertasIntegrationTests.ObtenerPorPaciente_SinToken_Retorna401" computerName="CAISSA" duration="00:00:00.0533309" startTime="2026-08-07T06:10:34.0151519-06:00" endTime="2026-08-07T06:10:34.0701964-06:00" testType="13cdc9d9-ddb5-4fa4-a97d-d965ccfc6d4b" outcome="Passed" testListId="8c84fa94-04c1-424b-9868-57a2d4851a1d" relativeResultsDirectory="5e3f5b2b-c694-4a1a-887e-35b3533e8eee" />
    <UnitTestResult executionId="19fe790b-7884-4fb2-b157-2ff7c76b9fe9" testId="0e20a6bc-00a4-6b96-1f83-0f92074e34c5" testName="Test1BioGuard.SecurityTests.AuthorizationSecurityTests.IDOR_Reportes_PacienteANoPuedeVerResumenPacienteB_Retorna403" computerName="CAISSA" duration="00:00:00.1326791" startTime="2026-08-07T06:10:33.8379522-06:00" endTime="2026-08-07T06:10:33.9730765-06:00" testType="13cdc9d9-ddb5-4fa4-a97d-d965ccfc6d4b" outcome="Passed" testListId="8c84fa94-04c1-424b-9868-57a2d4851a1d" relativeResultsDirectory="19fe790b-7884-4fb2-b157-2ff7c76b9fe9" />
    <UnitTestResult executionId="bcdcb84c-1808-47dd-91b8-ca846adfef72" testId="3bddfafe-ca82-986a-4eba-91b700008aca" testName="Test1BioGuard.IntegrationTests.NotificacionesIntegrationTests.ObtenerPorPaciente_SinToken_Retorna401_ViaByPaciente" computerName="CAISSA" duration="00:00:00.0270868" startTime="2026-08-07T06:10:36.2570147-06:00" endTime="2026-08-07T06:10:36.2813688-06:00" testType="13cdc9d9-ddb5-4fa4-a97d-d965ccfc6d4b" outcome="Passed" testListId="8c84fa94-04c1-424b-9868-57a2d4851a1d" relativeResultsDirectory="bcdcb84c-1808-47dd-91b8-ca846adfef72" />
    <UnitTestResult executionId="94a445d8-ab2f-4740-b366-448fa7e7f56c" testId="4d0c5c3a-c1cc-7ebc-002c-b04eaa920151" testName="Test1BioGuard.SecurityTests.PasswordHasherTests.Hash_ContrasenaLarga_RetornaHash" computerName="CAISSA" duration="00:00:00.2988614" startTime="2026-08-07T06:10:31.2793565-06:00" endTime="2026-08-07T06:10:31.5752550-06:00" testType="13cdc9d9-ddb5-4fa4-a97d-d965ccfc6d4b" outcome="Passed" testListId="8c84fa94-04c1-424b-9868-57a2d4851a1d" relativeResultsDirectory="94a445d8-ab2f-4740-b366-448fa7e7f56c" />
    <UnitTestResult executionId="e34e2458-8204-4942-b21c-f5126f2e5505" testId="a047ae0d-39c1-27a7-752b-d5fa10915437" testName="Test1BioGuard.UnitTest.AuthServiceTests.LoginWebAsync_CredencialesInvalidas_RetornaNull" computerName="CAISSA" duration="00:00:00.0059030" startTime="2026-08-07T06:10:34.9728653-06:00" endTime="2026-08-07T06:10:34.9772254-06:00" testType="13cdc9d9-ddb5-4fa4-a97d-d965ccfc6d4b" outcome="Passed" testListId="8c84fa94-04c1-424b-9868-57a2d4851a1d" relativeResultsDirectory="e34e2458-8204-4942-b21c-f5126f2e5505" />
    <UnitTestResult executionId="b87bbf74-a9ad-4608-8d2f-0e301f36fc9d" testId="a1773b16-0675-3685-79dc-8faf9b778417" testName="Test1BioGuard.UnitTest.DispositivoServiceTests.ObtenerPorPacienteAsync_SinDispositivo_RetornaNull" computerName="CAISSA" duration="00:00:00.0030622" startTime="2026-08-07T06:10:30.9132053-06:00" endTime="2026-08-07T06:10:30.9132948-06:00" testType="13cdc9d9-ddb5-4fa4-a97d-d965ccfc6d4b" outcome="Passed" testListId="8c84fa94-04c1-424b-9868-57a2d4851a1d" relativeResultsDirectory="b87bbf74-a9ad-4608-8d2f-0e301f36fc9d" />
    <UnitTestResult executionId="103282f4-0147-411d-ac4c-cfcf59e91b8e" testId="54118f70-7f90-eb30-cc5a-224e57f5042d" testName="Test1BioGuard.IntegrationTests.TicketsIntegrationTests.Crear_TicketValido_Retorna200" computerName="CAISSA" duration="00:00:01.8920714" startTime="2026-08-07T06:10:31.2714639-06:00" endTime="2026-08-07T06:10:33.1650535-06:00" testType="13cdc9d9-ddb5-4fa4-a97d-d965ccfc6d4b" outcome="Passed" testListId="8c84fa94-04c1-424b-9868-57a2d4851a1d" relativeResultsDirectory="103282f4-0147-411d-ac4c-cfcf59e91b8e" />
    <UnitTestResult executionId="877baa3b-0117-489b-9d51-b84d40b7c3f3" testId="773809dd-55cb-67b9-9e15-ac39c7ff45a9" testName="Test1BioGuard.IntegrationTests.ReportesIntegrationTests.Compartir_SinToken_Retorna401" computerName="CAISSA" duration="00:00:00.1184837" startTime="2026-08-07T06:10:35.9768402-06:00" endTime="2026-08-07T06:10:36.0963947-06:00" testType="13cdc9d9-ddb5-4fa4-a97d-d965ccfc6d4b" outcome="Passed" testListId="8c84fa94-04c1-424b-9868-57a2d4851a1d" relativeResultsDirectory="877baa3b-0117-489b-9d51-b84d40b7c3f3" />
    <UnitTestResult executionId="0eee77f7-5dc9-43cc-9d9d-4006ba740c22" testId="bfd966fe-96d9-deeb-a450-5f6975ac7b8c" testName="Test1BioGuard.SecurityTests.AuthorizationSecurityTests.NivelAcceso_CuidadorSoloAlertasNoPuedeVerHistorialAlertas_Retorna403" computerName="CAISSA" duration="00:00:00.0263953" startTime="2026-08-07T06:10:35.8838092-06:00" endTime="2026-08-07T06:10:35.8994614-06:00" testType="13cdc9d9-ddb5-4fa4-a97d-d965ccfc6d4b" outcome="Passed" testListId="8c84fa94-04c1-424b-9868-57a2d4851a1d" relativeResultsDirectory="0eee77f7-5dc9-43cc-9d9d-4006ba740c22" />
    <UnitTestResult executionId="be1e8898-00e3-4297-ba03-043f2a6f60dd" testId="fac9dcc3-5a7c-3b0a-0898-68f9f06cf389" testName="Test1BioGuard.IntegrationTests.AuthIntegrationTests.LoginByCodigo_CodigoPaciente_Retorna200" computerName="CAISSA" duration="00:00:00.0776946" startTime="2026-08-07T06:10:35.4918072-06:00" endTime="2026-08-07T06:10:35.5714813-06:00" testType="13cdc9d9-ddb5-4fa4-a97d-d965ccfc6d4b" outcome="Passed" testListId="8c84fa94-04c1-424b-9868-57a2d4851a1d" relativeResultsDirectory="be1e8898-00e3-4297-ba03-043f2a6f60dd" />
    <UnitTestResult executionId="ad85358c-1590-47bf-9674-f012ecd0a880" testId="1e501216-b1a0-9ca9-747f-a9561eca6861" testName="Test1BioGuard.SecurityTests.IDORSecurityTests.Medicamentos_Crear_OtroPaciente_Retorna403" computerName="CAISSA" duration="00:00:00.1019386" startTime="2026-08-07T06:10:35.3748556-06:00" endTime="2026-08-07T06:10:35.4882726-06:00" testType="13cdc9d9-ddb5-4fa4-a97d-d965ccfc6d4b" outcome="Passed" testListId="8c84fa94-04c1-424b-9868-57a2d4851a1d" relativeResultsDirectory="ad85358c-1590-47bf-9674-f012ecd0a880" />
    <UnitTestResult executionId="87da8558-3f2b-4f69-be8b-19db20f25c43" testId="85107810-abef-65ef-00da-c09339152cee" testName="Test1BioGuard.NonFunctionalTests.ErrorMessagesTests.Pagos_CrearSesion_ProcesadorInvalido_Retorna400ConMessage" computerName="CAISSA" duration="00:00:00.0438206" startTime="2026-08-07T06:10:36.1257631-06:00" endTime="2026-08-07T06:10:36.1682838-06:00" testType="13cdc9d9-ddb5-4fa4-a97d-d965ccfc6d4b" outcome="Passed" testListId="8c84fa94-04c1-424b-9868-57a2d4851a1d" relativeResultsDirectory="87da8558-3f2b-4f69-be8b-19db20f25c43" />
    <UnitTestResult executionId="38cc3a55-2682-481e-967d-754cdc95fbe3" testId="32be9c1c-f1a2-b4bd-4d1f-52ba50aeee09" testName="Test1BioGuard.UnitTest.UsuariosWebServiceTests.GetPlanAsync_UsuarioNoExiste_RetornaNull" computerName="CAISSA" duration="00:00:00.0070453" startTime="2026-08-07T06:10:34.8914317-06:00" endTime="2026-08-07T06:10:34.8968948-06:00" testType="13cdc9d9-ddb5-4fa4-a97d-d965ccfc6d4b" outcome="Passed" testListId="8c84fa94-04c1-424b-9868-57a2d4851a1d" relativeResultsDirectory="38cc3a55-2682-481e-967d-754cdc95fbe3" />
    <UnitTestResult executionId="05b448e1-1f95-421a-9125-d9d5a3f5316d" testId="a496697e-f3dd-7d67-5c78-1ce4bc183fb9" testName="Test1BioGuard.UnitTest.AuthServiceTests.LoginWebAsync_CredencialesValidas_RetornaAuthResponse" computerName="CAISSA" duration="00:00:00.4049647" startTime="2026-08-07T06:10:33.5899841-06:00" endTime="2026-08-07T06:10:33.9927412-06:00" testType="13cdc9d9-ddb5-4fa4-a97d-d965ccfc6d4b" outcome="Passed" testListId="8c84fa94-04c1-424b-9868-57a2d4851a1d" relativeResultsDirectory="05b448e1-1f95-421a-9125-d9d5a3f5316d" />
    <UnitTestResult executionId="326ef5f9-8ace-44f2-bd7f-e9e4066fd749" testId="aeaff5aa-21a4-b72c-bc96-beb76ab77cd9" testName="Test1BioGuard.SecurityTests.AuthorizationSecurityTests.AuthZ_Medicamentos_PacienteNoPuedeEliminar_Retorna403" computerName="CAISSA" duration="00:00:00.0306482" startTime="2026-08-07T06:10:35.4695476-06:00" endTime="2026-08-07T06:10:35.5043334-06:00" testType="13cdc9d9-ddb5-4fa4-a97d-d965ccfc6d4b" outcome="Passed" testListId="8c84fa94-04c1-424b-9868-57a2d4851a1d" relativeResultsDirectory="326ef5f9-8ace-44f2-bd7f-e9e4066fd749" />
    <UnitTestResult executionId="74ec3905-c97b-42e1-a88e-6b7e0d4c7a68" testId="0ee5d19b-6ed2-d3df-10d8-3b18224fe28f" testName="Test1BioGuard.IntegrationTests.CuidadoresIntegrationTests.Disponibles_SinPaciente_Retorna0" computerName="CAISSA" duration="00:00:00.0506237" startTime="2026-08-07T06:10:33.4276402-06:00" endTime="2026-08-07T06:10:33.4973041-06:00" testType="13cdc9d9-ddb5-4fa4-a97d-d965ccfc6d4b" outcome="Passed" testListId="8c84fa94-04c1-424b-9868-57a2d4851a1d" relativeResultsDirectory="74ec3905-c97b-42e1-a88e-6b7e0d4c7a68" />
    <UnitTestResult executionId="3ca7ab07-eda4-4774-bd90-0b2d99f45965" testId="10738294-7bdc-ce8b-5e12-211e8c6ea23b" testName="Test1BioGuard.UnitTest.DispositivoServiceTests.HeartbeatAsync_DispositivoExiste_RetornaTrue" computerName="CAISSA" duration="00:00:00.6724699" startTime="2026-08-07T06:10:30.2561391-06:00" endTime="2026-08-07T06:10:30.8911682-06:00" testType="13cdc9d9-ddb5-4fa4-a97d-d965ccfc6d4b" outcome="Passed" testListId="8c84fa94-04c1-424b-9868-57a2d4851a1d" relativeResultsDirectory="3ca7ab07-eda4-4774-bd90-0b2d99f45965" />
    <UnitTestResult executionId="da4a9cec-3dad-4b22-8924-7445e0f72574" testId="1f75ab18-9c4b-61c4-042a-34e5052b859e" testName="Test1BioGuard.SecurityTests.AuthorizationSecurityTests.NivelAcceso_CuidadorSoloAlertasNoPuedeExportarPDF_Retorna403" computerName="CAISSA" duration="00:00:00.0293205" startTime="2026-08-07T06:10:36.5244750-06:00" endTime="2026-08-07T06:10:36.5538709-06:00" testType="13cdc9d9-ddb5-4fa4-a97d-d965ccfc6d4b" outcome="Passed" testListId="8c84fa94-04c1-424b-9868-57a2d4851a1d" relativeResultsDirectory="da4a9cec-3dad-4b22-8924-7445e0f72574" />
    <UnitTestResult executionId="3317e712-9561-4fe5-b2e6-13467fae3d0c" testId="76e64b3e-b1b3-0018-c232-9349f7aff8ab" testName="Test1BioGuard.UnitTest.MedicamentoServiceTests.ObtenerPorIdAsync_MedicamentoNoExiste_RetornaNull" computerName="CAISSA" duration="00:00:00.0076642" startTime="2026-08-07T06:10:30.9664055-06:00" endTime="2026-08-07T06:10:30.9729341-06:00" testType="13cdc9d9-ddb5-4fa4-a97d-d965ccfc6d4b" outcome="Passed" testListId="8c84fa94-04c1-424b-9868-57a2d4851a1d" relativeResultsDirectory="3317e712-9561-4fe5-b2e6-13467fae3d0c" />
    <UnitTestResult executionId="5f6878d1-d91c-4564-86fa-5fec68675717" testId="9fcdbd27-9804-7bb9-91c9-a2a491cb8581" testName="Test1BioGuard.IntegrationTests.SensoresIntegrationTests.RecibirLectura_SinToken_Retorna401" computerName="CAISSA" duration="00:00:00.0145863" startTime="2026-08-07T06:10:36.9251064-06:00" endTime="2026-08-07T06:10:36.9385863-06:00" testType="13cdc9d9-ddb5-4fa4-a97d-d965ccfc6d4b" outcome="Passed" testListId="8c84fa94-04c1-424b-9868-57a2d4851a1d" relativeResultsDirectory="5f6878d1-d91c-4564-86fa-5fec68675717" />
    <UnitTestResult executionId="f3c85e37-3e20-43b8-a993-69e8532c87d7" testId="d477de19-d0cd-39a0-4120-e88f112d566c" testName="Test1BioGuard.IntegrationTests.MLIntegrationTests.Diagnosticar_SinToken_Retorna401" computerName="CAISSA" duration="00:00:00.0428413" startTime="2026-08-07T06:10:33.4019425-06:00" endTime="2026-08-07T06:10:33.4474450-06:00" testType="13cdc9d9-ddb5-4fa4-a97d-d965ccfc6d4b" outcome="Passed" testListId="8c84fa94-04c1-424b-9868-57a2d4851a1d" relativeResultsDirectory="f3c85e37-3e20-43b8-a993-69e8532c87d7" />
    <UnitTestResult executionId="2b738215-8b16-456a-b8d6-1e529902dab1" testId="da201fe3-3309-7432-7b7f-39ac063b322e" testName="Test1BioGuard.IntegrationTests.ReportesIntegrationTests.Resumen_SinToken_Retorna401" computerName="CAISSA" duration="00:00:00.0129985" startTime="2026-08-07T06:10:35.7022803-06:00" endTime="2026-08-07T06:10:35.7181646-06:00" testType="13cdc9d9-ddb5-4fa4-a97d-d965ccfc6d4b" outcome="Passed" testListId="8c84fa94-04c1-424b-9868-57a2d4851a1d" relativeResultsDirectory="2b738215-8b16-456a-b8d6-1e529902dab1" />
    <UnitTestResult executionId="a2e7c6f0-e9a0-4406-91e6-7d976c8c0b77" testId="d57fedcb-5d61-e4b5-c822-1ef7360a55a7" testName="Test1BioGuard.SecurityTests.AuthorizationSecurityTests.AuthZ_Planes_PacienteNoPuedeEliminar_Retorna403" computerName="CAISSA" duration="00:00:00.0489866" startTime="2026-08-07T06:10:34.1576877-06:00" endTime="2026-08-07T06:10:34.2184930-06:00" testType="13cdc9d9-ddb5-4fa4-a97d-d965ccfc6d4b" outcome="Passed" testListId="8c84fa94-04c1-424b-9868-57a2d4851a1d" relativeResultsDirectory="a2e7c6f0-e9a0-4406-91e6-7d976c8c0b77" />
    <UnitTestResult executionId="b47e413d-7a0c-40e4-b4e8-f9d0a10573e3" testId="5911c347-c680-f8c1-906f-e7463ca57281" testName="Test1BioGuard.IntegrationTests.SensoresIntegrationTests.Estadisticas_PacienteConDatos_Retorna200" computerName="CAISSA" duration="00:00:00.0150232" startTime="2026-08-07T06:10:36.9082998-06:00" endTime="2026-08-07T06:10:36.9230586-06:00" testType="13cdc9d9-ddb5-4fa4-a97d-d965ccfc6d4b" outcome="Passed" testListId="8c84fa94-04c1-424b-9868-57a2d4851a1d" relativeResultsDirectory="b47e413d-7a0c-40e4-b4e8-f9d0a10573e3" />
    <UnitTestResult executionId="7de22c14-1dfd-4f18-92a4-7225dce4f12a" testId="7b14e811-7553-439b-148f-b8b3ac692762" testName="Test1BioGuard.NonFunctionalTests.IaCTests.AppYaml_TieneHealthCheckConfigurado" computerName="CAISSA" duration="00:00:00.0033759" startTime="2026-08-07T06:10:34.2901878-06:00" endTime="2026-08-07T06:10:34.2928223-06:00" testType="13cdc9d9-ddb5-4fa4-a97d-d965ccfc6d4b" outcome="Passed" testListId="8c84fa94-04c1-424b-9868-57a2d4851a1d" relativeResultsDirectory="7de22c14-1dfd-4f18-92a4-7225dce4f12a" />
    <UnitTestResult executionId="6b72db2e-30fc-41d0-9331-51cdbadacba4" testId="7566b451-4d33-50a6-8de5-e3de76415e94" testName="Test1BioGuard.NonFunctionalTests.SmokeTests.LecturaInsert_DatosValidos_Retorna200ConLecturaId" computerName="CAISSA" duration="00:00:00.0708646" startTime="2026-08-07T06:10:36.1806696-06:00" endTime="2026-08-07T06:10:36.2466330-06:00" testType="13cdc9d9-ddb5-4fa4-a97d-d965ccfc6d4b" outcome="Passed" testListId="8c84fa94-04c1-424b-9868-57a2d4851a1d" relativeResultsDirectory="6b72db2e-30fc-41d0-9331-51cdbadacba4" />
    <UnitTestResult executionId="f4e5a6f3-2204-4564-beaa-388fba36b0f7" testId="af829f78-1cf1-2b82-6d23-1112105d80ad" testName="Test1BioGuard.SecurityTests.IDORSecurityTests.Notificaciones_ObtenerPorPaciente_OtroUsuario_Retorna403" computerName="CAISSA" duration="00:00:00.0873041" startTime="2026-08-07T06:10:33.4959708-06:00" endTime="2026-08-07T06:10:33.5713175-06:00" testType="13cdc9d9-ddb5-4fa4-a97d-d965ccfc6d4b" outcome="Passed" testListId="8c84fa94-04c1-424b-9868-57a2d4851a1d" relativeResultsDirectory="f4e5a6f3-2204-4564-beaa-388fba36b0f7" />
    <UnitTestResult executionId="65c30a03-5277-4a57-8bd7-5a2ec33d28fc" testId="aa6d67ab-f819-5cfb-4db4-e5bfe76d6b3e" testName="Test1BioGuard.SecurityTests.JwtSecurityTests.GenerateToken_PuedeSerDecodificado" computerName="CAISSA" duration="00:00:00.0053891" startTime="2026-08-07T06:10:33.2808686-06:00" endTime="2026-08-07T06:10:33.2834493-06:00" testType="13cdc9d9-ddb5-4fa4-a97d-d965ccfc6d4b" outcome="Passed" testListId="8c84fa94-04c1-424b-9868-57a2d4851a1d" relativeResultsDirectory="65c30a03-5277-4a57-8bd7-5a2ec33d28fc" />
    <UnitTestResult executionId="db9bd5a1-8d09-4ff8-a285-948ecfb520fd" testId="c38bf191-bdef-f6cd-b521-16909dcb62c4" testName="Test1BioGuard.SecurityTests.PasswordHasherTests.Verify_HashCorrupto_RetornaFalse" computerName="CAISSA" duration="00:00:00.0003354" startTime="2026-08-07T06:10:31.2777262-06:00" endTime="2026-08-07T06:10:31.2778814-06:00" testType="13cdc9d9-ddb5-4fa4-a97d-d965ccfc6d4b" outcome="Passed" testListId="8c84fa94-04c1-424b-9868-57a2d4851a1d" relativeResultsDirectory="db9bd5a1-8d09-4ff8-a285-948ecfb520fd" />
    <UnitTestResult executionId="07a03ede-1471-4995-b87c-f30bc25fbec0" testId="29b7f9f7-1774-6859-2cf7-53b0ad3b630f" testName="Test1BioGuard.IntegrationTests.NotificacionesIntegrationTests.MarcarLeida_NotificacionExiste_Retorna200" computerName="CAISSA" duration="00:00:00.0406889" startTime="2026-08-07T06:10:36.2830916-06:00" endTime="2026-08-07T06:10:36.3229438-06:00" testType="13cdc9d9-ddb5-4fa4-a97d-d965ccfc6d4b" outcome="Passed" testListId="8c84fa94-04c1-424b-9868-57a2d4851a1d" relativeResultsDirectory="07a03ede-1471-4995-b87c-f30bc25fbec0" />
    <UnitTestResult executionId="ad3af8e2-48d5-4c81-96cf-9ea8edaf8217" testId="27803c84-2c9e-204a-fcb2-0499200ec108" testName="Test1BioGuard.SecurityTests.AuthorizationSecurityTests.AuthZ_Planes_SinTokenEliminar_Retorna401" computerName="CAISSA" duration="00:00:00.0556073" startTime="2026-08-07T06:10:35.5058488-06:00" endTime="2026-08-07T06:10:35.5673062-06:00" testType="13cdc9d9-ddb5-4fa4-a97d-d965ccfc6d4b" outcome="Passed" testListId="8c84fa94-04c1-424b-9868-57a2d4851a1d" relativeResultsDirectory="ad3af8e2-48d5-4c81-96cf-9ea8edaf8217" />
    <UnitTestResult executionId="96221702-d4cd-44e8-a535-5bbd181c1464" testId="6b4281de-6489-33e3-2445-fe91226ca2a9" testName="Test1BioGuard.UnitTest.PacienteServiceTests.GetByCodigoAsync_CodigoValido_RetornaPaciente" computerName="CAISSA" duration="00:00:00.0066195" startTime="2026-08-07T06:10:35.9834851-06:00" endTime="2026-08-07T06:10:35.9882248-06:00" testType="13cdc9d9-ddb5-4fa4-a97d-d965ccfc6d4b" outcome="Passed" testListId="8c84fa94-04c1-424b-9868-57a2d4851a1d" relativeResultsDirectory="96221702-d4cd-44e8-a535-5bbd181c1464" />
    <UnitTestResult executionId="2283e1e5-dfac-4b37-9dc9-34b2582d42f1" testId="595176a2-b01e-71a4-68ad-7f7f2cce3849" testName="Test1BioGuard.NonFunctionalTests.SmokeTests.LoginWeb_CredencialesValidas_Retorna200ConToken" computerName="CAISSA" duration="00:00:00.7812407" startTime="2026-08-07T06:10:35.3959967-06:00" endTime="2026-08-07T06:10:36.1790254-06:00" testType="13cdc9d9-ddb5-4fa4-a97d-d965ccfc6d4b" outcome="Passed" testListId="8c84fa94-04c1-424b-9868-57a2d4851a1d" relativeResultsDirectory="2283e1e5-dfac-4b37-9dc9-34b2582d42f1" />
    <UnitTestResult executionId="069a07e3-f1d9-445a-adc6-79757ce790a4" testId="cca5f92f-f869-8751-69b4-66e1f6d58861" testName="Test1BioGuard.IntegrationTests.SensoresIntegrationTests.ResumenEventos_SinToken_Retorna401" computerName="CAISSA" duration="00:00:00.0214508" startTime="2026-08-07T06:10:36.4045016-06:00" endTime="2026-08-07T06:10:36.4238321-06:00" testType="13cdc9d9-ddb5-4fa4-a97d-d965ccfc6d4b" outcome="Passed" testListId="8c84fa94-04c1-424b-9868-57a2d4851a1d" relativeResultsDirectory="069a07e3-f1d9-445a-adc6-79757ce790a4" />
    <UnitTestResult executionId="b3223b44-35fd-438a-8e28-421d789712f3" testId="9890cd18-ebc1-7eda-ab86-69de0dc94df0" testName="Test1BioGuard.UnitTest.MedicamentoServiceTests.ObtenerPorIdAsync_MedicamentoExiste_RetornaMedicamento" computerName="CAISSA" duration="00:00:00.0064940" startTime="2026-08-07T06:10:31.0157027-06:00" endTime="2026-08-07T06:10:31.0200128-06:00" testType="13cdc9d9-ddb5-4fa4-a97d-d965ccfc6d4b" outcome="Passed" testListId="8c84fa94-04c1-424b-9868-57a2d4851a1d" relativeResultsDirectory="b3223b44-35fd-438a-8e28-421d789712f3" />
    <UnitTestResult executionId="ffa63cf4-034e-488f-9283-bc1e9547c364" testId="41b87c58-da16-364d-38d3-ab5f162c438c" testName="Test1BioGuard.IntegrationTests.ReportesIntegrationTests.Compartir_DatosValidos_Retorna200" computerName="CAISSA" duration="00:00:00.0689876" startTime="2026-08-07T06:10:35.9162236-06:00" endTime="2026-08-07T06:10:35.9755807-06:00" testType="13cdc9d9-ddb5-4fa4-a97d-d965ccfc6d4b" outcome="Passed" testListId="8c84fa94-04c1-424b-9868-57a2d4851a1d" relativeResultsDirectory="ffa63cf4-034e-488f-9283-bc1e9547c364" />
    <UnitTestResult executionId="4b51e3cd-aca5-468b-be12-dde13be60924" testId="4fe96491-d296-e6fc-05cd-8338b63fee72" testName="Test1BioGuard.SecurityTests.RefreshTokenTests.GenerateRefreshToken_CadaLlamadaEsUnica" computerName="CAISSA" duration="00:00:00.0005672" startTime="2026-08-07T06:10:33.3004393-06:00" endTime="2026-08-07T06:10:33.3005948-06:00" testType="13cdc9d9-ddb5-4fa4-a97d-d965ccfc6d4b" outcome="Passed" testListId="8c84fa94-04c1-424b-9868-57a2d4851a1d" relativeResultsDirectory="4b51e3cd-aca5-468b-be12-dde13be60924" />
    <UnitTestResult executionId="fc64683d-c4f0-40ab-951a-e785666fa466" testId="2306169b-d6f1-5475-f252-59f01cb0226a" testName="Test1BioGuard.IntegrationTests.AlertasIntegrationTests.ObtenerPendientes_ConPendientes_Retorna200" computerName="CAISSA" duration="00:00:02.9763472" startTime="2026-08-07T06:10:30.2562413-06:00" endTime="2026-08-07T06:10:33.2225826-06:00" testType="13cdc9d9-ddb5-4fa4-a97d-d965ccfc6d4b" outcome="Passed" testListId="8c84fa94-04c1-424b-9868-57a2d4851a1d" relativeResultsDirectory="fc64683d-c4f0-40ab-951a-e785666fa466" />
    <UnitTestResult executionId="07cde948-bd36-47c8-8694-203d0f8244db" testId="c9ef08a0-bedc-3cd2-d2e3-699bd7daa6eb" testName="Test1BioGuard.IntegrationTests.AuthIntegrationTests.Verificar2FA_CodigoInvalido_Retorna400" computerName="CAISSA" duration="00:00:00.0539550" startTime="2026-08-07T06:10:35.8599422-06:00" endTime="2026-08-07T06:10:35.8801719-06:00" testType="13cdc9d9-ddb5-4fa4-a97d-d965ccfc6d4b" outcome="Passed" testListId="8c84fa94-04c1-424b-9868-57a2d4851a1d" relativeResultsDirectory="07cde948-bd36-47c8-8694-203d0f8244db" />
[...]
warn: BioGuard.Api.Services.UsuariosWebService[0]&#xD;
      Profile photo upload failed at ImgBB for user: dueno_test&#xD;
info: BioGuard.Api.Controllers.PagosController[0]&#xD;
      Creating payment session for user user123, plan Inexistente, procesador stripe&#xD;
warn: BioGuard.Api.Controllers.UsuariosWebController[0]&#xD;
      Photo upload failed for user dueno_test, role dueno&#xD;
warn: BioGuard.Api.Controllers.PagosController[0]&#xD;
      Invalid plan Inexistente for payment session by user user123&#xD;
warn: BioGuard.Api.Services.FCMService[0]&#xD;
      Firebase credentials not configured. FCM disabled.&#xD;
info: BioGuard.Api.Controllers.AuthController[0]&#xD;
      2FA send attempt for email: t***@test.com&#xD;
info: BioGuard.Api.Services.AuthService[0]&#xD;
      2FA code sent to user: user123&#xD;
info: BioGuard.Api.Controllers.AuthController[0]&#xD;
      2FA code request processed for email: t***@test.com&#xD;
warn: Microsoft.AspNetCore.HttpsPolicy.HttpsRedirectionMiddleware[3]&#xD;
      Failed to determine the https port for redirect.&#xD;
info: BioGuard.Api.Controllers.NotificacionesController[0]&#xD;
      Listing notifications for patient 123456789012345678901234&#xD;
info: BioGuard.Api.Services.NotificacionService[0]&#xD;
      Obteniendo notificaciones para paciente 123456789012345678901234&#xD;
info: BioGuard.Api.Controllers.SensoresController[0]&#xD;
      Receiving sensor reading for paciente: smoke_paciente_123&#xD;
info: BioGuard.Api.Services.SensorService[0]&#xD;
      Sensor reading inserted for patient: smoke_paciente_123&#xD;
fail: BioGuard.Api.Services.SensorService[0]&#xD;
      Error calculating IRME for patient smoke_paciente_123&#xD;
      System.NullReferenceException: Object reference not set to an instance of an object.&#xD;
         at BioGuard.Api.Services.RiesgoMetabolicoService.GetOrCreateBaselineAsync(String pacienteId) in C:\Users\alexi\OneDrive\Pictures\POKEMON\EDEL2.0\Backend-BioGuard-master\BioGuard.Api\Services\RiesgoMetabolicoService.cs:line 202&#xD;
         at BioGuard.Api.Services.RiesgoMetabolicoService.CalculateAsync(String pacienteId, LecturaSensor lectura, Boolean isSleepTime) in C:\Users\alexi\OneDrive\Pictures\POKEMON\EDEL2.0\Backend-BioGuard-master\BioGuard.Api\Services\RiesgoMetabolicoService.cs:line 37&#xD;
         at BioGuard.Api.Services.SensorService.InsertarLecturaAsync(String pacienteId, String dispositivoMac, Int32 pulsoBpm, Double temperaturaC, Double sudoracionGsr, Nullable`1 hrv, Nullable`1 spo2, Nullable`1 timestamp, Int32 diasHistorial, Boolean bypassRateLimit, Nullable`1 esSimulado) in C:\Users\alexi\OneDrive\Pictures\POKEMON\EDEL2.0\Backend-BioGuard-master\BioGuard.Api\Services\SensorService.cs:line 151&#xD;
info: BioGuard.Api.Services.AuditoriaService[0]&#xD;
      Registrando auditor�a: insertar_lectura en lecturas_sensores, registro &#xD;
warn: BioGuard.Api.Services.FCMService[0]&#xD;
      Firebase credentials not configured. FCM disabled.&#xD;
info: BioGuard.Api.Controllers.AuthController[0]&#xD;
      Register attempt for email: j***@test.com&#xD;
warn: BioGuard.Api.Services.AuthService[0]&#xD;
      Registration attempt with existing email: j***@test.com&#xD;
warn: BioGuard.Api.Controllers.AuthController[0]&#xD;
      Register failed for email: j***@test.com - email exists or invalid plan&#xD;
warn: BioGuard.Api.Services.FCMService[0]&#xD;
      Firebase credentials not configured. FCM disabled.&#xD;
info: BioGuard.Api.Controllers.SensoresController[0]&#xD;
      Fetching readings range for paciente: 123456789012345678901234 from 01/01/2024 00:00:00 to 12/31/2024 23:59:59&#xD;
info: BioGuard.Api.Controllers.AdminController[0]&#xD;
      Admin admin pausing user u1, pausar: True&#xD;
warn: BioGuard.Api.Services.FCMService[0]&#xD;
      Firebase credentials not configured. FCM disabled.&#xD;
info: BioGuard.Api.Services.UsuariosWebService[0]&#xD;
      Email changed for user: user123&#xD;
info: BioGuard.Api.Controllers.MedicamentosController[0]&#xD;
      Fetching medications for paciente: 111111111111111111111111&#xD;
warn: BioGuard.Api.Services.FCMService[0]&#xD;
      Firebase credentials not configured. FCM disabled.&#xD;
info: BioGuard.Api.Controllers.NotificacionesController[0]&#xD;
      Marking notification not1 as read&#xD;
info: BioGuard.Api.Services.NotificacionService[0]&#xD;
      Marcando notificaci�n como le�da: not1&#xD;
info: BioGuard.Api.Controllers.AuthController[0]&#xD;
      Web login attempt for email: j***@test.com&#xD;
info: BioGuard.Api.Controllers.UsuariosWebController[0]&#xD;
      Getting plan for user user123&#xD;
info: BioGuard.Api.Controllers.NotificacionesController[0]&#xD;
      Listing notifications for user user123&#xD;
info: BioGuard.Api.Services.NotificacionService[0]&#xD;
      Obteniendo notificaciones para usuario user123&#xD;
warn: BioGuard.Api.Services.FCMService[0]&#xD;
      Firebase credentials not configured. FCM disabled.&#xD;
info: BioGuard.Api.Controllers.UsuariosWebController[0]&#xD;
      Looking up user by email: inexistente@test.com&#xD;
info: BioGuard.Api.Controllers.SensoresController[0]&#xD;
      Creating metabolic event for paciente: 123456789012345678901234, risk: Critico&#xD;
info: BioGuard.Api.Services.SensorService[0]&#xD;
      Metabolic event created for patient: 123456789012345678901234&#xD;
info: BioGuard.Api.Services.AuditoriaService[0]&#xD;
      Registrando auditor�a: evento_metabolico en eventos_metabolicos, registro &#xD;
warn: BioGuard.Api.Controllers.MedicamentosController[0]&#xD;
      Ownership check failed fetching medications - user: 111111111111111111111111, paciente: 222222222222222222222222&#xD;
info: BioGuard.Api.Controllers.NotificacionesController[0]&#xD;
      Listing notifications for user user123&#xD;
info: BioGuard.Api.Services.NotificacionService[0]&#xD;
      Obteniendo notificaciones para usuario user123&#xD;
info: BioGuard.Api.Controllers.UsuariosWebController[0]&#xD;
      Changing plan to PlanInexistente for user user123&#xD;
warn: BioGuard.Api.Services.UsuariosWebService[0]&#xD;
      Plan change failed: plan not found: PlanInexistente&#xD;
warn: BioGuard.Api.Controllers.UsuariosWebController[0]&#xD;
      Plan change failed for user user123, invalid plan PlanInexistente&#xD;
info: BioGuard.Api.Controllers.AlertasController[0]&#xD;
      Fetching alerts for paciente: 222222222222222222222222, limit: 50&#xD;
warn: Microsoft.AspNetCore.Routing.EndpointRoutingMiddleware[9]&#xD;
      A request body size limit could not be applied. This server does not support the IHttpMaxRequestBodySizeFeature.&#xD;
info: BioGuard.Api.Controllers.AuthController[0]&#xD;
      Web login attempt for email: t***@test.com&#xD;
info: BioGuard.Api.Services.AuthService[0]&#xD;
      Refresh token created for user: user_new&#xD;
info: BioGuard.Api.Services.AuthService[0]&#xD;
      User logged in successfully: user_new&#xD;
info: BioGuard.Api.Controllers.AuthController[0]&#xD;
      Web login successful for email: j***@test.com&#xD;
info: BioGuard.Api.Services.AuditoriaService[0]&#xD;
      Registrando auditor�a: login en usuarios_web, registro user_new&#xD;
info: BioGuard.Api.Controllers.AlertasController[0]&#xD;
      Creating alert for paciente: pac123, type: glucosa, level: critico&#xD;
warn: BioGuard.Api.Services.FCMService[0]&#xD;
      Firebase credentials not configured. FCM disabled.&#xD;
info: BioGuard.Api.Controllers.UsuariosWebController[0]&#xD;
      Getting profile for user user_new&#xD;
warn: BioGuard.Api.Services.FCMService[0]&#xD;
      Firebase credentials not configured. FCM disabled.&#xD;
info: BioGuard.Api.Controllers.AlertasController[0]&#xD;
      Creating alert for paciente: pac123, type: glucosa, level: critico&#xD;
info: BioGuard.Api.Controllers.SensoresController[0]&#xD;
      Fetching statistics for paciente: 123456789012345678901234&#xD;
warn: BioGuard.Api.Controllers.SensoresController[0]&#xD;
      No sensor data found for paciente: 123456789012345678901234&#xD;
info: BioGuard.Api.Controllers.AlertasController[0]&#xD;
      Creating alert for paciente: pac123, type: glucosa, level: &#xD;
warn: BioGuard.Api.Services.FCMService[0]&#xD;
      Firebase credentials not configured. FCM disabled.&#xD;
warn: Microsoft.AspNetCore.Routing.EndpointRoutingMiddleware[9]&#xD;
      A request body size limit could not be applied. This server does not support the IHttpMaxRequestBodySizeFeature.&#xD;
info: BioGuard.Api.Controllers.UsuariosWebController[0]&#xD;
      Updating profile for user user_new&#xD;
info: BioGuard.Api.Services.UsuariosWebService[0]&#xD;
      Profile updated: user_new&#xD;
warn: Microsoft.AspNetCore.Mvc.Filters.RequestSizeLimitFilter[1]&#xD;
      A request body size limit could not be applied. This server does not support the IHttpRequestBodySizeFeature.&#xD;
warn: BioGuard.Api.Services.FCMService[0]&#xD;
      Firebase credentials not configured. FCM disabled.&#xD;
warn: BioGuard.Api.Services.FCMService[0]&#xD;
      Firebase credentials not configured. FCM disabled.&#xD;
info: BioGuard.Api.Controllers.PacientesController[0]&#xD;
      Creating paciente for user: user_new, name: Ana Perez&#xD;
info: BioGuard.Api.Services.PacienteService[0]&#xD;
      Patient created: pac_flujo1 for user: user_new&#xD;
info: BioGuard.Api.Controllers.PacientesController[0]&#xD;
      Paciente created successfully for user: user_new&#xD;
info: BioGuard.Api.Services.AuditoriaService[0]&#xD;
      Registrando auditor�a: crear en pacientes, registro 74VRCBFL&#xD;
info: BioGuard.Api.Controllers.SensoresController[0]&#xD;
      Inserting GPS batch of 2 records for paciente: 123456789012345678901234&#xD;
info: BioGuard.Api.Services.SensorService[0]&#xD;
      GPS tracking inserted for patient: 123456789012345678901234, emergency: False&#xD;
info: BioGuard.Api.Services.SensorService[0]&#xD;
      GPS tracking inserted for patient: 123456789012345678901234, emergency: True&#xD;
warn: BioGuard.Api.Services.FCMService[0]&#xD;
      Firebase credentials not configured. FCM disabled.&#xD;
info: BioGuard.Api.Controllers.PacientesController[0]&#xD;
      Updating biometria for paciente: pac_flujo1&#xD;
info: BioGuard.Api.Services.PacienteService[0]&#xD;
      Biometrics updated for patient: pac_flujo1&#xD;
info: BioGuard.Api.Controllers.PacientesController[0]&#xD;
      Biometria updated for paciente: pac_flujo1&#xD;
warn: BioGuard.Api.Services.FCMService[0]&#xD;
      Firebase credentials not configured. FCM disabled.&#xD;
info: BioGuard.Api.Controllers.PacientesController[0]&#xD;
      Listing patients for user: user_new&#xD;
warn: BioGuard.Api.Services.FCMService[0]&#xD;
      Firebase credentials not configured. FCM disabled.&#xD;
warn: BioGuard.Api.Services.FCMService[0]&#xD;
      Firebase credentials not configured. FCM disabled.&#xD;
info: BioGuard.Api.Controllers.SensoresController[0]&#xD;
      Inserting GPS tracking for paciente: 123456789012345678901234, emergency: False&#xD;
info: BioGuard.Api.Services.SensorService[0]&#xD;
      GPS tracking inserted for patient: 123456789012345678901234, emergency: False&#xD;
info: BioGuard.Api.Controllers.SensoresController[0]&#xD;
      Receiving sensor reading for paciente: pac_flujo1&#xD;
info: BioGuard.Api.Services.SensorService[0]&#xD;
      Sensor reading inserted for patient: pac_flujo1&#xD;
fail: BioGuard.Api.Services.SensorService[0]&#xD;
      Error calculating IRME for patient pac_flujo1&#xD;
      System.NullReferenceException: Object reference not set to an instance of an object.&#xD;
         at BioGuard.Api.Services.RiesgoMetabolicoService.CalcularHistorialPersonalAsync(String pacienteId, LecturaSensor lecturaActual) in C:\Users\alexi\OneDrive\Pictures\POKEMON\EDEL2.0\Backend-BioGuard-master\BioGuard.Api\Services\RiesgoMetabolicoService.cs:line 161&#xD;
         at BioGuard.Api.Services.RiesgoMetabolicoService.CalculateComponentsAsync(String pacienteId, LecturaSensor lectura, PacienteBaseline baseline, Boolean isSleepTime) in C:\Users\alexi\OneDrive\Pictures\POKEMON\EDEL2.0\Backend-BioGuard-master\BioGuard.Api\Services\RiesgoMetabolicoService.cs:line 83&#xD;
         at BioGuard.Api.Services.RiesgoMetabolicoService.CalculateAsync(String pacienteId, LecturaSensor lectura, Boolean isSleepTime) in C:\Users\alexi\OneDrive\Pictures\POKEMON\EDEL2.0\Backend-BioGuard-master\BioGuard.Api\Services\RiesgoMetabolicoService.cs:line 38&#xD;
         at BioGuard.Api.Services.SensorService.InsertarLecturaAsync(String pacienteId, String dispositivoMac, Int32 pulsoBpm, Double temperaturaC, Double sudoracionGsr, Nullable`1 hrv, Nullable`1 spo2, Nullable`1 timestamp, Int32 diasHistorial, Boolean bypassRateLimit, Nullable`1 esSimulado) in C:\Users\alexi\OneDrive\Pictures\POKEMON\EDEL2.0\Backend-BioGuard-master\BioGuard.Api\Services\SensorService.cs:line 151&#xD;
info: BioGuard.Api.Services.AuditoriaService[0]&#xD;
      Registrando auditor�a: insertar_lectura en lecturas_sensores, registro &#xD;
warn: BioGuard.Api.Services.FCMService[0]&#xD;
      Firebase credentials not configured. FCM disabled.&#xD;
info: BioGuard.Api.Controllers.SensoresController[0]&#xD;
      Fetching statistics for paciente: pac_flujo1&#xD;
info: BioGuard.Api.Services.AuthService[0]&#xD;
      Refresh token created for user: user123&#xD;
info: BioGuard.Api.Services.AuthService[0]&#xD;
      User logged in successfully: user123&#xD;
info: BioGuard.Api.Controllers.AuthController[0]&#xD;
      Web login successful for email: t***@test.com&#xD;
info: BioGuard.Api.Services.AuditoriaService[0]&#xD;
      Registrando auditor�a: login en usuarios_web, registro user123&#xD;
warn: BioGuard.Api.Services.FCMService[0]&#xD;
      Firebase credentials not configured. FCM disabled.&#xD;
info: BioGuard.Api.Controllers.SensoresController[0]&#xD;
      Receiving sensor reading for paciente: 123456789012345678901234&#xD;
info: BioGuard.Api.Services.SensorService[0]&#xD;
      Sensor reading inserted for patient: 123456789012345678901234&#xD;
fail: BioGuard.Api.Services.SensorService[0]&#xD;
      Error calculating IRME for patient 123456789012345678901234&#xD;
      System.NullReferenceException: Object reference not set to an instance of an object.&#xD;
         at BioGuard.Api.Services.RiesgoMetabolicoService.CalcularHistorialPersonalAsync(String pacienteId, LecturaSensor lecturaActual) in C:\Users\alexi\OneDrive\Pictures\POKEMON\EDEL2.0\Backend-BioGuard-master\BioGuard.Api\Services\RiesgoMetabolicoService.cs:line 161&#xD;
         at BioGuard.Api.Services.RiesgoMetabolicoService.CalculateComponentsAsync(String pacienteId, LecturaSensor lectura, PacienteBaseline baseline, Boolean isSleepTime) in C:\Users\alexi\OneDrive\Pictures\POKEMON\EDEL2.0\Backend-BioGuard-master\BioGuard.Api\Services\RiesgoMetabolicoService.cs:line 83&#xD;
         at BioGuard.Api.Services.RiesgoMetabolicoService.CalculateAsync(String pacienteId, LecturaSensor lectura, Boolean isSleepTime) in C:\Users\alexi\OneDrive\Pictures\POKEMON\EDEL2.0\Backend-BioGuard-master\BioGuard.Api\Services\RiesgoMetabolicoService.cs:line 38&#xD;
         at BioGuard.Api.Services.SensorService.InsertarLecturaAsync(String pacienteId, String dispositivoMac, Int32 pulsoBpm, Double temperaturaC, Double sudoracionGsr, Nullable`1 hrv, Nullable`1 spo2, Nullable`1 timestamp, Int32 diasHistorial, Boolean bypassRateLimit, Nullable`1 esSimulado) in C:\Users\alexi\OneDrive\Pictures\POKEMON\EDEL2.0\Backend-BioGuard-master\BioGuard.Api\Services\SensorService.cs:line 151&#xD;
info: BioGuard.Api.Services.AuditoriaService[0]&#xD;
      Registrando auditor�a: insertar_lectura en lecturas_sensores, registro &#xD;
info: BioGuard.Api.Controllers.AuthController[0]&#xD;
      Login by codigo attempt: 861d23c0c19a&#xD;
warn: BioGuard.Api.Services.AuthService[0]&#xD;
      Login by code failed: code not found&#xD;
warn: BioGuard.Api.Controllers.AuthController[0]&#xD;
      Login by codigo failed: 861d23c0c19a&#xD;
warn: Microsoft.AspNetCore.Routing.EndpointRoutingMiddleware[9]&#xD;
      A request body size limit could not be applied. This server does not support the IHttpMaxRequestBodySizeFeature.&#xD;
warn: BioGuard.Api.Services.FCMService[0]&#xD;
      Firebase credentials not configured. FCM disabled.&#xD;
info: BioGuard.Api.Controllers.SensoresController[0]&#xD;
      Fetching GPS route for paciente: 123456789012345678901234 from 01/01/2024 00:00:00 to 12/31/2024 23:59:59&#xD;
warn: BioGuard.Api.Services.FCMService[0]&#xD;
      Firebase credentials not configured. FCM disabled.&#xD;
info: BioGuard.Api.Controllers.SensoresController[0]&#xD;
      Fetching current GPS location for paciente: 123456789012345678901234&#xD;
warn: BioGuard.Api.Controllers.SensoresController[0]&#xD;
      No GPS location found for paciente: 123456789012345678901234&#xD;
warn: BioGuard.Api.Services.FCMService[0]&#xD;
      Firebase credentials not configured. FCM disabled.&#xD;
info: BioGuard.Api.Controllers.SensoresController[0]&#xD;
      Fetching trend for paciente: 123456789012345678901234, period: diario&#xD;
info: BioGuard.Api.Controllers.AuthController[0]&#xD;
      Password change attempt for user: user123&#xD;
warn: BioGuard.Api.Services.FCMService[0]&#xD;
      Firebase credentials not configured. FCM disabled.&#xD;
info: BioGuard.Api.Controllers.SensoresController[0]&#xD;
      Fetching 100 readings for paciente: 123456789012345678901234&#xD;
warn: BioGuard.Api.Services.FCMService[0]&#xD;
      Firebase credentials not configured. FCM disabled.&#xD;
info: BioGuard.Api.Controllers.SensoresController[0]&#xD;
      Fetching event summary for paciente: 123456789012345678901234&#xD;
warn: BioGuard.Api.Services.FCMService[0]&#xD;
      Firebase credentials not configured. FCM disabled.&#xD;
info: BioGuard.Api.Controllers.SensoresController[0]&#xD;
      Fetching 50 events for paciente: 123456789012345678901234&#xD;
warn: BioGuard.Api.Services.FCMService[0]&#xD;
      Firebase credentials not configured. FCM disabled.&#xD;
info: BioGuard.Api.Controllers.SensoresController[0]&#xD;
      Fetching statistics for paciente: 123456789012345678901234&#xD;
warn: BioGuard.Api.Services.FCMService[0]&#xD;
      Firebase credentials not configured. FCM disabled.&#xD;
info: BioGuard.Api.Controllers.SensoresController[0]&#xD;
      Exporting PDF for paciente: 123456789012345678901234&#xD;
info: BioGuard.Api.Services.AuthService[0]&#xD;
      Password changed successfully for user: user123&#xD;
warn: BioGuard.Api.Services.AuthService[0]&#xD;
      All refresh tokens revoked for user: user123&#xD;
info: BioGuard.Api.Controllers.AuthController[0]&#xD;
      Password changed successfully for user: user123&#xD;
info: BioGuard.Api.Services.AuditoriaService[0]&#xD;
      Registrando auditor�a: cambiar_password en usuarios_web, registro user123&#xD;
info: BioGuard.Api.Controllers.AuthController[0]&#xD;
      Password reset attempt&#xD;
info: BioGuard.Api.Services.AuthService[0]&#xD;
      Password reset successfully for user: user123&#xD;
warn: BioGuard.Api.Services.AuthService[0]&#xD;
      All refresh tokens revoked for user: user123&#xD;
info: BioGuard.Api.Controllers.AuthController[0]&#xD;
      Password reset successful&#xD;
warn: BioGuard.Api.Services.FCMService[0]&#xD;
      Firebase credentials not configured. FCM disabled.&#xD;
info: BioGuard.Api.Controllers.SensoresController[0]&#xD;
      Marking event as attended: evt1234567890123456789, cuidador: cuidador1&#xD;
info: BioGuard.Api.Services.SensorService[0]&#xD;
      Event attended: evt1234567890123456789 by caregiver: cuidador1&#xD;
[xUnit.net 00:00:09.62]   Finished:    Test1BioGuard&#xD;
</StdOut>
    </Output>
    <CollectorDataEntries>
      <Collector agentName="CAISSA" uri="datacollector://microsoft/CoverletCodeCoverage/1.0" collectorDisplayName="XPlat code coverage">
        <UriAttachments>
          <UriAttachment>
            <A href="CAISSA\coverage.cobertura.xml"></A>
          </UriAttachment>
        </UriAttachments>
      </Collector>
    </CollectorDataEntries>
  </ResultSummary>
</TestRun>